CRITICAL - 2022-04-25 06:00:05 --> require_once(vendor/autoload.php): Failed to open stream: No such file or directory
#0 D:\Pemrograman\Website\project-one\app\Controllers\Useraccountapi.php(20): CodeIgniter\Debug\Exceptions->errorHandler()
#1 D:\Pemrograman\Website\project-one\app\Controllers\Useraccountapi.php(20): require_once()
#2 D:\Pemrograman\Website\project-one\system\CodeIgniter.php(832): App\Controllers\Useraccountapi->tokenSignIn()
#3 D:\Pemrograman\Website\project-one\system\CodeIgniter.php(419): CodeIgniter\CodeIgniter->runController()
#4 D:\Pemrograman\Website\project-one\system\CodeIgniter.php(326): CodeIgniter\CodeIgniter->handleRequest()
#5 D:\Pemrograman\Website\project-one\public\index.php(37): CodeIgniter\CodeIgniter->run()
#6 D:\Pemrograman\Website\project-one\system\Commands\Server\rewrite.php(43): require_once('...')
#7 {main}
CRITICAL - 2022-04-25 06:00:09 --> syntax error, unexpected character 0x00, expecting end of file
#0 D:\Pemrograman\Website\project-one\system\Autoloader\Autoloader.php(241): CodeIgniter\Autoloader\Autoloader->includeFile()
#1 D:\Pemrograman\Website\project-one\system\Autoloader\Autoloader.php(219): CodeIgniter\Autoloader\Autoloader->loadInNamespace()
#2 [internal function]: CodeIgniter\Autoloader\Autoloader->loadClass()
#3 D:\Pemrograman\Website\project-one\system\Database\MySQLi\Result.php(144): is_subclass_of()
#4 D:\Pemrograman\Website\project-one\system\Database\BaseResult.php(149): CodeIgniter\Database\MySQLi\Result->fetchObject()
#5 D:\Pemrograman\Website\project-one\system\Database\BaseResult.php(106): CodeIgniter\Database\BaseResult->getCustomResultObject()
#6 D:\Pemrograman\Website\project-one\system\Database\BaseResult.php(377): CodeIgniter\Database\BaseResult->getResult()
#7 D:\Pemrograman\Website\project-one\system\Model.php(210): CodeIgniter\Database\BaseResult->getFirstRow()
#8 D:\Pemrograman\Website\project-one\system\BaseModel.php(622): CodeIgniter\Model->doFirst()
#9 D:\Pemrograman\Website\project-one\app\Controllers\Useraccountapi.php(55): CodeIgniter\BaseModel->first()
#10 D:\Pemrograman\Website\project-one\system\CodeIgniter.php(832): App\Controllers\Useraccountapi->signIn()
#11 D:\Pemrograman\Website\project-one\system\CodeIgniter.php(419): CodeIgniter\CodeIgniter->runController()
#12 D:\Pemrograman\Website\project-one\system\CodeIgniter.php(326): CodeIgniter\CodeIgniter->handleRequest()
#13 D:\Pemrograman\Website\project-one\public\index.php(37): CodeIgniter\CodeIgniter->run()
#14 D:\Pemrograman\Website\project-one\system\Commands\Server\rewrite.php(43): require_once('...')
#15 {main}
CRITICAL - 2022-04-25 06:00:16 --> require_once(vendor/autoload.php): Failed to open stream: No such file or directory
#0 D:\Pemrograman\Website\project-one\app\Controllers\Useraccountapi.php(20): CodeIgniter\Debug\Exceptions->errorHandler()
#1 D:\Pemrograman\Website\project-one\app\Controllers\Useraccountapi.php(20): require_once()
#2 D:\Pemrograman\Website\project-one\system\CodeIgniter.php(832): App\Controllers\Useraccountapi->tokenSignIn()
#3 D:\Pemrograman\Website\project-one\system\CodeIgniter.php(419): CodeIgniter\CodeIgniter->runController()
#4 D:\Pemrograman\Website\project-one\system\CodeIgniter.php(326): CodeIgniter\CodeIgniter->handleRequest()
#5 D:\Pemrograman\Website\project-one\public\index.php(37): CodeIgniter\CodeIgniter->run()
#6 D:\Pemrograman\Website\project-one\system\Commands\Server\rewrite.php(43): require_once('...')
#7 {main}
CRITICAL - 2022-04-25 06:00:18 --> require_once(vendor/autoload.php): Failed to open stream: No such file or directory
#0 D:\Pemrograman\Website\project-one\app\Controllers\Useraccountapi.php(20): CodeIgniter\Debug\Exceptions->errorHandler()
#1 D:\Pemrograman\Website\project-one\app\Controllers\Useraccountapi.php(20): require_once()
#2 D:\Pemrograman\Website\project-one\system\CodeIgniter.php(832): App\Controllers\Useraccountapi->tokenSignIn()
#3 D:\Pemrograman\Website\project-one\system\CodeIgniter.php(419): CodeIgniter\CodeIgniter->runController()
#4 D:\Pemrograman\Website\project-one\system\CodeIgniter.php(326): CodeIgniter\CodeIgniter->handleRequest()
#5 D:\Pemrograman\Website\project-one\public\index.php(37): CodeIgniter\CodeIgniter->run()
#6 D:\Pemrograman\Website\project-one\system\Commands\Server\rewrite.php(43): require_once('...')
#7 {main}
CRITICAL - 2022-04-25 06:00:23 --> syntax error, unexpected character 0x00, expecting end of file
#0 D:\Pemrograman\Website\project-one\system\Autoloader\Autoloader.php(241): CodeIgniter\Autoloader\Autoloader->includeFile()
#1 D:\Pemrograman\Website\project-one\system\Autoloader\Autoloader.php(219): CodeIgniter\Autoloader\Autoloader->loadInNamespace()
#2 [internal function]: CodeIgniter\Autoloader\Autoloader->loadClass()
#3 D:\Pemrograman\Website\project-one\system\Database\MySQLi\Result.php(144): is_subclass_of()
#4 D:\Pemrograman\Website\project-one\system\Database\BaseResult.php(149): CodeIgniter\Database\MySQLi\Result->fetchObject()
#5 D:\Pemrograman\Website\project-one\system\Database\BaseResult.php(106): CodeIgniter\Database\BaseResult->getCustomResultObject()
#6 D:\Pemrograman\Website\project-one\system\Database\BaseResult.php(377): CodeIgniter\Database\BaseResult->getResult()
#7 D:\Pemrograman\Website\project-one\system\Model.php(210): CodeIgniter\Database\BaseResult->getFirstRow()
#8 D:\Pemrograman\Website\project-one\system\BaseModel.php(622): CodeIgniter\Model->doFirst()
#9 D:\Pemrograman\Website\project-one\app\Controllers\Useraccountapi.php(55): CodeIgniter\BaseModel->first()
#10 D:\Pemrograman\Website\project-one\system\CodeIgniter.php(832): App\Controllers\Useraccountapi->signIn()
#11 D:\Pemrograman\Website\project-one\system\CodeIgniter.php(419): CodeIgniter\CodeIgniter->runController()
#12 D:\Pemrograman\Website\project-one\system\CodeIgniter.php(326): CodeIgniter\CodeIgniter->handleRequest()
#13 D:\Pemrograman\Website\project-one\public\index.php(37): CodeIgniter\CodeIgniter->run()
#14 D:\Pemrograman\Website\project-one\system\Commands\Server\rewrite.php(43): require_once('...')
#15 {main}
CRITICAL - 2022-04-25 06:01:14 --> mysqli_result::fetch_object(): Argument #1 ($class) must be a valid class name, App\Entities\UserdataAPI given
#0 D:\Pemrograman\Website\project-one\system\Database\MySQLi\Result.php(148): mysqli_result->fetch_object()
#1 D:\Pemrograman\Website\project-one\system\Database\BaseResult.php(149): CodeIgniter\Database\MySQLi\Result->fetchObject()
#2 D:\Pemrograman\Website\project-one\system\Database\BaseResult.php(106): CodeIgniter\Database\BaseResult->getCustomResultObject()
#3 D:\Pemrograman\Website\project-one\system\Database\BaseResult.php(377): CodeIgniter\Database\BaseResult->getResult()
#4 D:\Pemrograman\Website\project-one\system\Model.php(210): CodeIgniter\Database\BaseResult->getFirstRow()
#5 D:\Pemrograman\Website\project-one\system\BaseModel.php(622): CodeIgniter\Model->doFirst()
#6 D:\Pemrograman\Website\project-one\app\Controllers\Useraccountapi.php(55): CodeIgniter\BaseModel->first()
#7 D:\Pemrograman\Website\project-one\system\CodeIgniter.php(832): App\Controllers\Useraccountapi->signIn()
#8 D:\Pemrograman\Website\project-one\system\CodeIgniter.php(419): CodeIgniter\CodeIgniter->runController()
#9 D:\Pemrograman\Website\project-one\system\CodeIgniter.php(326): CodeIgniter\CodeIgniter->handleRequest()
#10 D:\Pemrograman\Website\project-one\public\index.php(37): CodeIgniter\CodeIgniter->run()
#11 D:\Pemrograman\Website\project-one\system\Commands\Server\rewrite.php(43): require_once('...')
#12 {main}
CRITICAL - 2022-04-25 06:01:16 --> require_once(vendor/autoload.php): Failed to open stream: No such file or directory
#0 D:\Pemrograman\Website\project-one\app\Controllers\Useraccountapi.php(20): CodeIgniter\Debug\Exceptions->errorHandler()
#1 D:\Pemrograman\Website\project-one\app\Controllers\Useraccountapi.php(20): require_once()
#2 D:\Pemrograman\Website\project-one\system\CodeIgniter.php(832): App\Controllers\Useraccountapi->tokenSignIn()
#3 D:\Pemrograman\Website\project-one\system\CodeIgniter.php(419): CodeIgniter\CodeIgniter->runController()
#4 D:\Pemrograman\Website\project-one\system\CodeIgniter.php(326): CodeIgniter\CodeIgniter->handleRequest()
#5 D:\Pemrograman\Website\project-one\public\index.php(37): CodeIgniter\CodeIgniter->run()
#6 D:\Pemrograman\Website\project-one\system\Commands\Server\rewrite.php(43): require_once('...')
#7 {main}
CRITICAL - 2022-04-25 06:01:19 --> mysqli_result::fetch_object(): Argument #1 ($class) must be a valid class name, App\Entities\UserdataAPI given
#0 D:\Pemrograman\Website\project-one\system\Database\MySQLi\Result.php(148): mysqli_result->fetch_object()
#1 D:\Pemrograman\Website\project-one\system\Database\BaseResult.php(149): CodeIgniter\Database\MySQLi\Result->fetchObject()
#2 D:\Pemrograman\Website\project-one\system\Database\BaseResult.php(106): CodeIgniter\Database\BaseResult->getCustomResultObject()
#3 D:\Pemrograman\Website\project-one\system\Database\BaseResult.php(377): CodeIgniter\Database\BaseResult->getResult()
#4 D:\Pemrograman\Website\project-one\system\Model.php(210): CodeIgniter\Database\BaseResult->getFirstRow()
#5 D:\Pemrograman\Website\project-one\system\BaseModel.php(622): CodeIgniter\Model->doFirst()
#6 D:\Pemrograman\Website\project-one\app\Controllers\Useraccountapi.php(55): CodeIgniter\BaseModel->first()
#7 D:\Pemrograman\Website\project-one\system\CodeIgniter.php(832): App\Controllers\Useraccountapi->signIn()
#8 D:\Pemrograman\Website\project-one\system\CodeIgniter.php(419): CodeIgniter\CodeIgniter->runController()
#9 D:\Pemrograman\Website\project-one\system\CodeIgniter.php(326): CodeIgniter\CodeIgniter->handleRequest()
#10 D:\Pemrograman\Website\project-one\public\index.php(37): CodeIgniter\CodeIgniter->run()
#11 D:\Pemrograman\Website\project-one\system\Commands\Server\rewrite.php(43): require_once('...')
#12 {main}
CRITICAL - 2022-04-25 08:34:22 --> require_once(vendor/autoload.php): Failed to open stream: No such file or directory
#0 D:\Pemrograman\Website\project-one\app\Controllers\Useraccountapi.php(20): CodeIgniter\Debug\Exceptions->errorHandler()
#1 D:\Pemrograman\Website\project-one\app\Controllers\Useraccountapi.php(20): require_once()
#2 D:\Pemrograman\Website\project-one\system\CodeIgniter.php(832): App\Controllers\Useraccountapi->tokenSignIn()
#3 D:\Pemrograman\Website\project-one\system\CodeIgniter.php(419): CodeIgniter\CodeIgniter->runController()
#4 D:\Pemrograman\Website\project-one\system\CodeIgniter.php(326): CodeIgniter\CodeIgniter->handleRequest()
#5 D:\Pemrograman\Website\project-one\public\index.php(37): CodeIgniter\CodeIgniter->run()
#6 D:\Pemrograman\Website\project-one\system\Commands\Server\rewrite.php(43): require_once('...')
#7 {main}
CRITICAL - 2022-04-25 08:34:24 --> require_once(vendor/autoload.php): Failed to open stream: No such file or directory
#0 D:\Pemrograman\Website\project-one\app\Controllers\Useraccountapi.php(20): CodeIgniter\Debug\Exceptions->errorHandler()
#1 D:\Pemrograman\Website\project-one\app\Controllers\Useraccountapi.php(20): require_once()
#2 D:\Pemrograman\Website\project-one\system\CodeIgniter.php(832): App\Controllers\Useraccountapi->tokenSignIn()
#3 D:\Pemrograman\Website\project-one\system\CodeIgniter.php(419): CodeIgniter\CodeIgniter->runController()
#4 D:\Pemrograman\Website\project-one\system\CodeIgniter.php(326): CodeIgniter\CodeIgniter->handleRequest()
#5 D:\Pemrograman\Website\project-one\public\index.php(37): CodeIgniter\CodeIgniter->run()
#6 D:\Pemrograman\Website\project-one\system\Commands\Server\rewrite.php(43): require_once('...')
#7 {main}
CRITICAL - 2022-04-25 08:35:05 --> require_once(vendor/autoload.php): Failed to open stream: No such file or directory
#0 D:\Pemrograman\Website\project-one\app\Controllers\Useraccountapi.php(20): CodeIgniter\Debug\Exceptions->errorHandler()
#1 D:\Pemrograman\Website\project-one\app\Controllers\Useraccountapi.php(20): require_once()
#2 D:\Pemrograman\Website\project-one\system\CodeIgniter.php(832): App\Controllers\Useraccountapi->tokenSignIn()
#3 D:\Pemrograman\Website\project-one\system\CodeIgniter.php(419): CodeIgniter\CodeIgniter->runController()
#4 D:\Pemrograman\Website\project-one\system\CodeIgniter.php(326): CodeIgniter\CodeIgniter->handleRequest()
#5 D:\Pemrograman\Website\project-one\public\index.php(37): CodeIgniter\CodeIgniter->run()
#6 D:\Pemrograman\Website\project-one\system\Commands\Server\rewrite.php(43): require_once('...')
#7 {main}
CRITICAL - 2022-04-25 08:52:30 --> require_once(vendor/autoload.php): Failed to open stream: No such file or directory
#0 D:\Pemrograman\Website\project-one\app\Controllers\Useraccountapi.php(20): CodeIgniter\Debug\Exceptions->errorHandler()
#1 D:\Pemrograman\Website\project-one\app\Controllers\Useraccountapi.php(20): require_once()
#2 D:\Pemrograman\Website\project-one\system\CodeIgniter.php(832): App\Controllers\Useraccountapi->tokenSignIn()
#3 D:\Pemrograman\Website\project-one\system\CodeIgniter.php(419): CodeIgniter\CodeIgniter->runController()
#4 D:\Pemrograman\Website\project-one\system\CodeIgniter.php(326): CodeIgniter\CodeIgniter->handleRequest()
#5 D:\Pemrograman\Website\project-one\public\index.php(37): CodeIgniter\CodeIgniter->run()
#6 D:\Pemrograman\Website\project-one\system\Commands\Server\rewrite.php(43): require_once('...')
#7 {main}
ERROR - 2022-04-25 11:57:57 --> Unknown column 'comment_replies.username' in 'on clause'
CRITICAL - 2022-04-25 11:57:57 --> Unknown column 'comment_replies.username' in 'on clause'
#0 D:\Pemrograman\Website\project-one\system\Database\MySQLi\Connection.php(292): mysqli->query()
#1 D:\Pemrograman\Website\project-one\system\Database\BaseConnection.php(670): CodeIgniter\Database\MySQLi\Connection->execute()
#2 D:\Pemrograman\Website\project-one\system\Database\BaseConnection.php(598): CodeIgniter\Database\BaseConnection->simpleQuery()
#3 D:\Pemrograman\Website\project-one\system\Database\BaseBuilder.php(1455): CodeIgniter\Database\BaseConnection->query()
#4 D:\Pemrograman\Website\project-one\system\Model.php(183): CodeIgniter\Database\BaseBuilder->get()
#5 D:\Pemrograman\Website\project-one\system\BaseModel.php(584): CodeIgniter\Model->doFindAll()
#6 D:\Pemrograman\Website\project-one\app\Controllers\Commentapi.php(46): CodeIgniter\BaseModel->findAll()
#7 D:\Pemrograman\Website\project-one\system\CodeIgniter.php(832): App\Controllers\Commentapi->create()
#8 D:\Pemrograman\Website\project-one\system\CodeIgniter.php(419): CodeIgniter\CodeIgniter->runController()
#9 D:\Pemrograman\Website\project-one\system\CodeIgniter.php(326): CodeIgniter\CodeIgniter->handleRequest()
#10 D:\Pemrograman\Website\project-one\public\index.php(37): CodeIgniter\CodeIgniter->run()
#11 D:\Pemrograman\Website\project-one\system\Commands\Server\rewrite.php(43): require_once('...')
#12 {main}
ERROR - 2022-04-25 11:58:22 --> Unknown column 'comment_replies.user_id' in 'on clause'
CRITICAL - 2022-04-25 11:58:22 --> Unknown column 'comment_replies.user_id' in 'on clause'
#0 D:\Pemrograman\Website\project-one\system\Database\MySQLi\Connection.php(292): mysqli->query()
#1 D:\Pemrograman\Website\project-one\system\Database\BaseConnection.php(670): CodeIgniter\Database\MySQLi\Connection->execute()
#2 D:\Pemrograman\Website\project-one\system\Database\BaseConnection.php(598): CodeIgniter\Database\BaseConnection->simpleQuery()
#3 D:\Pemrograman\Website\project-one\system\Database\BaseBuilder.php(1455): CodeIgniter\Database\BaseConnection->query()
#4 D:\Pemrograman\Website\project-one\system\Model.php(183): CodeIgniter\Database\BaseBuilder->get()
#5 D:\Pemrograman\Website\project-one\system\BaseModel.php(584): CodeIgniter\Model->doFindAll()
#6 D:\Pemrograman\Website\project-one\app\Controllers\Commentapi.php(46): CodeIgniter\BaseModel->findAll()
#7 D:\Pemrograman\Website\project-one\system\CodeIgniter.php(832): App\Controllers\Commentapi->create()
#8 D:\Pemrograman\Website\project-one\system\CodeIgniter.php(419): CodeIgniter\CodeIgniter->runController()
#9 D:\Pemrograman\Website\project-one\system\CodeIgniter.php(326): CodeIgniter\CodeIgniter->handleRequest()
#10 D:\Pemrograman\Website\project-one\public\index.php(37): CodeIgniter\CodeIgniter->run()
#11 D:\Pemrograman\Website\project-one\system\Commands\Server\rewrite.php(43): require_once('...')
#12 {main}
ERROR - 2022-04-25 12:02:44 --> Column 'comment_ids' cannot be null
CRITICAL - 2022-04-25 12:02:44 --> Column 'comment_ids' cannot be null
#0 D:\Pemrograman\Website\project-one\system\Database\MySQLi\Connection.php(292): mysqli->query()
#1 D:\Pemrograman\Website\project-one\system\Database\BaseConnection.php(670): CodeIgniter\Database\MySQLi\Connection->execute()
#2 D:\Pemrograman\Website\project-one\system\Database\BaseConnection.php(598): CodeIgniter\Database\BaseConnection->simpleQuery()
#3 D:\Pemrograman\Website\project-one\system\Database\BaseBuilder.php(1771): CodeIgniter\Database\BaseConnection->query()
#4 D:\Pemrograman\Website\project-one\system\Model.php(239): CodeIgniter\Database\BaseBuilder->insert()
#5 D:\Pemrograman\Website\project-one\system\BaseModel.php(738): CodeIgniter\Model->doInsert()
#6 D:\Pemrograman\Website\project-one\system\Model.php(625): CodeIgniter\BaseModel->insert()
#7 D:\Pemrograman\Website\project-one\system\BaseModel.php(658): CodeIgniter\Model->insert()
#8 D:\Pemrograman\Website\project-one\app\Controllers\Commentapi.php(45): CodeIgniter\BaseModel->save()
#9 D:\Pemrograman\Website\project-one\system\CodeIgniter.php(832): App\Controllers\Commentapi->create()
#10 D:\Pemrograman\Website\project-one\system\CodeIgniter.php(419): CodeIgniter\CodeIgniter->runController()
#11 D:\Pemrograman\Website\project-one\system\CodeIgniter.php(326): CodeIgniter\CodeIgniter->handleRequest()
#12 D:\Pemrograman\Website\project-one\public\index.php(37): CodeIgniter\CodeIgniter->run()
#13 D:\Pemrograman\Website\project-one\system\Commands\Server\rewrite.php(43): require_once('...')
#14 {main}
ERROR - 2022-04-25 12:07:51 --> Column 'comment_ids' cannot be null
CRITICAL - 2022-04-25 12:07:51 --> Column 'comment_ids' cannot be null
#0 D:\Pemrograman\Website\project-one\system\Database\MySQLi\Connection.php(292): mysqli->query()
#1 D:\Pemrograman\Website\project-one\system\Database\BaseConnection.php(670): CodeIgniter\Database\MySQLi\Connection->execute()
#2 D:\Pemrograman\Website\project-one\system\Database\BaseConnection.php(598): CodeIgniter\Database\BaseConnection->simpleQuery()
#3 D:\Pemrograman\Website\project-one\system\Database\BaseBuilder.php(1771): CodeIgniter\Database\BaseConnection->query()
#4 D:\Pemrograman\Website\project-one\system\Model.php(239): CodeIgniter\Database\BaseBuilder->insert()
#5 D:\Pemrograman\Website\project-one\system\BaseModel.php(738): CodeIgniter\Model->doInsert()
#6 D:\Pemrograman\Website\project-one\system\Model.php(625): CodeIgniter\BaseModel->insert()
#7 D:\Pemrograman\Website\project-one\system\BaseModel.php(658): CodeIgniter\Model->insert()
#8 D:\Pemrograman\Website\project-one\app\Controllers\Commentapi.php(45): CodeIgniter\BaseModel->save()
#9 D:\Pemrograman\Website\project-one\system\CodeIgniter.php(832): App\Controllers\Commentapi->create()
#10 D:\Pemrograman\Website\project-one\system\CodeIgniter.php(419): CodeIgniter\CodeIgniter->runController()
#11 D:\Pemrograman\Website\project-one\system\CodeIgniter.php(326): CodeIgniter\CodeIgniter->handleRequest()
#12 D:\Pemrograman\Website\project-one\public\index.php(37): CodeIgniter\CodeIgniter->run()
#13 D:\Pemrograman\Website\project-one\system\Commands\Server\rewrite.php(43): require_once('...')
#14 {main}
ERROR - 2022-04-25 12:08:00 --> Column 'comment_ids' cannot be null
CRITICAL - 2022-04-25 12:08:00 --> Column 'comment_ids' cannot be null
#0 D:\Pemrograman\Website\project-one\system\Database\MySQLi\Connection.php(292): mysqli->query()
#1 D:\Pemrograman\Website\project-one\system\Database\BaseConnection.php(670): CodeIgniter\Database\MySQLi\Connection->execute()
#2 D:\Pemrograman\Website\project-one\system\Database\BaseConnection.php(598): CodeIgniter\Database\BaseConnection->simpleQuery()
#3 D:\Pemrograman\Website\project-one\system\Database\BaseBuilder.php(1771): CodeIgniter\Database\BaseConnection->query()
#4 D:\Pemrograman\Website\project-one\system\Model.php(239): CodeIgniter\Database\BaseBuilder->insert()
#5 D:\Pemrograman\Website\project-one\system\BaseModel.php(738): CodeIgniter\Model->doInsert()
#6 D:\Pemrograman\Website\project-one\system\Model.php(625): CodeIgniter\BaseModel->insert()
#7 D:\Pemrograman\Website\project-one\system\BaseModel.php(658): CodeIgniter\Model->insert()
#8 D:\Pemrograman\Website\project-one\app\Controllers\Commentapi.php(45): CodeIgniter\BaseModel->save()
#9 D:\Pemrograman\Website\project-one\system\CodeIgniter.php(832): App\Controllers\Commentapi->create()
#10 D:\Pemrograman\Website\project-one\system\CodeIgniter.php(419): CodeIgniter\CodeIgniter->runController()
#11 D:\Pemrograman\Website\project-one\system\CodeIgniter.php(326): CodeIgniter\CodeIgniter->handleRequest()
#12 D:\Pemrograman\Website\project-one\public\index.php(37): CodeIgniter\CodeIgniter->run()
#13 D:\Pemrograman\Website\project-one\system\Commands\Server\rewrite.php(43): require_once('...')
#14 {main}
ERROR - 2022-04-25 12:10:08 --> Column 'comment_ids' cannot be null
CRITICAL - 2022-04-25 12:10:08 --> Column 'comment_ids' cannot be null
#0 D:\Pemrograman\Website\project-one\system\Database\MySQLi\Connection.php(292): mysqli->query()
#1 D:\Pemrograman\Website\project-one\system\Database\BaseConnection.php(670): CodeIgniter\Database\MySQLi\Connection->execute()
#2 D:\Pemrograman\Website\project-one\system\Database\BaseConnection.php(598): CodeIgniter\Database\BaseConnection->simpleQuery()
#3 D:\Pemrograman\Website\project-one\system\Database\BaseBuilder.php(1771): CodeIgniter\Database\BaseConnection->query()
#4 D:\Pemrograman\Website\project-one\system\Model.php(239): CodeIgniter\Database\BaseBuilder->insert()
#5 D:\Pemrograman\Website\project-one\system\BaseModel.php(738): CodeIgniter\Model->doInsert()
#6 D:\Pemrograman\Website\project-one\system\Model.php(625): CodeIgniter\BaseModel->insert()
#7 D:\Pemrograman\Website\project-one\system\BaseModel.php(658): CodeIgniter\Model->insert()
#8 D:\Pemrograman\Website\project-one\app\Controllers\Commentapi.php(45): CodeIgniter\BaseModel->save()
#9 D:\Pemrograman\Website\project-one\system\CodeIgniter.php(832): App\Controllers\Commentapi->create()
#10 D:\Pemrograman\Website\project-one\system\CodeIgniter.php(419): CodeIgniter\CodeIgniter->runController()
#11 D:\Pemrograman\Website\project-one\system\CodeIgniter.php(326): CodeIgniter\CodeIgniter->handleRequest()
#12 D:\Pemrograman\Website\project-one\public\index.php(37): CodeIgniter\CodeIgniter->run()
#13 D:\Pemrograman\Website\project-one\system\Commands\Server\rewrite.php(43): require_once('...')
#14 {main}
CRITICAL - 2022-04-25 12:22:02 --> CodeIgniter\Validation\Rules::is_unique(): Argument #2 ($field) must be of type string, null given, called in D:\Pemrograman\Website\project-one\system\Validation\Validation.php on line 291
#0 D:\Pemrograman\Website\project-one\system\Validation\Validation.php(291): CodeIgniter\Validation\Rules->is_unique()
#1 D:\Pemrograman\Website\project-one\system\Validation\Validation.php(157): CodeIgniter\Validation\Validation->processRules()
#2 D:\Pemrograman\Website\project-one\system\BaseModel.php(1347): CodeIgniter\Validation\Validation->run()
#3 D:\Pemrograman\Website\project-one\system\BaseModel.php(707): CodeIgniter\BaseModel->validate()
#4 D:\Pemrograman\Website\project-one\system\Model.php(625): CodeIgniter\BaseModel->insert()
#5 D:\Pemrograman\Website\project-one\system\BaseModel.php(658): CodeIgniter\Model->insert()
#6 D:\Pemrograman\Website\project-one\app\Controllers\Commentapi.php(45): CodeIgniter\BaseModel->save()
#7 D:\Pemrograman\Website\project-one\system\CodeIgniter.php(832): App\Controllers\Commentapi->create()
#8 D:\Pemrograman\Website\project-one\system\CodeIgniter.php(419): CodeIgniter\CodeIgniter->runController()
#9 D:\Pemrograman\Website\project-one\system\CodeIgniter.php(326): CodeIgniter\CodeIgniter->handleRequest()
#10 D:\Pemrograman\Website\project-one\public\index.php(37): CodeIgniter\CodeIgniter->run()
#11 D:\Pemrograman\Website\project-one\system\Commands\Server\rewrite.php(43): require_once('...')
#12 {main}
CRITICAL - 2022-04-25 12:22:06 --> CodeIgniter\Validation\Rules::is_unique(): Argument #2 ($field) must be of type string, null given, called in D:\Pemrograman\Website\project-one\system\Validation\Validation.php on line 291
#0 D:\Pemrograman\Website\project-one\system\Validation\Validation.php(291): CodeIgniter\Validation\Rules->is_unique()
#1 D:\Pemrograman\Website\project-one\system\Validation\Validation.php(157): CodeIgniter\Validation\Validation->processRules()
#2 D:\Pemrograman\Website\project-one\system\BaseModel.php(1347): CodeIgniter\Validation\Validation->run()
#3 D:\Pemrograman\Website\project-one\system\BaseModel.php(707): CodeIgniter\BaseModel->validate()
#4 D:\Pemrograman\Website\project-one\system\Model.php(625): CodeIgniter\BaseModel->insert()
#5 D:\Pemrograman\Website\project-one\system\BaseModel.php(658): CodeIgniter\Model->insert()
#6 D:\Pemrograman\Website\project-one\app\Controllers\Commentapi.php(45): CodeIgniter\BaseModel->save()
#7 D:\Pemrograman\Website\project-one\system\CodeIgniter.php(832): App\Controllers\Commentapi->create()
#8 D:\Pemrograman\Website\project-one\system\CodeIgniter.php(419): CodeIgniter\CodeIgniter->runController()
#9 D:\Pemrograman\Website\project-one\system\CodeIgniter.php(326): CodeIgniter\CodeIgniter->handleRequest()
#10 D:\Pemrograman\Website\project-one\public\index.php(37): CodeIgniter\CodeIgniter->run()
#11 D:\Pemrograman\Website\project-one\system\Commands\Server\rewrite.php(43): require_once('...')
#12 {main}
CRITICAL - 2022-04-25 12:22:06 --> CodeIgniter\Validation\Rules::is_unique(): Argument #2 ($field) must be of type string, null given, called in D:\Pemrograman\Website\project-one\system\Validation\Validation.php on line 291
#0 D:\Pemrograman\Website\project-one\system\Validation\Validation.php(291): CodeIgniter\Validation\Rules->is_unique()
#1 D:\Pemrograman\Website\project-one\system\Validation\Validation.php(157): CodeIgniter\Validation\Validation->processRules()
#2 D:\Pemrograman\Website\project-one\system\BaseModel.php(1347): CodeIgniter\Validation\Validation->run()
#3 D:\Pemrograman\Website\project-one\system\BaseModel.php(707): CodeIgniter\BaseModel->validate()
#4 D:\Pemrograman\Website\project-one\system\Model.php(625): CodeIgniter\BaseModel->insert()
#5 D:\Pemrograman\Website\project-one\system\BaseModel.php(658): CodeIgniter\Model->insert()
#6 D:\Pemrograman\Website\project-one\app\Controllers\Commentapi.php(45): CodeIgniter\BaseModel->save()
#7 D:\Pemrograman\Website\project-one\system\CodeIgniter.php(832): App\Controllers\Commentapi->create()
#8 D:\Pemrograman\Website\project-one\system\CodeIgniter.php(419): CodeIgniter\CodeIgniter->runController()
#9 D:\Pemrograman\Website\project-one\system\CodeIgniter.php(326): CodeIgniter\CodeIgniter->handleRequest()
#10 D:\Pemrograman\Website\project-one\public\index.php(37): CodeIgniter\CodeIgniter->run()
#11 D:\Pemrograman\Website\project-one\system\Commands\Server\rewrite.php(43): require_once('...')
#12 {main}
CRITICAL - 2022-04-25 12:22:06 --> CodeIgniter\Validation\Rules::is_unique(): Argument #2 ($field) must be of type string, null given, called in D:\Pemrograman\Website\project-one\system\Validation\Validation.php on line 291
#0 D:\Pemrograman\Website\project-one\system\Validation\Validation.php(291): CodeIgniter\Validation\Rules->is_unique()
#1 D:\Pemrograman\Website\project-one\system\Validation\Validation.php(157): CodeIgniter\Validation\Validation->processRules()
#2 D:\Pemrograman\Website\project-one\system\BaseModel.php(1347): CodeIgniter\Validation\Validation->run()
#3 D:\Pemrograman\Website\project-one\system\BaseModel.php(707): CodeIgniter\BaseModel->validate()
#4 D:\Pemrograman\Website\project-one\system\Model.php(625): CodeIgniter\BaseModel->insert()
#5 D:\Pemrograman\Website\project-one\system\BaseModel.php(658): CodeIgniter\Model->insert()
#6 D:\Pemrograman\Website\project-one\app\Controllers\Commentapi.php(45): CodeIgniter\BaseModel->save()
#7 D:\Pemrograman\Website\project-one\system\CodeIgniter.php(832): App\Controllers\Commentapi->create()
#8 D:\Pemrograman\Website\project-one\system\CodeIgniter.php(419): CodeIgniter\CodeIgniter->runController()
#9 D:\Pemrograman\Website\project-one\system\CodeIgniter.php(326): CodeIgniter\CodeIgniter->handleRequest()
#10 D:\Pemrograman\Website\project-one\public\index.php(37): CodeIgniter\CodeIgniter->run()
#11 D:\Pemrograman\Website\project-one\system\Commands\Server\rewrite.php(43): require_once('...')
#12 {main}
CRITICAL - 2022-04-25 12:22:51 --> CodeIgniter\Validation\Rules::is_unique(): Argument #2 ($field) must be of type string, null given, called in D:\Pemrograman\Website\project-one\system\Validation\Validation.php on line 291
#0 D:\Pemrograman\Website\project-one\system\Validation\Validation.php(291): CodeIgniter\Validation\Rules->is_unique()
#1 D:\Pemrograman\Website\project-one\system\Validation\Validation.php(157): CodeIgniter\Validation\Validation->processRules()
#2 D:\Pemrograman\Website\project-one\system\BaseModel.php(1347): CodeIgniter\Validation\Validation->run()
#3 D:\Pemrograman\Website\project-one\system\BaseModel.php(707): CodeIgniter\BaseModel->validate()
#4 D:\Pemrograman\Website\project-one\system\Model.php(625): CodeIgniter\BaseModel->insert()
#5 D:\Pemrograman\Website\project-one\system\BaseModel.php(658): CodeIgniter\Model->insert()
#6 D:\Pemrograman\Website\project-one\app\Controllers\Commentapi.php(45): CodeIgniter\BaseModel->save()
#7 D:\Pemrograman\Website\project-one\system\CodeIgniter.php(832): App\Controllers\Commentapi->create()
#8 D:\Pemrograman\Website\project-one\system\CodeIgniter.php(419): CodeIgniter\CodeIgniter->runController()
#9 D:\Pemrograman\Website\project-one\system\CodeIgniter.php(326): CodeIgniter\CodeIgniter->handleRequest()
#10 D:\Pemrograman\Website\project-one\public\index.php(37): CodeIgniter\CodeIgniter->run()
#11 D:\Pemrograman\Website\project-one\system\Commands\Server\rewrite.php(43): require_once('...')
#12 {main}
CRITICAL - 2022-04-25 12:23:32 --> CodeIgniter\Validation\Rules::is_unique(): Argument #2 ($field) must be of type string, null given, called in D:\Pemrograman\Website\project-one\system\Validation\Validation.php on line 291
#0 D:\Pemrograman\Website\project-one\system\Validation\Validation.php(291): CodeIgniter\Validation\Rules->is_unique()
#1 D:\Pemrograman\Website\project-one\system\Validation\Validation.php(157): CodeIgniter\Validation\Validation->processRules()
#2 D:\Pemrograman\Website\project-one\system\BaseModel.php(1347): CodeIgniter\Validation\Validation->run()
#3 D:\Pemrograman\Website\project-one\system\BaseModel.php(707): CodeIgniter\BaseModel->validate()
#4 D:\Pemrograman\Website\project-one\system\Model.php(625): CodeIgniter\BaseModel->insert()
#5 D:\Pemrograman\Website\project-one\system\BaseModel.php(658): CodeIgniter\Model->insert()
#6 D:\Pemrograman\Website\project-one\app\Controllers\Commentapi.php(45): CodeIgniter\BaseModel->save()
#7 D:\Pemrograman\Website\project-one\system\CodeIgniter.php(832): App\Controllers\Commentapi->create()
#8 D:\Pemrograman\Website\project-one\system\CodeIgniter.php(419): CodeIgniter\CodeIgniter->runController()
#9 D:\Pemrograman\Website\project-one\system\CodeIgniter.php(326): CodeIgniter\CodeIgniter->handleRequest()
#10 D:\Pemrograman\Website\project-one\public\index.php(37): CodeIgniter\CodeIgniter->run()
#11 D:\Pemrograman\Website\project-one\system\Commands\Server\rewrite.php(43): require_once('...')
#12 {main}
CRITICAL - 2022-04-25 12:27:55 --> CodeIgniter\Validation\Rules::is_unique(): Argument #2 ($field) must be of type string, null given, called in D:\Pemrograman\Website\project-one\system\Validation\Validation.php on line 291
#0 D:\Pemrograman\Website\project-one\system\Validation\Validation.php(291): CodeIgniter\Validation\Rules->is_unique()
#1 D:\Pemrograman\Website\project-one\system\Validation\Validation.php(157): CodeIgniter\Validation\Validation->processRules()
#2 D:\Pemrograman\Website\project-one\system\BaseModel.php(1347): CodeIgniter\Validation\Validation->run()
#3 D:\Pemrograman\Website\project-one\system\BaseModel.php(707): CodeIgniter\BaseModel->validate()
#4 D:\Pemrograman\Website\project-one\system\Model.php(625): CodeIgniter\BaseModel->insert()
#5 D:\Pemrograman\Website\project-one\system\BaseModel.php(658): CodeIgniter\Model->insert()
#6 D:\Pemrograman\Website\project-one\app\Controllers\Commentapi.php(45): CodeIgniter\BaseModel->save()
#7 D:\Pemrograman\Website\project-one\system\CodeIgniter.php(832): App\Controllers\Commentapi->create()
#8 D:\Pemrograman\Website\project-one\system\CodeIgniter.php(419): CodeIgniter\CodeIgniter->runController()
#9 D:\Pemrograman\Website\project-one\system\CodeIgniter.php(326): CodeIgniter\CodeIgniter->handleRequest()
#10 D:\Pemrograman\Website\project-one\public\index.php(37): CodeIgniter\CodeIgniter->run()
#11 D:\Pemrograman\Website\project-one\system\Commands\Server\rewrite.php(43): require_once('...')
#12 {main}
CRITICAL - 2022-04-25 12:28:15 --> CodeIgniter\Validation\Rules::is_unique(): Argument #2 ($field) must be of type string, null given, called in D:\Pemrograman\Website\project-one\system\Validation\Validation.php on line 291
#0 D:\Pemrograman\Website\project-one\system\Validation\Validation.php(291): CodeIgniter\Validation\Rules->is_unique()
#1 D:\Pemrograman\Website\project-one\system\Validation\Validation.php(157): CodeIgniter\Validation\Validation->processRules()
#2 D:\Pemrograman\Website\project-one\system\BaseModel.php(1347): CodeIgniter\Validation\Validation->run()
#3 D:\Pemrograman\Website\project-one\system\BaseModel.php(707): CodeIgniter\BaseModel->validate()
#4 D:\Pemrograman\Website\project-one\system\Model.php(625): CodeIgniter\BaseModel->insert()
#5 D:\Pemrograman\Website\project-one\system\BaseModel.php(658): CodeIgniter\Model->insert()
#6 D:\Pemrograman\Website\project-one\app\Controllers\Commentapi.php(45): CodeIgniter\BaseModel->save()
#7 D:\Pemrograman\Website\project-one\system\CodeIgniter.php(832): App\Controllers\Commentapi->create()
#8 D:\Pemrograman\Website\project-one\system\CodeIgniter.php(419): CodeIgniter\CodeIgniter->runController()
#9 D:\Pemrograman\Website\project-one\system\CodeIgniter.php(326): CodeIgniter\CodeIgniter->handleRequest()
#10 D:\Pemrograman\Website\project-one\public\index.php(37): CodeIgniter\CodeIgniter->run()
#11 D:\Pemrograman\Website\project-one\system\Commands\Server\rewrite.php(43): require_once('...')
#12 {main}
CRITICAL - 2022-04-25 12:28:24 --> CodeIgniter\Validation\Rules::is_unique(): Argument #2 ($field) must be of type string, null given, called in D:\Pemrograman\Website\project-one\system\Validation\Validation.php on line 291
#0 D:\Pemrograman\Website\project-one\system\Validation\Validation.php(291): CodeIgniter\Validation\Rules->is_unique()
#1 D:\Pemrograman\Website\project-one\system\Validation\Validation.php(157): CodeIgniter\Validation\Validation->processRules()
#2 D:\Pemrograman\Website\project-one\system\BaseModel.php(1347): CodeIgniter\Validation\Validation->run()
#3 D:\Pemrograman\Website\project-one\system\BaseModel.php(707): CodeIgniter\BaseModel->validate()
#4 D:\Pemrograman\Website\project-one\system\Model.php(625): CodeIgniter\BaseModel->insert()
#5 D:\Pemrograman\Website\project-one\system\BaseModel.php(658): CodeIgniter\Model->insert()
#6 D:\Pemrograman\Website\project-one\app\Controllers\Commentapi.php(45): CodeIgniter\BaseModel->save()
#7 D:\Pemrograman\Website\project-one\system\CodeIgniter.php(832): App\Controllers\Commentapi->create()
#8 D:\Pemrograman\Website\project-one\system\CodeIgniter.php(419): CodeIgniter\CodeIgniter->runController()
#9 D:\Pemrograman\Website\project-one\system\CodeIgniter.php(326): CodeIgniter\CodeIgniter->handleRequest()
#10 D:\Pemrograman\Website\project-one\public\index.php(37): CodeIgniter\CodeIgniter->run()
#11 D:\Pemrograman\Website\project-one\system\Commands\Server\rewrite.php(43): require_once('...')
#12 {main}
CRITICAL - 2022-04-25 12:29:29 --> CodeIgniter\Validation\Rules::is_unique(): Argument #2 ($field) must be of type string, null given, called in D:\Pemrograman\Website\project-one\system\Validation\Validation.php on line 291
#0 D:\Pemrograman\Website\project-one\system\Validation\Validation.php(291): CodeIgniter\Validation\Rules->is_unique()
#1 D:\Pemrograman\Website\project-one\system\Validation\Validation.php(157): CodeIgniter\Validation\Validation->processRules()
#2 D:\Pemrograman\Website\project-one\system\BaseModel.php(1347): CodeIgniter\Validation\Validation->run()
#3 D:\Pemrograman\Website\project-one\system\BaseModel.php(707): CodeIgniter\BaseModel->validate()
#4 D:\Pemrograman\Website\project-one\system\Model.php(625): CodeIgniter\BaseModel->insert()
#5 D:\Pemrograman\Website\project-one\system\BaseModel.php(658): CodeIgniter\Model->insert()
#6 D:\Pemrograman\Website\project-one\app\Controllers\Commentapi.php(45): CodeIgniter\BaseModel->save()
#7 D:\Pemrograman\Website\project-one\system\CodeIgniter.php(832): App\Controllers\Commentapi->create()
#8 D:\Pemrograman\Website\project-one\system\CodeIgniter.php(419): CodeIgniter\CodeIgniter->runController()
#9 D:\Pemrograman\Website\project-one\system\CodeIgniter.php(326): CodeIgniter\CodeIgniter->handleRequest()
#10 D:\Pemrograman\Website\project-one\public\index.php(37): CodeIgniter\CodeIgniter->run()
#11 D:\Pemrograman\Website\project-one\system\Commands\Server\rewrite.php(43): require_once('...')
#12 {main}
CRITICAL - 2022-04-25 12:29:56 --> CodeIgniter\Validation\Rules::is_unique(): Argument #2 ($field) must be of type string, null given, called in D:\Pemrograman\Website\project-one\system\Validation\Validation.php on line 291
#0 D:\Pemrograman\Website\project-one\system\Validation\Validation.php(291): CodeIgniter\Validation\Rules->is_unique()
#1 D:\Pemrograman\Website\project-one\system\Validation\Validation.php(157): CodeIgniter\Validation\Validation->processRules()
#2 D:\Pemrograman\Website\project-one\system\BaseModel.php(1347): CodeIgniter\Validation\Validation->run()
#3 D:\Pemrograman\Website\project-one\system\BaseModel.php(707): CodeIgniter\BaseModel->validate()
#4 D:\Pemrograman\Website\project-one\system\Model.php(625): CodeIgniter\BaseModel->insert()
#5 D:\Pemrograman\Website\project-one\system\BaseModel.php(658): CodeIgniter\Model->insert()
#6 D:\Pemrograman\Website\project-one\app\Controllers\Commentapi.php(45): CodeIgniter\BaseModel->save()
#7 D:\Pemrograman\Website\project-one\system\CodeIgniter.php(832): App\Controllers\Commentapi->create()
#8 D:\Pemrograman\Website\project-one\system\CodeIgniter.php(419): CodeIgniter\CodeIgniter->runController()
#9 D:\Pemrograman\Website\project-one\system\CodeIgniter.php(326): CodeIgniter\CodeIgniter->handleRequest()
#10 D:\Pemrograman\Website\project-one\public\index.php(37): CodeIgniter\CodeIgniter->run()
#11 D:\Pemrograman\Website\project-one\system\Commands\Server\rewrite.php(43): require_once('...')
#12 {main}
CRITICAL - 2022-04-25 12:31:57 --> CodeIgniter\Validation\Rules::is_unique(): Argument #2 ($field) must be of type string, null given, called in D:\Pemrograman\Website\project-one\system\Validation\Validation.php on line 291
#0 D:\Pemrograman\Website\project-one\system\Validation\Validation.php(291): CodeIgniter\Validation\Rules->is_unique()
#1 D:\Pemrograman\Website\project-one\system\Validation\Validation.php(157): CodeIgniter\Validation\Validation->processRules()
#2 D:\Pemrograman\Website\project-one\system\BaseModel.php(1347): CodeIgniter\Validation\Validation->run()
#3 D:\Pemrograman\Website\project-one\system\BaseModel.php(707): CodeIgniter\BaseModel->validate()
#4 D:\Pemrograman\Website\project-one\system\Model.php(625): CodeIgniter\BaseModel->insert()
#5 D:\Pemrograman\Website\project-one\system\BaseModel.php(658): CodeIgniter\Model->insert()
#6 D:\Pemrograman\Website\project-one\app\Controllers\Commentapi.php(45): CodeIgniter\BaseModel->save()
#7 D:\Pemrograman\Website\project-one\system\CodeIgniter.php(832): App\Controllers\Commentapi->create()
#8 D:\Pemrograman\Website\project-one\system\CodeIgniter.php(419): CodeIgniter\CodeIgniter->runController()
#9 D:\Pemrograman\Website\project-one\system\CodeIgniter.php(326): CodeIgniter\CodeIgniter->handleRequest()
#10 D:\Pemrograman\Website\project-one\public\index.php(37): CodeIgniter\CodeIgniter->run()
#11 D:\Pemrograman\Website\project-one\system\Commands\Server\rewrite.php(43): require_once('...')
#12 {main}
CRITICAL - 2022-04-25 12:35:23 --> CodeIgniter\Validation\Rules::is_unique(): Argument #2 ($field) must be of type string, null given, called in D:\Pemrograman\Website\project-one\system\Validation\Validation.php on line 291
#0 D:\Pemrograman\Website\project-one\system\Validation\Validation.php(291): CodeIgniter\Validation\Rules->is_unique()
#1 D:\Pemrograman\Website\project-one\system\Validation\Validation.php(157): CodeIgniter\Validation\Validation->processRules()
#2 D:\Pemrograman\Website\project-one\system\BaseModel.php(1347): CodeIgniter\Validation\Validation->run()
#3 D:\Pemrograman\Website\project-one\system\BaseModel.php(707): CodeIgniter\BaseModel->validate()
#4 D:\Pemrograman\Website\project-one\system\Model.php(625): CodeIgniter\BaseModel->insert()
#5 D:\Pemrograman\Website\project-one\system\BaseModel.php(658): CodeIgniter\Model->insert()
#6 D:\Pemrograman\Website\project-one\app\Controllers\Commentapi.php(45): CodeIgniter\BaseModel->save()
#7 D:\Pemrograman\Website\project-one\system\CodeIgniter.php(832): App\Controllers\Commentapi->create()
#8 D:\Pemrograman\Website\project-one\system\CodeIgniter.php(419): CodeIgniter\CodeIgniter->runController()
#9 D:\Pemrograman\Website\project-one\system\CodeIgniter.php(326): CodeIgniter\CodeIgniter->handleRequest()
#10 D:\Pemrograman\Website\project-one\public\index.php(37): CodeIgniter\CodeIgniter->run()
#11 D:\Pemrograman\Website\project-one\system\Commands\Server\rewrite.php(43): require_once('...')
#12 {main}
CRITICAL - 2022-04-25 12:36:21 --> CodeIgniter\Validation\Rules::is_unique(): Argument #2 ($field) must be of type string, null given, called in D:\Pemrograman\Website\project-one\system\Validation\Validation.php on line 291
#0 D:\Pemrograman\Website\project-one\system\Validation\Validation.php(291): CodeIgniter\Validation\Rules->is_unique()
#1 D:\Pemrograman\Website\project-one\system\Validation\Validation.php(157): CodeIgniter\Validation\Validation->processRules()
#2 D:\Pemrograman\Website\project-one\system\BaseModel.php(1347): CodeIgniter\Validation\Validation->run()
#3 D:\Pemrograman\Website\project-one\system\BaseModel.php(707): CodeIgniter\BaseModel->validate()
#4 D:\Pemrograman\Website\project-one\system\Model.php(625): CodeIgniter\BaseModel->insert()
#5 D:\Pemrograman\Website\project-one\system\BaseModel.php(658): CodeIgniter\Model->insert()
#6 D:\Pemrograman\Website\project-one\app\Controllers\Commentapi.php(45): CodeIgniter\BaseModel->save()
#7 D:\Pemrograman\Website\project-one\system\CodeIgniter.php(832): App\Controllers\Commentapi->create()
#8 D:\Pemrograman\Website\project-one\system\CodeIgniter.php(419): CodeIgniter\CodeIgniter->runController()
#9 D:\Pemrograman\Website\project-one\system\CodeIgniter.php(326): CodeIgniter\CodeIgniter->handleRequest()
#10 D:\Pemrograman\Website\project-one\public\index.php(37): CodeIgniter\CodeIgniter->run()
#11 D:\Pemrograman\Website\project-one\system\Commands\Server\rewrite.php(43): require_once('...')
#12 {main}
CRITICAL - 2022-04-25 12:36:27 --> CodeIgniter\Validation\Rules::is_unique(): Argument #2 ($field) must be of type string, null given, called in D:\Pemrograman\Website\project-one\system\Validation\Validation.php on line 291
#0 D:\Pemrograman\Website\project-one\system\Validation\Validation.php(291): CodeIgniter\Validation\Rules->is_unique()
#1 D:\Pemrograman\Website\project-one\system\Validation\Validation.php(157): CodeIgniter\Validation\Validation->processRules()
#2 D:\Pemrograman\Website\project-one\system\BaseModel.php(1347): CodeIgniter\Validation\Validation->run()
#3 D:\Pemrograman\Website\project-one\system\BaseModel.php(707): CodeIgniter\BaseModel->validate()
#4 D:\Pemrograman\Website\project-one\system\Model.php(625): CodeIgniter\BaseModel->insert()
#5 D:\Pemrograman\Website\project-one\system\BaseModel.php(658): CodeIgniter\Model->insert()
#6 D:\Pemrograman\Website\project-one\app\Controllers\Commentapi.php(45): CodeIgniter\BaseModel->save()
#7 D:\Pemrograman\Website\project-one\system\CodeIgniter.php(832): App\Controllers\Commentapi->create()
#8 D:\Pemrograman\Website\project-one\system\CodeIgniter.php(419): CodeIgniter\CodeIgniter->runController()
#9 D:\Pemrograman\Website\project-one\system\CodeIgniter.php(326): CodeIgniter\CodeIgniter->handleRequest()
#10 D:\Pemrograman\Website\project-one\public\index.php(37): CodeIgniter\CodeIgniter->run()
#11 D:\Pemrograman\Website\project-one\system\Commands\Server\rewrite.php(43): require_once('...')
#12 {main}
CRITICAL - 2022-04-25 12:40:42 --> CodeIgniter\Validation\Rules::is_unique(): Argument #2 ($field) must be of type string, null given, called in D:\Pemrograman\Website\project-one\system\Validation\Validation.php on line 291
#0 D:\Pemrograman\Website\project-one\system\Validation\Validation.php(291): CodeIgniter\Validation\Rules->is_unique()
#1 D:\Pemrograman\Website\project-one\system\Validation\Validation.php(157): CodeIgniter\Validation\Validation->processRules()
#2 D:\Pemrograman\Website\project-one\system\BaseModel.php(1347): CodeIgniter\Validation\Validation->run()
#3 D:\Pemrograman\Website\project-one\system\BaseModel.php(707): CodeIgniter\BaseModel->validate()
#4 D:\Pemrograman\Website\project-one\system\Model.php(625): CodeIgniter\BaseModel->insert()
#5 D:\Pemrograman\Website\project-one\system\BaseModel.php(658): CodeIgniter\Model->insert()
#6 D:\Pemrograman\Website\project-one\app\Controllers\Commentapi.php(45): CodeIgniter\BaseModel->save()
#7 D:\Pemrograman\Website\project-one\system\CodeIgniter.php(832): App\Controllers\Commentapi->create()
#8 D:\Pemrograman\Website\project-one\system\CodeIgniter.php(419): CodeIgniter\CodeIgniter->runController()
#9 D:\Pemrograman\Website\project-one\system\CodeIgniter.php(326): CodeIgniter\CodeIgniter->handleRequest()
#10 D:\Pemrograman\Website\project-one\public\index.php(37): CodeIgniter\CodeIgniter->run()
#11 D:\Pemrograman\Website\project-one\system\Commands\Server\rewrite.php(43): require_once('...')
#12 {main}
CRITICAL - 2022-04-25 12:49:33 --> CodeIgniter\Validation\Rules::is_unique(): Argument #2 ($field) must be of type string, null given, called in D:\Pemrograman\Website\project-one\system\Validation\Validation.php on line 291
#0 D:\Pemrograman\Website\project-one\system\Validation\Validation.php(291): CodeIgniter\Validation\Rules->is_unique()
#1 D:\Pemrograman\Website\project-one\system\Validation\Validation.php(157): CodeIgniter\Validation\Validation->processRules()
#2 D:\Pemrograman\Website\project-one\system\BaseModel.php(1347): CodeIgniter\Validation\Validation->run()
#3 D:\Pemrograman\Website\project-one\system\BaseModel.php(707): CodeIgniter\BaseModel->validate()
#4 D:\Pemrograman\Website\project-one\system\Model.php(625): CodeIgniter\BaseModel->insert()
#5 D:\Pemrograman\Website\project-one\system\BaseModel.php(658): CodeIgniter\Model->insert()
#6 D:\Pemrograman\Website\project-one\app\Controllers\Commentapi.php(45): CodeIgniter\BaseModel->save()
#7 D:\Pemrograman\Website\project-one\system\CodeIgniter.php(832): App\Controllers\Commentapi->create()
#8 D:\Pemrograman\Website\project-one\system\CodeIgniter.php(419): CodeIgniter\CodeIgniter->runController()
#9 D:\Pemrograman\Website\project-one\system\CodeIgniter.php(326): CodeIgniter\CodeIgniter->handleRequest()
#10 D:\Pemrograman\Website\project-one\public\index.php(37): CodeIgniter\CodeIgniter->run()
#11 D:\Pemrograman\Website\project-one\system\Commands\Server\rewrite.php(43): require_once('...')
#12 {main}
CRITICAL - 2022-04-25 12:50:10 --> CodeIgniter\Validation\Rules::is_unique(): Argument #2 ($field) must be of type string, null given, called in D:\Pemrograman\Website\project-one\system\Validation\Validation.php on line 291
#0 D:\Pemrograman\Website\project-one\system\Validation\Validation.php(291): CodeIgniter\Validation\Rules->is_unique()
#1 D:\Pemrograman\Website\project-one\system\Validation\Validation.php(157): CodeIgniter\Validation\Validation->processRules()
#2 D:\Pemrograman\Website\project-one\system\BaseModel.php(1347): CodeIgniter\Validation\Validation->run()
#3 D:\Pemrograman\Website\project-one\system\BaseModel.php(707): CodeIgniter\BaseModel->validate()
#4 D:\Pemrograman\Website\project-one\system\Model.php(625): CodeIgniter\BaseModel->insert()
#5 D:\Pemrograman\Website\project-one\system\BaseModel.php(658): CodeIgniter\Model->insert()
#6 D:\Pemrograman\Website\project-one\app\Controllers\Commentapi.php(45): CodeIgniter\BaseModel->save()
#7 D:\Pemrograman\Website\project-one\system\CodeIgniter.php(832): App\Controllers\Commentapi->create()
#8 D:\Pemrograman\Website\project-one\system\CodeIgniter.php(419): CodeIgniter\CodeIgniter->runController()
#9 D:\Pemrograman\Website\project-one\system\CodeIgniter.php(326): CodeIgniter\CodeIgniter->handleRequest()
#10 D:\Pemrograman\Website\project-one\public\index.php(37): CodeIgniter\CodeIgniter->run()
#11 D:\Pemrograman\Website\project-one\system\Commands\Server\rewrite.php(43): require_once('...')
#12 {main}
CRITICAL - 2022-04-25 12:52:13 --> CodeIgniter\Validation\Rules::is_unique(): Argument #2 ($field) must be of type string, null given, called in D:\Pemrograman\Website\project-one\system\Validation\Validation.php on line 291
#0 D:\Pemrograman\Website\project-one\system\Validation\Validation.php(291): CodeIgniter\Validation\Rules->is_unique()
#1 D:\Pemrograman\Website\project-one\system\Validation\Validation.php(157): CodeIgniter\Validation\Validation->processRules()
#2 D:\Pemrograman\Website\project-one\system\BaseModel.php(1347): CodeIgniter\Validation\Validation->run()
#3 D:\Pemrograman\Website\project-one\system\BaseModel.php(707): CodeIgniter\BaseModel->validate()
#4 D:\Pemrograman\Website\project-one\system\Model.php(625): CodeIgniter\BaseModel->insert()
#5 D:\Pemrograman\Website\project-one\app\Controllers\Commentapi.php(45): CodeIgniter\Model->insert()
#6 D:\Pemrograman\Website\project-one\system\CodeIgniter.php(832): App\Controllers\Commentapi->create()
#7 D:\Pemrograman\Website\project-one\system\CodeIgniter.php(419): CodeIgniter\CodeIgniter->runController()
#8 D:\Pemrograman\Website\project-one\system\CodeIgniter.php(326): CodeIgniter\CodeIgniter->handleRequest()
#9 D:\Pemrograman\Website\project-one\public\index.php(37): CodeIgniter\CodeIgniter->run()
#10 D:\Pemrograman\Website\project-one\system\Commands\Server\rewrite.php(43): require_once('...')
#11 {main}
CRITICAL - 2022-04-25 12:52:19 --> CodeIgniter\Validation\Rules::is_unique(): Argument #2 ($field) must be of type string, null given, called in D:\Pemrograman\Website\project-one\system\Validation\Validation.php on line 291
#0 D:\Pemrograman\Website\project-one\system\Validation\Validation.php(291): CodeIgniter\Validation\Rules->is_unique()
#1 D:\Pemrograman\Website\project-one\system\Validation\Validation.php(157): CodeIgniter\Validation\Validation->processRules()
#2 D:\Pemrograman\Website\project-one\system\BaseModel.php(1347): CodeIgniter\Validation\Validation->run()
#3 D:\Pemrograman\Website\project-one\system\BaseModel.php(707): CodeIgniter\BaseModel->validate()
#4 D:\Pemrograman\Website\project-one\system\Model.php(625): CodeIgniter\BaseModel->insert()
#5 D:\Pemrograman\Website\project-one\app\Controllers\Commentapi.php(45): CodeIgniter\Model->insert()
#6 D:\Pemrograman\Website\project-one\system\CodeIgniter.php(832): App\Controllers\Commentapi->create()
#7 D:\Pemrograman\Website\project-one\system\CodeIgniter.php(419): CodeIgniter\CodeIgniter->runController()
#8 D:\Pemrograman\Website\project-one\system\CodeIgniter.php(326): CodeIgniter\CodeIgniter->handleRequest()
#9 D:\Pemrograman\Website\project-one\public\index.php(37): CodeIgniter\CodeIgniter->run()
#10 D:\Pemrograman\Website\project-one\system\Commands\Server\rewrite.php(43): require_once('...')
#11 {main}
CRITICAL - 2022-04-25 12:52:24 --> CodeIgniter\Validation\Rules::is_unique(): Argument #2 ($field) must be of type string, null given, called in D:\Pemrograman\Website\project-one\system\Validation\Validation.php on line 291
#0 D:\Pemrograman\Website\project-one\system\Validation\Validation.php(291): CodeIgniter\Validation\Rules->is_unique()
#1 D:\Pemrograman\Website\project-one\system\Validation\Validation.php(157): CodeIgniter\Validation\Validation->processRules()
#2 D:\Pemrograman\Website\project-one\system\BaseModel.php(1347): CodeIgniter\Validation\Validation->run()
#3 D:\Pemrograman\Website\project-one\system\BaseModel.php(707): CodeIgniter\BaseModel->validate()
#4 D:\Pemrograman\Website\project-one\system\Model.php(625): CodeIgniter\BaseModel->insert()
#5 D:\Pemrograman\Website\project-one\app\Controllers\Commentapi.php(45): CodeIgniter\Model->insert()
#6 D:\Pemrograman\Website\project-one\system\CodeIgniter.php(832): App\Controllers\Commentapi->create()
#7 D:\Pemrograman\Website\project-one\system\CodeIgniter.php(419): CodeIgniter\CodeIgniter->runController()
#8 D:\Pemrograman\Website\project-one\system\CodeIgniter.php(326): CodeIgniter\CodeIgniter->handleRequest()
#9 D:\Pemrograman\Website\project-one\public\index.php(37): CodeIgniter\CodeIgniter->run()
#10 D:\Pemrograman\Website\project-one\system\Commands\Server\rewrite.php(43): require_once('...')
#11 {main}
CRITICAL - 2022-04-25 12:53:58 --> CodeIgniter\Validation\Rules::is_unique(): Argument #2 ($field) must be of type string, null given, called in D:\Pemrograman\Website\project-one\system\Validation\Validation.php on line 291
#0 D:\Pemrograman\Website\project-one\system\Validation\Validation.php(291): CodeIgniter\Validation\Rules->is_unique()
#1 D:\Pemrograman\Website\project-one\system\Validation\Validation.php(157): CodeIgniter\Validation\Validation->processRules()
#2 D:\Pemrograman\Website\project-one\system\BaseModel.php(1347): CodeIgniter\Validation\Validation->run()
#3 D:\Pemrograman\Website\project-one\system\BaseModel.php(707): CodeIgniter\BaseModel->validate()
#4 D:\Pemrograman\Website\project-one\system\Model.php(625): CodeIgniter\BaseModel->insert()
#5 D:\Pemrograman\Website\project-one\app\Controllers\Commentapi.php(45): CodeIgniter\Model->insert()
#6 D:\Pemrograman\Website\project-one\system\CodeIgniter.php(832): App\Controllers\Commentapi->create()
#7 D:\Pemrograman\Website\project-one\system\CodeIgniter.php(419): CodeIgniter\CodeIgniter->runController()
#8 D:\Pemrograman\Website\project-one\system\CodeIgniter.php(326): CodeIgniter\CodeIgniter->handleRequest()
#9 D:\Pemrograman\Website\project-one\public\index.php(37): CodeIgniter\CodeIgniter->run()
#10 D:\Pemrograman\Website\project-one\system\Commands\Server\rewrite.php(43): require_once('...')
#11 {main}
CRITICAL - 2022-04-25 22:48:23 --> require_once(vendor/autoload.php): Failed to open stream: No such file or directory
#0 D:\Pemrograman\Website\project-one\app\Controllers\Useraccountapi.php(20): CodeIgniter\Debug\Exceptions->errorHandler()
#1 D:\Pemrograman\Website\project-one\app\Controllers\Useraccountapi.php(20): require_once()
#2 D:\Pemrograman\Website\project-one\system\CodeIgniter.php(832): App\Controllers\Useraccountapi->tokenSignIn()
#3 D:\Pemrograman\Website\project-one\system\CodeIgniter.php(419): CodeIgniter\CodeIgniter->runController()
#4 D:\Pemrograman\Website\project-one\system\CodeIgniter.php(326): CodeIgniter\CodeIgniter->handleRequest()
#5 D:\Pemrograman\Website\project-one\public\index.php(37): CodeIgniter\CodeIgniter->run()
#6 D:\Pemrograman\Website\project-one\system\Commands\Server\rewrite.php(43): require_once('...')
#7 {main}
CRITICAL - 2022-04-25 22:48:31 --> require_once(vendor/autoload.php): Failed to open stream: No such file or directory
#0 D:\Pemrograman\Website\project-one\app\Controllers\Useraccountapi.php(20): CodeIgniter\Debug\Exceptions->errorHandler()
#1 D:\Pemrograman\Website\project-one\app\Controllers\Useraccountapi.php(20): require_once()
#2 D:\Pemrograman\Website\project-one\system\CodeIgniter.php(832): App\Controllers\Useraccountapi->tokenSignIn()
#3 D:\Pemrograman\Website\project-one\system\CodeIgniter.php(419): CodeIgniter\CodeIgniter->runController()
#4 D:\Pemrograman\Website\project-one\system\CodeIgniter.php(326): CodeIgniter\CodeIgniter->handleRequest()
#5 D:\Pemrograman\Website\project-one\public\index.php(37): CodeIgniter\CodeIgniter->run()
#6 D:\Pemrograman\Website\project-one\system\Commands\Server\rewrite.php(43): require_once('...')
#7 {main}
ERROR - 2022-04-25 22:48:46 --> Duplicate entry '20' for key 'comment_ids'
CRITICAL - 2022-04-25 22:48:46 --> Duplicate entry '20' for key 'comment_ids'
#0 D:\Pemrograman\Website\project-one\system\Database\MySQLi\Connection.php(292): mysqli->query()
#1 D:\Pemrograman\Website\project-one\system\Database\BaseConnection.php(670): CodeIgniter\Database\MySQLi\Connection->execute()
#2 D:\Pemrograman\Website\project-one\system\Database\BaseConnection.php(598): CodeIgniter\Database\BaseConnection->simpleQuery()
#3 D:\Pemrograman\Website\project-one\system\Database\BaseBuilder.php(1771): CodeIgniter\Database\BaseConnection->query()
#4 D:\Pemrograman\Website\project-one\system\Model.php(239): CodeIgniter\Database\BaseBuilder->insert()
#5 D:\Pemrograman\Website\project-one\system\BaseModel.php(738): CodeIgniter\Model->doInsert()
#6 D:\Pemrograman\Website\project-one\system\Model.php(625): CodeIgniter\BaseModel->insert()
#7 D:\Pemrograman\Website\project-one\app\Controllers\Commentapi.php(45): CodeIgniter\Model->insert()
#8 D:\Pemrograman\Website\project-one\system\CodeIgniter.php(832): App\Controllers\Commentapi->create()
#9 D:\Pemrograman\Website\project-one\system\CodeIgniter.php(419): CodeIgniter\CodeIgniter->runController()
#10 D:\Pemrograman\Website\project-one\system\CodeIgniter.php(326): CodeIgniter\CodeIgniter->handleRequest()
#11 D:\Pemrograman\Website\project-one\public\index.php(37): CodeIgniter\CodeIgniter->run()
#12 D:\Pemrograman\Website\project-one\system\Commands\Server\rewrite.php(43): require_once('...')
#13 {main}
ERROR - 2022-04-25 22:50:35 --> Duplicate entry '25' for key 'comment_ids'
CRITICAL - 2022-04-25 22:50:35 --> Duplicate entry '25' for key 'comment_ids'
#0 D:\Pemrograman\Website\project-one\system\Database\MySQLi\Connection.php(292): mysqli->query()
#1 D:\Pemrograman\Website\project-one\system\Database\BaseConnection.php(670): CodeIgniter\Database\MySQLi\Connection->execute()
#2 D:\Pemrograman\Website\project-one\system\Database\BaseConnection.php(598): CodeIgniter\Database\BaseConnection->simpleQuery()
#3 D:\Pemrograman\Website\project-one\system\Database\BaseBuilder.php(1771): CodeIgniter\Database\BaseConnection->query()
#4 D:\Pemrograman\Website\project-one\system\Model.php(239): CodeIgniter\Database\BaseBuilder->insert()
#5 D:\Pemrograman\Website\project-one\system\BaseModel.php(738): CodeIgniter\Model->doInsert()
#6 D:\Pemrograman\Website\project-one\system\Model.php(625): CodeIgniter\BaseModel->insert()
#7 D:\Pemrograman\Website\project-one\app\Controllers\Commentapi.php(45): CodeIgniter\Model->insert()
#8 D:\Pemrograman\Website\project-one\system\CodeIgniter.php(832): App\Controllers\Commentapi->create()
#9 D:\Pemrograman\Website\project-one\system\CodeIgniter.php(419): CodeIgniter\CodeIgniter->runController()
#10 D:\Pemrograman\Website\project-one\system\CodeIgniter.php(326): CodeIgniter\CodeIgniter->handleRequest()
#11 D:\Pemrograman\Website\project-one\public\index.php(37): CodeIgniter\CodeIgniter->run()
#12 D:\Pemrograman\Website\project-one\system\Commands\Server\rewrite.php(43): require_once('...')
#13 {main}
ERROR - 2022-04-25 22:50:53 --> Duplicate entry '25' for key 'comment_ids'
CRITICAL - 2022-04-25 22:50:53 --> Duplicate entry '25' for key 'comment_ids'
#0 D:\Pemrograman\Website\project-one\system\Database\MySQLi\Connection.php(292): mysqli->query()
#1 D:\Pemrograman\Website\project-one\system\Database\BaseConnection.php(670): CodeIgniter\Database\MySQLi\Connection->execute()
#2 D:\Pemrograman\Website\project-one\system\Database\BaseConnection.php(598): CodeIgniter\Database\BaseConnection->simpleQuery()
#3 D:\Pemrograman\Website\project-one\system\Database\BaseBuilder.php(1771): CodeIgniter\Database\BaseConnection->query()
#4 D:\Pemrograman\Website\project-one\system\Model.php(239): CodeIgniter\Database\BaseBuilder->insert()
#5 D:\Pemrograman\Website\project-one\system\BaseModel.php(738): CodeIgniter\Model->doInsert()
#6 D:\Pemrograman\Website\project-one\system\Model.php(625): CodeIgniter\BaseModel->insert()
#7 D:\Pemrograman\Website\project-one\app\Controllers\Commentapi.php(45): CodeIgniter\Model->insert()
#8 D:\Pemrograman\Website\project-one\system\CodeIgniter.php(832): App\Controllers\Commentapi->create()
#9 D:\Pemrograman\Website\project-one\system\CodeIgniter.php(419): CodeIgniter\CodeIgniter->runController()
#10 D:\Pemrograman\Website\project-one\system\CodeIgniter.php(326): CodeIgniter\CodeIgniter->handleRequest()
#11 D:\Pemrograman\Website\project-one\public\index.php(37): CodeIgniter\CodeIgniter->run()
#12 D:\Pemrograman\Website\project-one\system\Commands\Server\rewrite.php(43): require_once('...')
#13 {main}
ERROR - 2022-04-25 22:51:01 --> Duplicate entry '26' for key 'comment_ids'
CRITICAL - 2022-04-25 22:51:01 --> Duplicate entry '26' for key 'comment_ids'
#0 D:\Pemrograman\Website\project-one\system\Database\MySQLi\Connection.php(292): mysqli->query()
#1 D:\Pemrograman\Website\project-one\system\Database\BaseConnection.php(670): CodeIgniter\Database\MySQLi\Connection->execute()
#2 D:\Pemrograman\Website\project-one\system\Database\BaseConnection.php(598): CodeIgniter\Database\BaseConnection->simpleQuery()
#3 D:\Pemrograman\Website\project-one\system\Database\BaseBuilder.php(1771): CodeIgniter\Database\BaseConnection->query()
#4 D:\Pemrograman\Website\project-one\system\Model.php(239): CodeIgniter\Database\BaseBuilder->insert()
#5 D:\Pemrograman\Website\project-one\system\BaseModel.php(738): CodeIgniter\Model->doInsert()
#6 D:\Pemrograman\Website\project-one\system\Model.php(625): CodeIgniter\BaseModel->insert()
#7 D:\Pemrograman\Website\project-one\app\Controllers\Commentapi.php(45): CodeIgniter\Model->insert()
#8 D:\Pemrograman\Website\project-one\system\CodeIgniter.php(832): App\Controllers\Commentapi->create()
#9 D:\Pemrograman\Website\project-one\system\CodeIgniter.php(419): CodeIgniter\CodeIgniter->runController()
#10 D:\Pemrograman\Website\project-one\system\CodeIgniter.php(326): CodeIgniter\CodeIgniter->handleRequest()
#11 D:\Pemrograman\Website\project-one\public\index.php(37): CodeIgniter\CodeIgniter->run()
#12 D:\Pemrograman\Website\project-one\system\Commands\Server\rewrite.php(43): require_once('...')
#13 {main}
ERROR - 2022-04-25 22:59:14 --> Duplicate entry '26' for key 'comment_ids'
CRITICAL - 2022-04-25 22:59:14 --> Duplicate entry '26' for key 'comment_ids'
#0 D:\Pemrograman\Website\project-one\system\Database\MySQLi\Connection.php(292): mysqli->query()
#1 D:\Pemrograman\Website\project-one\system\Database\BaseConnection.php(670): CodeIgniter\Database\MySQLi\Connection->execute()
#2 D:\Pemrograman\Website\project-one\system\Database\BaseConnection.php(598): CodeIgniter\Database\BaseConnection->simpleQuery()
#3 D:\Pemrograman\Website\project-one\system\Database\BaseBuilder.php(1771): CodeIgniter\Database\BaseConnection->query()
#4 D:\Pemrograman\Website\project-one\system\Model.php(239): CodeIgniter\Database\BaseBuilder->insert()
#5 D:\Pemrograman\Website\project-one\system\BaseModel.php(738): CodeIgniter\Model->doInsert()
#6 D:\Pemrograman\Website\project-one\system\Model.php(625): CodeIgniter\BaseModel->insert()
#7 D:\Pemrograman\Website\project-one\app\Controllers\Commentapi.php(45): CodeIgniter\Model->insert()
#8 D:\Pemrograman\Website\project-one\system\CodeIgniter.php(832): App\Controllers\Commentapi->create()
#9 D:\Pemrograman\Website\project-one\system\CodeIgniter.php(419): CodeIgniter\CodeIgniter->runController()
#10 D:\Pemrograman\Website\project-one\system\CodeIgniter.php(326): CodeIgniter\CodeIgniter->handleRequest()
#11 D:\Pemrograman\Website\project-one\public\index.php(37): CodeIgniter\CodeIgniter->run()
#12 D:\Pemrograman\Website\project-one\system\Commands\Server\rewrite.php(43): require_once('...')
#13 {main}
ERROR - 2022-04-25 23:12:46 --> Duplicate entry '25' for key 'comment_ids'
CRITICAL - 2022-04-25 23:12:46 --> Duplicate entry '25' for key 'comment_ids'
#0 D:\Pemrograman\Website\project-one\system\Database\MySQLi\Connection.php(292): mysqli->query()
#1 D:\Pemrograman\Website\project-one\system\Database\BaseConnection.php(670): CodeIgniter\Database\MySQLi\Connection->execute()
#2 D:\Pemrograman\Website\project-one\system\Database\BaseConnection.php(598): CodeIgniter\Database\BaseConnection->simpleQuery()
#3 D:\Pemrograman\Website\project-one\system\Database\BaseBuilder.php(1771): CodeIgniter\Database\BaseConnection->query()
#4 D:\Pemrograman\Website\project-one\system\Model.php(239): CodeIgniter\Database\BaseBuilder->insert()
#5 D:\Pemrograman\Website\project-one\system\BaseModel.php(738): CodeIgniter\Model->doInsert()
#6 D:\Pemrograman\Website\project-one\system\Model.php(625): CodeIgniter\BaseModel->insert()
#7 D:\Pemrograman\Website\project-one\app\Controllers\Commentapi.php(50): CodeIgniter\Model->insert()
#8 D:\Pemrograman\Website\project-one\system\CodeIgniter.php(832): App\Controllers\Commentapi->create()
#9 D:\Pemrograman\Website\project-one\system\CodeIgniter.php(419): CodeIgniter\CodeIgniter->runController()
#10 D:\Pemrograman\Website\project-one\system\CodeIgniter.php(326): CodeIgniter\CodeIgniter->handleRequest()
#11 D:\Pemrograman\Website\project-one\public\index.php(37): CodeIgniter\CodeIgniter->run()
#12 D:\Pemrograman\Website\project-one\system\Commands\Server\rewrite.php(43): require_once('...')
#13 {main}
ERROR - 2022-04-25 23:24:29 --> Duplicate entry '26' for key 'comment_ids'
CRITICAL - 2022-04-25 23:24:29 --> Duplicate entry '26' for key 'comment_ids'
#0 D:\Pemrograman\Website\project-one\system\Database\MySQLi\Connection.php(292): mysqli->query()
#1 D:\Pemrograman\Website\project-one\system\Database\BaseConnection.php(670): CodeIgniter\Database\MySQLi\Connection->execute()
#2 D:\Pemrograman\Website\project-one\system\Database\BaseConnection.php(598): CodeIgniter\Database\BaseConnection->simpleQuery()
#3 D:\Pemrograman\Website\project-one\system\Database\BaseBuilder.php(1771): CodeIgniter\Database\BaseConnection->query()
#4 D:\Pemrograman\Website\project-one\system\Model.php(239): CodeIgniter\Database\BaseBuilder->insert()
#5 D:\Pemrograman\Website\project-one\system\BaseModel.php(738): CodeIgniter\Model->doInsert()
#6 D:\Pemrograman\Website\project-one\system\Model.php(625): CodeIgniter\BaseModel->insert()
#7 D:\Pemrograman\Website\project-one\app\Controllers\Commentapi.php(50): CodeIgniter\Model->insert()
#8 D:\Pemrograman\Website\project-one\system\CodeIgniter.php(832): App\Controllers\Commentapi->create()
#9 D:\Pemrograman\Website\project-one\system\CodeIgniter.php(419): CodeIgniter\CodeIgniter->runController()
#10 D:\Pemrograman\Website\project-one\system\CodeIgniter.php(326): CodeIgniter\CodeIgniter->handleRequest()
#11 D:\Pemrograman\Website\project-one\public\index.php(37): CodeIgniter\CodeIgniter->run()
#12 D:\Pemrograman\Website\project-one\system\Commands\Server\rewrite.php(43): require_once('...')
#13 {main}
ERROR - 2022-04-25 23:24:57 --> Duplicate entry '26' for key 'comment_ids'
CRITICAL - 2022-04-25 23:24:57 --> Duplicate entry '26' for key 'comment_ids'
#0 D:\Pemrograman\Website\project-one\system\Database\MySQLi\Connection.php(292): mysqli->query()
#1 D:\Pemrograman\Website\project-one\system\Database\BaseConnection.php(670): CodeIgniter\Database\MySQLi\Connection->execute()
#2 D:\Pemrograman\Website\project-one\system\Database\BaseConnection.php(598): CodeIgniter\Database\BaseConnection->simpleQuery()
#3 D:\Pemrograman\Website\project-one\system\Database\BaseBuilder.php(1771): CodeIgniter\Database\BaseConnection->query()
#4 D:\Pemrograman\Website\project-one\system\Model.php(239): CodeIgniter\Database\BaseBuilder->insert()
#5 D:\Pemrograman\Website\project-one\system\BaseModel.php(738): CodeIgniter\Model->doInsert()
#6 D:\Pemrograman\Website\project-one\system\Model.php(625): CodeIgniter\BaseModel->insert()
#7 D:\Pemrograman\Website\project-one\app\Controllers\Commentapi.php(50): CodeIgniter\Model->insert()
#8 D:\Pemrograman\Website\project-one\system\CodeIgniter.php(832): App\Controllers\Commentapi->create()
#9 D:\Pemrograman\Website\project-one\system\CodeIgniter.php(419): CodeIgniter\CodeIgniter->runController()
#10 D:\Pemrograman\Website\project-one\system\CodeIgniter.php(326): CodeIgniter\CodeIgniter->handleRequest()
#11 D:\Pemrograman\Website\project-one\public\index.php(37): CodeIgniter\CodeIgniter->run()
#12 D:\Pemrograman\Website\project-one\system\Commands\Server\rewrite.php(43): require_once('...')
#13 {main}
