ERROR - 2022-04-08 00:07:47 --> Can't create table `pr1_db`.`user_data` (errno: 150 "Foreign key constraint is incorrectly formed")
ERROR - 2022-04-08 00:10:10 --> Can't create table `pr1_db`.`user_data` (errno: 150 "Foreign key constraint is incorrectly formed")
ERROR - 2022-04-08 00:11:43 --> Can't create table `pr1_db`.`items` (errno: 150 "Foreign key constraint is incorrectly formed")
ERROR - 2022-04-08 00:12:59 --> Incorrect table definition; there can be only one auto column and it must be defined as a key
ERROR - 2022-04-08 00:13:51 --> You have an error in your SQL syntax; check the manual that corresponds to your MariaDB server version for the right syntax to use near ') DEFAULT CHARACTER SET = utf8 COLLATE = utf8_general_ci' at line 2
ERROR - 2022-04-08 00:20:15 --> You have an error in your SQL syntax; check the manual that corresponds to your MariaDB server version for the right syntax to use near ') DEFAULT CHARACTER SET = utf8 COLLATE = utf8_general_ci' at line 2
ERROR - 2022-04-08 00:22:05 --> You have an error in your SQL syntax; check the manual that corresponds to your MariaDB server version for the right syntax to use near ') DEFAULT CHARACTER SET = utf8 COLLATE = utf8_general_ci' at line 2
ERROR - 2022-04-08 00:22:41 --> You have an error in your SQL syntax; check the manual that corresponds to your MariaDB server version for the right syntax to use near ') DEFAULT CHARACTER SET = utf8 COLLATE = utf8_general_ci' at line 2
ERROR - 2022-04-08 00:23:27 --> You have an error in your SQL syntax; check the manual that corresponds to your MariaDB server version for the right syntax to use near ') DEFAULT CHARACTER SET = utf8 COLLATE = utf8_general_ci' at line 2
ERROR - 2022-04-08 00:24:44 --> You have an error in your SQL syntax; check the manual that corresponds to your MariaDB server version for the right syntax to use near ') DEFAULT CHARACTER SET = utf8 COLLATE = utf8_general_ci' at line 2
ERROR - 2022-04-08 00:31:47 --> Table 'user_data' already exists
ERROR - 2022-04-08 00:32:55 --> Unknown table 'pr1_db.user_account'
ERROR - 2022-04-08 00:32:55 --> Table 'user_data' already exists
ERROR - 2022-04-08 00:33:06 --> Unknown table 'pr1_db.user_account'
ERROR - 2022-04-08 00:34:48 --> Table 'comments' already exists
ERROR - 2022-04-08 00:35:19 --> Can't create table `pr1_db`.`user_data` (errno: 150 "Foreign key constraint is incorrectly formed")
ERROR - 2022-04-08 00:37:42 --> Table 'user_data' already exists
ERROR - 2022-04-08 01:26:47 --> Duplicate entry 'andika' for key 'PRIMARY'
ERROR - 2022-04-08 01:26:58 --> You have an error in your SQL syntax; check the manual that corresponds to your MariaDB server version for the right syntax to use near '0, 1) VALUES ('pakaian','makanan')' at line 1
ERROR - 2022-04-08 02:09:08 --> Cannot add or update a child row: a foreign key constraint fails (`pr1_db`.`comments`, CONSTRAINT `comments_username_foreign` FOREIGN KEY (`username`) REFERENCES `user_data` (`username`) ON UPDATE CASCADE)
ERROR - 2022-04-08 02:10:44 --> Unknown column 'firstname' in 'field list'
ERROR - 2022-04-08 02:12:09 --> Unknown column 'firstname' in 'field list'
ERROR - 2022-04-08 02:31:48 --> Unknown column 'firstname' in 'field list'
ERROR - 2022-04-08 03:02:48 --> Error connecting to the database: No connection could be made because the target machine actively refused it
CRITICAL - 2022-04-08 03:02:48 --> Unable to connect to the database.
Main connection [MySQLi]: No connection could be made because the target machine actively refused it
#0 D:\Pemrograman\Website\project-one\system\Database\BaseConnection.php(577): CodeIgniter\Database\BaseConnection->initialize()
#1 D:\Pemrograman\Website\project-one\system\Database\BaseBuilder.php(1455): CodeIgniter\Database\BaseConnection->query('SELECT *\nFROM `...', Array, false)
#2 D:\Pemrograman\Website\project-one\system\Model.php(183): CodeIgniter\Database\BaseBuilder->get()
#3 D:\Pemrograman\Website\project-one\system\BaseModel.php(584): CodeIgniter\Model->doFindAll(0, 0)
#4 D:\Pemrograman\Website\project-one\app\Controllers\UserAccountAPI.php(14): CodeIgniter\BaseModel->findAll()
#5 D:\Pemrograman\Website\project-one\system\CodeIgniter.php(832): App\Controllers\UserAccountAPI->index()
#6 D:\Pemrograman\Website\project-one\system\CodeIgniter.php(419): CodeIgniter\CodeIgniter->runController(Object(App\Controllers\UserAccountAPI))
#7 D:\Pemrograman\Website\project-one\system\CodeIgniter.php(326): CodeIgniter\CodeIgniter->handleRequest(NULL, Object(Config\Cache), false)
#8 D:\Pemrograman\Website\project-one\public\index.php(37): CodeIgniter\CodeIgniter->run()
#9 D:\Pemrograman\Website\project-one\system\Commands\Server\rewrite.php(43): require_once('D:\\Pemrograman\\...')
#10 {main}
CRITICAL - 2022-04-08 03:08:09 --> mysqli_result::fetch_object(): Argument #1 ($class) must be a valid class name, json given
#0 D:\Pemrograman\Website\project-one\system\Database\MySQLi\Result.php(148): mysqli_result->fetch_object('json')
#1 D:\Pemrograman\Website\project-one\system\Database\BaseResult.php(149): CodeIgniter\Database\MySQLi\Result->fetchObject('json')
#2 D:\Pemrograman\Website\project-one\system\Database\BaseResult.php(106): CodeIgniter\Database\BaseResult->getCustomResultObject('json')
#3 D:\Pemrograman\Website\project-one\system\Model.php(184): CodeIgniter\Database\BaseResult->getResult('json')
#4 D:\Pemrograman\Website\project-one\system\BaseModel.php(584): CodeIgniter\Model->doFindAll(0, 0)
#5 D:\Pemrograman\Website\project-one\app\Controllers\UserAccountAPI.php(14): CodeIgniter\BaseModel->findAll()
#6 D:\Pemrograman\Website\project-one\system\CodeIgniter.php(832): App\Controllers\UserAccountAPI->index()
#7 D:\Pemrograman\Website\project-one\system\CodeIgniter.php(419): CodeIgniter\CodeIgniter->runController(Object(App\Controllers\UserAccountAPI))
#8 D:\Pemrograman\Website\project-one\system\CodeIgniter.php(326): CodeIgniter\CodeIgniter->handleRequest(NULL, Object(Config\Cache), false)
#9 D:\Pemrograman\Website\project-one\public\index.php(37): CodeIgniter\CodeIgniter->run()
#10 D:\Pemrograman\Website\project-one\system\Commands\Server\rewrite.php(43): require_once('D:\\Pemrograman\\...')
#11 {main}
CRITICAL - 2022-04-08 03:08:32 --> mysqli_result::fetch_object(): Argument #1 ($class) must be a valid class name, json given
#0 D:\Pemrograman\Website\project-one\system\Database\MySQLi\Result.php(148): mysqli_result->fetch_object('json')
#1 D:\Pemrograman\Website\project-one\system\Database\BaseResult.php(149): CodeIgniter\Database\MySQLi\Result->fetchObject('json')
#2 D:\Pemrograman\Website\project-one\system\Database\BaseResult.php(106): CodeIgniter\Database\BaseResult->getCustomResultObject('json')
#3 D:\Pemrograman\Website\project-one\system\Model.php(184): CodeIgniter\Database\BaseResult->getResult('json')
#4 D:\Pemrograman\Website\project-one\system\BaseModel.php(584): CodeIgniter\Model->doFindAll(0, 0)
#5 D:\Pemrograman\Website\project-one\app\Controllers\UserAccountAPI.php(14): CodeIgniter\BaseModel->findAll()
#6 D:\Pemrograman\Website\project-one\system\CodeIgniter.php(832): App\Controllers\UserAccountAPI->index()
#7 D:\Pemrograman\Website\project-one\system\CodeIgniter.php(419): CodeIgniter\CodeIgniter->runController(Object(App\Controllers\UserAccountAPI))
#8 D:\Pemrograman\Website\project-one\system\CodeIgniter.php(326): CodeIgniter\CodeIgniter->handleRequest(NULL, Object(Config\Cache), false)
#9 D:\Pemrograman\Website\project-one\public\index.php(37): CodeIgniter\CodeIgniter->run()
#10 D:\Pemrograman\Website\project-one\system\Commands\Server\rewrite.php(43): require_once('D:\\Pemrograman\\...')
#11 {main}
CRITICAL - 2022-04-08 03:08:41 --> mysqli_result::fetch_object(): Argument #1 ($class) must be a valid class name, json given
#0 D:\Pemrograman\Website\project-one\system\Database\MySQLi\Result.php(148): mysqli_result->fetch_object('json')
#1 D:\Pemrograman\Website\project-one\system\Database\BaseResult.php(149): CodeIgniter\Database\MySQLi\Result->fetchObject('json')
#2 D:\Pemrograman\Website\project-one\system\Database\BaseResult.php(106): CodeIgniter\Database\BaseResult->getCustomResultObject('json')
#3 D:\Pemrograman\Website\project-one\system\Model.php(184): CodeIgniter\Database\BaseResult->getResult('json')
#4 D:\Pemrograman\Website\project-one\system\BaseModel.php(584): CodeIgniter\Model->doFindAll(0, 0)
#5 D:\Pemrograman\Website\project-one\app\Controllers\UserAccountAPI.php(14): CodeIgniter\BaseModel->findAll()
#6 D:\Pemrograman\Website\project-one\system\CodeIgniter.php(832): App\Controllers\UserAccountAPI->index()
#7 D:\Pemrograman\Website\project-one\system\CodeIgniter.php(419): CodeIgniter\CodeIgniter->runController(Object(App\Controllers\UserAccountAPI))
#8 D:\Pemrograman\Website\project-one\system\CodeIgniter.php(326): CodeIgniter\CodeIgniter->handleRequest(NULL, Object(Config\Cache), false)
#9 D:\Pemrograman\Website\project-one\public\index.php(37): CodeIgniter\CodeIgniter->run()
#10 D:\Pemrograman\Website\project-one\system\Commands\Server\rewrite.php(43): require_once('D:\\Pemrograman\\...')
#11 {main}
CRITICAL - 2022-04-08 03:10:26 --> mysqli_result::fetch_object(): Argument #1 ($class) must be a valid class name, json given
#0 D:\Pemrograman\Website\project-one\system\Database\MySQLi\Result.php(148): mysqli_result->fetch_object('json')
#1 D:\Pemrograman\Website\project-one\system\Database\BaseResult.php(149): CodeIgniter\Database\MySQLi\Result->fetchObject('json')
#2 D:\Pemrograman\Website\project-one\system\Database\BaseResult.php(106): CodeIgniter\Database\BaseResult->getCustomResultObject('json')
#3 D:\Pemrograman\Website\project-one\system\Model.php(184): CodeIgniter\Database\BaseResult->getResult('json')
#4 D:\Pemrograman\Website\project-one\system\BaseModel.php(584): CodeIgniter\Model->doFindAll(0, 0)
#5 D:\Pemrograman\Website\project-one\app\Controllers\UserAccountAPI.php(14): CodeIgniter\BaseModel->findAll()
#6 D:\Pemrograman\Website\project-one\system\CodeIgniter.php(832): App\Controllers\UserAccountAPI->index()
#7 D:\Pemrograman\Website\project-one\system\CodeIgniter.php(419): CodeIgniter\CodeIgniter->runController(Object(App\Controllers\UserAccountAPI))
#8 D:\Pemrograman\Website\project-one\system\CodeIgniter.php(326): CodeIgniter\CodeIgniter->handleRequest(NULL, Object(Config\Cache), false)
#9 D:\Pemrograman\Website\project-one\public\index.php(37): CodeIgniter\CodeIgniter->run()
#10 D:\Pemrograman\Website\project-one\system\Commands\Server\rewrite.php(43): require_once('D:\\Pemrograman\\...')
#11 {main}
CRITICAL - 2022-04-08 03:10:48 --> mysqli_result::fetch_object(): Argument #1 ($class) must be a valid class name, json given
#0 D:\Pemrograman\Website\project-one\system\Database\MySQLi\Result.php(148): mysqli_result->fetch_object('json')
#1 D:\Pemrograman\Website\project-one\system\Database\BaseResult.php(149): CodeIgniter\Database\MySQLi\Result->fetchObject('json')
#2 D:\Pemrograman\Website\project-one\system\Database\BaseResult.php(106): CodeIgniter\Database\BaseResult->getCustomResultObject('json')
#3 D:\Pemrograman\Website\project-one\system\Model.php(184): CodeIgniter\Database\BaseResult->getResult('json')
#4 D:\Pemrograman\Website\project-one\system\BaseModel.php(584): CodeIgniter\Model->doFindAll(0, 0)
#5 D:\Pemrograman\Website\project-one\app\Controllers\UserAccountAPI.php(14): CodeIgniter\BaseModel->findAll()
#6 D:\Pemrograman\Website\project-one\system\CodeIgniter.php(832): App\Controllers\UserAccountAPI->index()
#7 D:\Pemrograman\Website\project-one\system\CodeIgniter.php(419): CodeIgniter\CodeIgniter->runController(Object(App\Controllers\UserAccountAPI))
#8 D:\Pemrograman\Website\project-one\system\CodeIgniter.php(326): CodeIgniter\CodeIgniter->handleRequest(NULL, Object(Config\Cache), false)
#9 D:\Pemrograman\Website\project-one\public\index.php(37): CodeIgniter\CodeIgniter->run()
#10 D:\Pemrograman\Website\project-one\system\Commands\Server\rewrite.php(43): require_once('D:\\Pemrograman\\...')
#11 {main}
CRITICAL - 2022-04-08 03:13:28 --> mysqli_result::fetch_object(): Argument #1 ($class) must be a valid class name, json given
#0 D:\Pemrograman\Website\project-one\system\Database\MySQLi\Result.php(148): mysqli_result->fetch_object('json')
#1 D:\Pemrograman\Website\project-one\system\Database\BaseResult.php(149): CodeIgniter\Database\MySQLi\Result->fetchObject('json')
#2 D:\Pemrograman\Website\project-one\system\Database\BaseResult.php(106): CodeIgniter\Database\BaseResult->getCustomResultObject('json')
#3 D:\Pemrograman\Website\project-one\system\Model.php(184): CodeIgniter\Database\BaseResult->getResult('json')
#4 D:\Pemrograman\Website\project-one\system\BaseModel.php(584): CodeIgniter\Model->doFindAll(0, 0)
#5 D:\Pemrograman\Website\project-one\app\Controllers\UserAccountAPI.php(14): CodeIgniter\BaseModel->findAll()
#6 D:\Pemrograman\Website\project-one\system\CodeIgniter.php(832): App\Controllers\UserAccountAPI->index()
#7 D:\Pemrograman\Website\project-one\system\CodeIgniter.php(419): CodeIgniter\CodeIgniter->runController(Object(App\Controllers\UserAccountAPI))
#8 D:\Pemrograman\Website\project-one\system\CodeIgniter.php(326): CodeIgniter\CodeIgniter->handleRequest(NULL, Object(Config\Cache), false)
#9 D:\Pemrograman\Website\project-one\public\index.php(37): CodeIgniter\CodeIgniter->run()
#10 D:\Pemrograman\Website\project-one\system\Commands\Server\rewrite.php(43): require_once('D:\\Pemrograman\\...')
#11 {main}
CRITICAL - 2022-04-08 03:13:29 --> mysqli_result::fetch_object(): Argument #1 ($class) must be a valid class name, json given
#0 D:\Pemrograman\Website\project-one\system\Database\MySQLi\Result.php(148): mysqli_result->fetch_object('json')
#1 D:\Pemrograman\Website\project-one\system\Database\BaseResult.php(149): CodeIgniter\Database\MySQLi\Result->fetchObject('json')
#2 D:\Pemrograman\Website\project-one\system\Database\BaseResult.php(106): CodeIgniter\Database\BaseResult->getCustomResultObject('json')
#3 D:\Pemrograman\Website\project-one\system\Model.php(184): CodeIgniter\Database\BaseResult->getResult('json')
#4 D:\Pemrograman\Website\project-one\system\BaseModel.php(584): CodeIgniter\Model->doFindAll(0, 0)
#5 D:\Pemrograman\Website\project-one\app\Controllers\UserAccountAPI.php(14): CodeIgniter\BaseModel->findAll()
#6 D:\Pemrograman\Website\project-one\system\CodeIgniter.php(832): App\Controllers\UserAccountAPI->index()
#7 D:\Pemrograman\Website\project-one\system\CodeIgniter.php(419): CodeIgniter\CodeIgniter->runController(Object(App\Controllers\UserAccountAPI))
#8 D:\Pemrograman\Website\project-one\system\CodeIgniter.php(326): CodeIgniter\CodeIgniter->handleRequest(NULL, Object(Config\Cache), false)
#9 D:\Pemrograman\Website\project-one\public\index.php(37): CodeIgniter\CodeIgniter->run()
#10 D:\Pemrograman\Website\project-one\system\Commands\Server\rewrite.php(43): require_once('D:\\Pemrograman\\...')
#11 {main}
CRITICAL - 2022-04-08 03:13:43 --> mysqli_result::fetch_object(): Argument #1 ($class) must be a valid class name, json given
#0 D:\Pemrograman\Website\project-one\system\Database\MySQLi\Result.php(148): mysqli_result->fetch_object('json')
#1 D:\Pemrograman\Website\project-one\system\Database\BaseResult.php(149): CodeIgniter\Database\MySQLi\Result->fetchObject('json')
#2 D:\Pemrograman\Website\project-one\system\Database\BaseResult.php(106): CodeIgniter\Database\BaseResult->getCustomResultObject('json')
#3 D:\Pemrograman\Website\project-one\system\Model.php(184): CodeIgniter\Database\BaseResult->getResult('json')
#4 D:\Pemrograman\Website\project-one\system\BaseModel.php(584): CodeIgniter\Model->doFindAll(0, 0)
#5 D:\Pemrograman\Website\project-one\app\Controllers\UserAccountAPI.php(14): CodeIgniter\BaseModel->findAll()
#6 D:\Pemrograman\Website\project-one\system\CodeIgniter.php(832): App\Controllers\UserAccountAPI->index()
#7 D:\Pemrograman\Website\project-one\system\CodeIgniter.php(419): CodeIgniter\CodeIgniter->runController(Object(App\Controllers\UserAccountAPI))
#8 D:\Pemrograman\Website\project-one\system\CodeIgniter.php(326): CodeIgniter\CodeIgniter->handleRequest(NULL, Object(Config\Cache), false)
#9 D:\Pemrograman\Website\project-one\public\index.php(37): CodeIgniter\CodeIgniter->run()
#10 D:\Pemrograman\Website\project-one\system\Commands\Server\rewrite.php(43): require_once('D:\\Pemrograman\\...')
#11 {main}
CRITICAL - 2022-04-08 03:13:44 --> mysqli_result::fetch_object(): Argument #1 ($class) must be a valid class name, json given
#0 D:\Pemrograman\Website\project-one\system\Database\MySQLi\Result.php(148): mysqli_result->fetch_object('json')
#1 D:\Pemrograman\Website\project-one\system\Database\BaseResult.php(149): CodeIgniter\Database\MySQLi\Result->fetchObject('json')
#2 D:\Pemrograman\Website\project-one\system\Database\BaseResult.php(106): CodeIgniter\Database\BaseResult->getCustomResultObject('json')
#3 D:\Pemrograman\Website\project-one\system\Model.php(184): CodeIgniter\Database\BaseResult->getResult('json')
#4 D:\Pemrograman\Website\project-one\system\BaseModel.php(584): CodeIgniter\Model->doFindAll(0, 0)
#5 D:\Pemrograman\Website\project-one\app\Controllers\UserAccountAPI.php(14): CodeIgniter\BaseModel->findAll()
#6 D:\Pemrograman\Website\project-one\system\CodeIgniter.php(832): App\Controllers\UserAccountAPI->index()
#7 D:\Pemrograman\Website\project-one\system\CodeIgniter.php(419): CodeIgniter\CodeIgniter->runController(Object(App\Controllers\UserAccountAPI))
#8 D:\Pemrograman\Website\project-one\system\CodeIgniter.php(326): CodeIgniter\CodeIgniter->handleRequest(NULL, Object(Config\Cache), false)
#9 D:\Pemrograman\Website\project-one\public\index.php(37): CodeIgniter\CodeIgniter->run()
#10 D:\Pemrograman\Website\project-one\system\Commands\Server\rewrite.php(43): require_once('D:\\Pemrograman\\...')
#11 {main}
CRITICAL - 2022-04-08 03:13:47 --> mysqli_result::fetch_object(): Argument #1 ($class) must be a valid class name, json given
#0 D:\Pemrograman\Website\project-one\system\Database\MySQLi\Result.php(148): mysqli_result->fetch_object('json')
#1 D:\Pemrograman\Website\project-one\system\Database\BaseResult.php(149): CodeIgniter\Database\MySQLi\Result->fetchObject('json')
#2 D:\Pemrograman\Website\project-one\system\Database\BaseResult.php(106): CodeIgniter\Database\BaseResult->getCustomResultObject('json')
#3 D:\Pemrograman\Website\project-one\system\Model.php(184): CodeIgniter\Database\BaseResult->getResult('json')
#4 D:\Pemrograman\Website\project-one\system\BaseModel.php(584): CodeIgniter\Model->doFindAll(0, 0)
#5 D:\Pemrograman\Website\project-one\app\Controllers\UserAccountAPI.php(14): CodeIgniter\BaseModel->findAll()
#6 D:\Pemrograman\Website\project-one\system\CodeIgniter.php(832): App\Controllers\UserAccountAPI->index()
#7 D:\Pemrograman\Website\project-one\system\CodeIgniter.php(419): CodeIgniter\CodeIgniter->runController(Object(App\Controllers\UserAccountAPI))
#8 D:\Pemrograman\Website\project-one\system\CodeIgniter.php(326): CodeIgniter\CodeIgniter->handleRequest(NULL, Object(Config\Cache), false)
#9 D:\Pemrograman\Website\project-one\public\index.php(37): CodeIgniter\CodeIgniter->run()
#10 D:\Pemrograman\Website\project-one\system\Commands\Server\rewrite.php(43): require_once('D:\\Pemrograman\\...')
#11 {main}
CRITICAL - 2022-04-08 03:15:19 --> mysqli_result::fetch_object(): Argument #1 ($class) must be a valid class name, Codeigniter\Entity given
#0 D:\Pemrograman\Website\project-one\system\Database\MySQLi\Result.php(148): mysqli_result->fetch_object('Codeigniter\\Ent...')
#1 D:\Pemrograman\Website\project-one\system\Database\BaseResult.php(149): CodeIgniter\Database\MySQLi\Result->fetchObject('Codeigniter\\Ent...')
#2 D:\Pemrograman\Website\project-one\system\Database\BaseResult.php(106): CodeIgniter\Database\BaseResult->getCustomResultObject('Codeigniter\\Ent...')
#3 D:\Pemrograman\Website\project-one\system\Model.php(184): CodeIgniter\Database\BaseResult->getResult('Codeigniter\\Ent...')
#4 D:\Pemrograman\Website\project-one\system\BaseModel.php(584): CodeIgniter\Model->doFindAll(0, 0)
#5 D:\Pemrograman\Website\project-one\app\Controllers\UserAccountAPI.php(14): CodeIgniter\BaseModel->findAll()
#6 D:\Pemrograman\Website\project-one\system\CodeIgniter.php(832): App\Controllers\UserAccountAPI->index()
#7 D:\Pemrograman\Website\project-one\system\CodeIgniter.php(419): CodeIgniter\CodeIgniter->runController(Object(App\Controllers\UserAccountAPI))
#8 D:\Pemrograman\Website\project-one\system\CodeIgniter.php(326): CodeIgniter\CodeIgniter->handleRequest(NULL, Object(Config\Cache), false)
#9 D:\Pemrograman\Website\project-one\public\index.php(37): CodeIgniter\CodeIgniter->run()
#10 D:\Pemrograman\Website\project-one\system\Commands\Server\rewrite.php(43): require_once('D:\\Pemrograman\\...')
#11 {main}
CRITICAL - 2022-04-08 03:17:59 --> mysqli_result::fetch_object(): Argument #1 ($class) must be a valid class name, Codeigniter\Entity\Entity given
#0 D:\Pemrograman\Website\project-one\system\Database\MySQLi\Result.php(148): mysqli_result->fetch_object('Codeigniter\\Ent...')
#1 D:\Pemrograman\Website\project-one\system\Database\BaseResult.php(149): CodeIgniter\Database\MySQLi\Result->fetchObject('Codeigniter\\Ent...')
#2 D:\Pemrograman\Website\project-one\system\Database\BaseResult.php(106): CodeIgniter\Database\BaseResult->getCustomResultObject('Codeigniter\\Ent...')
#3 D:\Pemrograman\Website\project-one\system\Model.php(184): CodeIgniter\Database\BaseResult->getResult('Codeigniter\\Ent...')
#4 D:\Pemrograman\Website\project-one\system\BaseModel.php(584): CodeIgniter\Model->doFindAll(0, 0)
#5 D:\Pemrograman\Website\project-one\app\Controllers\UserAccountAPI.php(14): CodeIgniter\BaseModel->findAll()
#6 D:\Pemrograman\Website\project-one\system\CodeIgniter.php(832): App\Controllers\UserAccountAPI->index()
#7 D:\Pemrograman\Website\project-one\system\CodeIgniter.php(419): CodeIgniter\CodeIgniter->runController(Object(App\Controllers\UserAccountAPI))
#8 D:\Pemrograman\Website\project-one\system\CodeIgniter.php(326): CodeIgniter\CodeIgniter->handleRequest(NULL, Object(Config\Cache), false)
#9 D:\Pemrograman\Website\project-one\public\index.php(37): CodeIgniter\CodeIgniter->run()
#10 D:\Pemrograman\Website\project-one\system\Commands\Server\rewrite.php(43): require_once('D:\\Pemrograman\\...')
#11 {main}
CRITICAL - 2022-04-08 03:18:18 --> mysqli_result::fetch_object(): Argument #1 ($class) must be a valid class name, app\Entities\UserAccountApi given
#0 D:\Pemrograman\Website\project-one\system\Database\MySQLi\Result.php(148): mysqli_result->fetch_object('app\\Entities\\Us...')
#1 D:\Pemrograman\Website\project-one\system\Database\BaseResult.php(149): CodeIgniter\Database\MySQLi\Result->fetchObject('app\\Entities\\Us...')
#2 D:\Pemrograman\Website\project-one\system\Database\BaseResult.php(106): CodeIgniter\Database\BaseResult->getCustomResultObject('app\\Entities\\Us...')
#3 D:\Pemrograman\Website\project-one\system\Model.php(184): CodeIgniter\Database\BaseResult->getResult('app\\Entities\\Us...')
#4 D:\Pemrograman\Website\project-one\system\BaseModel.php(584): CodeIgniter\Model->doFindAll(0, 0)
#5 D:\Pemrograman\Website\project-one\app\Controllers\UserAccountAPI.php(14): CodeIgniter\BaseModel->findAll()
#6 D:\Pemrograman\Website\project-one\system\CodeIgniter.php(832): App\Controllers\UserAccountAPI->index()
#7 D:\Pemrograman\Website\project-one\system\CodeIgniter.php(419): CodeIgniter\CodeIgniter->runController(Object(App\Controllers\UserAccountAPI))
#8 D:\Pemrograman\Website\project-one\system\CodeIgniter.php(326): CodeIgniter\CodeIgniter->handleRequest(NULL, Object(Config\Cache), false)
#9 D:\Pemrograman\Website\project-one\public\index.php(37): CodeIgniter\CodeIgniter->run()
#10 D:\Pemrograman\Website\project-one\system\Commands\Server\rewrite.php(43): require_once('D:\\Pemrograman\\...')
#11 {main}
CRITICAL - 2022-04-08 03:18:34 --> mysqli_result::fetch_object(): Argument #1 ($class) must be a valid class name, App\Entities\UserAccountApi given
#0 D:\Pemrograman\Website\project-one\system\Database\MySQLi\Result.php(148): mysqli_result->fetch_object('App\\Entities\\Us...')
#1 D:\Pemrograman\Website\project-one\system\Database\BaseResult.php(149): CodeIgniter\Database\MySQLi\Result->fetchObject('App\\Entities\\Us...')
#2 D:\Pemrograman\Website\project-one\system\Database\BaseResult.php(106): CodeIgniter\Database\BaseResult->getCustomResultObject('App\\Entities\\Us...')
#3 D:\Pemrograman\Website\project-one\system\Model.php(184): CodeIgniter\Database\BaseResult->getResult('App\\Entities\\Us...')
#4 D:\Pemrograman\Website\project-one\system\BaseModel.php(584): CodeIgniter\Model->doFindAll(0, 0)
#5 D:\Pemrograman\Website\project-one\app\Controllers\UserAccountAPI.php(14): CodeIgniter\BaseModel->findAll()
#6 D:\Pemrograman\Website\project-one\system\CodeIgniter.php(832): App\Controllers\UserAccountAPI->index()
#7 D:\Pemrograman\Website\project-one\system\CodeIgniter.php(419): CodeIgniter\CodeIgniter->runController(Object(App\Controllers\UserAccountAPI))
#8 D:\Pemrograman\Website\project-one\system\CodeIgniter.php(326): CodeIgniter\CodeIgniter->handleRequest(NULL, Object(Config\Cache), false)
#9 D:\Pemrograman\Website\project-one\public\index.php(37): CodeIgniter\CodeIgniter->run()
#10 D:\Pemrograman\Website\project-one\system\Commands\Server\rewrite.php(43): require_once('D:\\Pemrograman\\...')
#11 {main}
CRITICAL - 2022-04-08 03:18:35 --> mysqli_result::fetch_object(): Argument #1 ($class) must be a valid class name, App\Entities\UserAccountApi given
#0 D:\Pemrograman\Website\project-one\system\Database\MySQLi\Result.php(148): mysqli_result->fetch_object('App\\Entities\\Us...')
#1 D:\Pemrograman\Website\project-one\system\Database\BaseResult.php(149): CodeIgniter\Database\MySQLi\Result->fetchObject('App\\Entities\\Us...')
#2 D:\Pemrograman\Website\project-one\system\Database\BaseResult.php(106): CodeIgniter\Database\BaseResult->getCustomResultObject('App\\Entities\\Us...')
#3 D:\Pemrograman\Website\project-one\system\Model.php(184): CodeIgniter\Database\BaseResult->getResult('App\\Entities\\Us...')
#4 D:\Pemrograman\Website\project-one\system\BaseModel.php(584): CodeIgniter\Model->doFindAll(0, 0)
#5 D:\Pemrograman\Website\project-one\app\Controllers\UserAccountAPI.php(14): CodeIgniter\BaseModel->findAll()
#6 D:\Pemrograman\Website\project-one\system\CodeIgniter.php(832): App\Controllers\UserAccountAPI->index()
#7 D:\Pemrograman\Website\project-one\system\CodeIgniter.php(419): CodeIgniter\CodeIgniter->runController(Object(App\Controllers\UserAccountAPI))
#8 D:\Pemrograman\Website\project-one\system\CodeIgniter.php(326): CodeIgniter\CodeIgniter->handleRequest(NULL, Object(Config\Cache), false)
#9 D:\Pemrograman\Website\project-one\public\index.php(37): CodeIgniter\CodeIgniter->run()
#10 D:\Pemrograman\Website\project-one\system\Commands\Server\rewrite.php(43): require_once('D:\\Pemrograman\\...')
#11 {main}
CRITICAL - 2022-04-08 03:23:55 --> Too few arguments to function CodeIgniter\RESTful\ResourceController::fail(), 0 passed in D:\Pemrograman\Website\project-one\app\Controllers\UserAccountAPI.php on line 14 and at least 1 expected
#0 D:\Pemrograman\Website\project-one\app\Controllers\UserAccountAPI.php(14): CodeIgniter\RESTful\ResourceController->fail()
#1 D:\Pemrograman\Website\project-one\system\CodeIgniter.php(832): App\Controllers\UserAccountAPI->index()
#2 D:\Pemrograman\Website\project-one\system\CodeIgniter.php(419): CodeIgniter\CodeIgniter->runController(Object(App\Controllers\UserAccountAPI))
#3 D:\Pemrograman\Website\project-one\system\CodeIgniter.php(326): CodeIgniter\CodeIgniter->handleRequest(NULL, Object(Config\Cache), false)
#4 D:\Pemrograman\Website\project-one\public\index.php(37): CodeIgniter\CodeIgniter->run()
#5 D:\Pemrograman\Website\project-one\system\Commands\Server\rewrite.php(43): require_once('D:\\Pemrograman\\...')
#6 {main}
CRITICAL - 2022-04-08 03:25:29 --> mysqli_result::fetch_object(): Argument #1 ($class) must be a valid class name, Codeigniter\Entity given
#0 D:\Pemrograman\Website\project-one\system\Database\MySQLi\Result.php(148): mysqli_result->fetch_object('Codeigniter\\Ent...')
#1 D:\Pemrograman\Website\project-one\system\Database\BaseResult.php(149): CodeIgniter\Database\MySQLi\Result->fetchObject('Codeigniter\\Ent...')
#2 D:\Pemrograman\Website\project-one\system\Database\BaseResult.php(106): CodeIgniter\Database\BaseResult->getCustomResultObject('Codeigniter\\Ent...')
#3 D:\Pemrograman\Website\project-one\system\Model.php(184): CodeIgniter\Database\BaseResult->getResult('Codeigniter\\Ent...')
#4 D:\Pemrograman\Website\project-one\system\BaseModel.php(584): CodeIgniter\Model->doFindAll(0, 0)
#5 D:\Pemrograman\Website\project-one\app\Controllers\UserAccountAPI.php(14): CodeIgniter\BaseModel->findAll()
#6 D:\Pemrograman\Website\project-one\system\CodeIgniter.php(832): App\Controllers\UserAccountAPI->index()
#7 D:\Pemrograman\Website\project-one\system\CodeIgniter.php(419): CodeIgniter\CodeIgniter->runController(Object(App\Controllers\UserAccountAPI))
#8 D:\Pemrograman\Website\project-one\system\CodeIgniter.php(326): CodeIgniter\CodeIgniter->handleRequest(NULL, Object(Config\Cache), false)
#9 D:\Pemrograman\Website\project-one\public\index.php(37): CodeIgniter\CodeIgniter->run()
#10 D:\Pemrograman\Website\project-one\system\Commands\Server\rewrite.php(43): require_once('D:\\Pemrograman\\...')
#11 {main}
CRITICAL - 2022-04-08 03:25:34 --> mysqli_result::fetch_object(): Argument #1 ($class) must be a valid class name, Codeigniter\Entity\Entity given
#0 D:\Pemrograman\Website\project-one\system\Database\MySQLi\Result.php(148): mysqli_result->fetch_object('Codeigniter\\Ent...')
#1 D:\Pemrograman\Website\project-one\system\Database\BaseResult.php(149): CodeIgniter\Database\MySQLi\Result->fetchObject('Codeigniter\\Ent...')
#2 D:\Pemrograman\Website\project-one\system\Database\BaseResult.php(106): CodeIgniter\Database\BaseResult->getCustomResultObject('Codeigniter\\Ent...')
#3 D:\Pemrograman\Website\project-one\system\Model.php(184): CodeIgniter\Database\BaseResult->getResult('Codeigniter\\Ent...')
#4 D:\Pemrograman\Website\project-one\system\BaseModel.php(584): CodeIgniter\Model->doFindAll(0, 0)
#5 D:\Pemrograman\Website\project-one\app\Controllers\UserAccountAPI.php(14): CodeIgniter\BaseModel->findAll()
#6 D:\Pemrograman\Website\project-one\system\CodeIgniter.php(832): App\Controllers\UserAccountAPI->index()
#7 D:\Pemrograman\Website\project-one\system\CodeIgniter.php(419): CodeIgniter\CodeIgniter->runController(Object(App\Controllers\UserAccountAPI))
#8 D:\Pemrograman\Website\project-one\system\CodeIgniter.php(326): CodeIgniter\CodeIgniter->handleRequest(NULL, Object(Config\Cache), false)
#9 D:\Pemrograman\Website\project-one\public\index.php(37): CodeIgniter\CodeIgniter->run()
#10 D:\Pemrograman\Website\project-one\system\Commands\Server\rewrite.php(43): require_once('D:\\Pemrograman\\...')
#11 {main}
CRITICAL - 2022-04-08 03:30:52 --> Call to undefined method App\Models\UserAccountModel::requestGetVar
#0 D:\Pemrograman\Website\project-one\app\Controllers\UserAccountAPI.php(21): CodeIgniter\Model->__call('requestGetVar', Array)
#1 D:\Pemrograman\Website\project-one\system\CodeIgniter.php(832): App\Controllers\UserAccountAPI->create()
#2 D:\Pemrograman\Website\project-one\system\CodeIgniter.php(419): CodeIgniter\CodeIgniter->runController(Object(App\Controllers\UserAccountAPI))
#3 D:\Pemrograman\Website\project-one\system\CodeIgniter.php(326): CodeIgniter\CodeIgniter->handleRequest(NULL, Object(Config\Cache), false)
#4 D:\Pemrograman\Website\project-one\public\index.php(37): CodeIgniter\CodeIgniter->run()
#5 D:\Pemrograman\Website\project-one\system\Commands\Server\rewrite.php(43): require_once('D:\\Pemrograman\\...')
#6 {main}
CRITICAL - 2022-04-08 03:38:19 --> Call to undefined method App\Models\UserAccountModel::GetVar
#0 D:\Pemrograman\Website\project-one\app\Controllers\UserAccountAPI.php(21): CodeIgniter\Model->__call('GetVar', Array)
#1 D:\Pemrograman\Website\project-one\system\CodeIgniter.php(832): App\Controllers\UserAccountAPI->create()
#2 D:\Pemrograman\Website\project-one\system\CodeIgniter.php(419): CodeIgniter\CodeIgniter->runController(Object(App\Controllers\UserAccountAPI))
#3 D:\Pemrograman\Website\project-one\system\CodeIgniter.php(326): CodeIgniter\CodeIgniter->handleRequest(NULL, Object(Config\Cache), false)
#4 D:\Pemrograman\Website\project-one\public\index.php(37): CodeIgniter\CodeIgniter->run()
#5 D:\Pemrograman\Website\project-one\system\Commands\Server\rewrite.php(43): require_once('D:\\Pemrograman\\...')
#6 {main}
CRITICAL - 2022-04-08 03:42:15 --> Call to undefined method App\Models\UserAccountModel::GetVar
#0 D:\Pemrograman\Website\project-one\app\Controllers\Useraccountapi.php(21): CodeIgniter\Model->__call('GetVar', Array)
#1 D:\Pemrograman\Website\project-one\system\CodeIgniter.php(832): App\Controllers\Useraccountapi->create()
#2 D:\Pemrograman\Website\project-one\system\CodeIgniter.php(419): CodeIgniter\CodeIgniter->runController(Object(App\Controllers\Useraccountapi))
#3 D:\Pemrograman\Website\project-one\system\CodeIgniter.php(326): CodeIgniter\CodeIgniter->handleRequest(NULL, Object(Config\Cache), false)
#4 D:\Pemrograman\Website\project-one\public\index.php(37): CodeIgniter\CodeIgniter->run()
#5 D:\Pemrograman\Website\project-one\system\Commands\Server\rewrite.php(43): require_once('D:\\Pemrograman\\...')
#6 {main}
CRITICAL - 2022-04-08 04:06:36 --> Too few arguments to function App\Controllers\Useraccountapi::login(), 0 passed in D:\Pemrograman\Website\project-one\system\CodeIgniter.php on line 832 and exactly 2 expected
#0 D:\Pemrograman\Website\project-one\system\CodeIgniter.php(832): App\Controllers\Useraccountapi->login()
#1 D:\Pemrograman\Website\project-one\system\CodeIgniter.php(419): CodeIgniter\CodeIgniter->runController(Object(App\Controllers\Useraccountapi))
#2 D:\Pemrograman\Website\project-one\system\CodeIgniter.php(326): CodeIgniter\CodeIgniter->handleRequest(NULL, Object(Config\Cache), false)
#3 D:\Pemrograman\Website\project-one\public\index.php(37): CodeIgniter\CodeIgniter->run()
#4 D:\Pemrograman\Website\project-one\system\Commands\Server\rewrite.php(43): require_once('D:\\Pemrograman\\...')
#5 {main}
ERROR - 2022-04-08 04:34:08 --> Error connecting to the database: No connection could be made because the target machine actively refused it
CRITICAL - 2022-04-08 04:34:08 --> Unable to connect to the database.
Main connection [MySQLi]: No connection could be made because the target machine actively refused it
#0 D:\Pemrograman\Website\project-one\system\Database\BaseConnection.php(577): CodeIgniter\Database\BaseConnection->initialize()
#1 D:\Pemrograman\Website\project-one\system\Database\BaseBuilder.php(1455): CodeIgniter\Database\BaseConnection->query('SELECT *\nFROM `...', Array, false)
#2 D:\Pemrograman\Website\project-one\system\Model.php(183): CodeIgniter\Database\BaseBuilder->get()
#3 D:\Pemrograman\Website\project-one\system\BaseModel.php(584): CodeIgniter\Model->doFindAll(0, 0)
#4 D:\Pemrograman\Website\project-one\app\Controllers\Useraccountapi.php(14): CodeIgniter\BaseModel->findAll()
#5 D:\Pemrograman\Website\project-one\system\CodeIgniter.php(832): App\Controllers\Useraccountapi->index()
#6 D:\Pemrograman\Website\project-one\system\CodeIgniter.php(419): CodeIgniter\CodeIgniter->runController(Object(App\Controllers\Useraccountapi))
#7 D:\Pemrograman\Website\project-one\system\CodeIgniter.php(326): CodeIgniter\CodeIgniter->handleRequest(NULL, Object(Config\Cache), false)
#8 D:\Pemrograman\Website\project-one\public\index.php(37): CodeIgniter\CodeIgniter->run()
#9 D:\Pemrograman\Website\project-one\system\Commands\Server\rewrite.php(43): require_once('D:\\Pemrograman\\...')
#10 {main}
CRITICAL - 2022-04-08 04:40:56 --> Declaration of App\Controllers\Useraccountapi::show($username) must be compatible with CodeIgniter\RESTful\ResourceController::show($id = null)
#0 [internal function]: CodeIgniter\Debug\Exceptions->shutdownHandler()
#1 {main}
CRITICAL - 2022-04-08 04:41:08 --> Declaration of App\Controllers\Useraccountapi::show($username) must be compatible with CodeIgniter\RESTful\ResourceController::show($id = null)
#0 [internal function]: CodeIgniter\Debug\Exceptions->shutdownHandler()
#1 {main}
CRITICAL - 2022-04-08 04:41:31 --> Declaration of App\Controllers\Useraccountapi::show($id) must be compatible with CodeIgniter\RESTful\ResourceController::show($id = null)
#0 [internal function]: CodeIgniter\Debug\Exceptions->shutdownHandler()
#1 {main}
CRITICAL - 2022-04-08 04:46:50 --> Declaration of App\Controllers\Useraccountapi::show($id) must be compatible with CodeIgniter\RESTful\ResourceController::show($id = null)
#0 [internal function]: CodeIgniter\Debug\Exceptions->shutdownHandler()
#1 {main}
CRITICAL - 2022-04-08 04:46:52 --> Declaration of App\Controllers\Useraccountapi::show($id) must be compatible with CodeIgniter\RESTful\ResourceController::show($id = null)
#0 [internal function]: CodeIgniter\Debug\Exceptions->shutdownHandler()
#1 {main}
CRITICAL - 2022-04-08 04:47:03 --> Declaration of App\Controllers\Useraccountapi::show($id) must be compatible with CodeIgniter\RESTful\ResourceController::show($id = null)
#0 [internal function]: CodeIgniter\Debug\Exceptions->shutdownHandler()
#1 {main}
CRITICAL - 2022-04-08 04:52:32 --> Declaration of App\Controllers\Useraccountapi::show($id) must be compatible with CodeIgniter\RESTful\ResourceController::show($id = null)
#0 [internal function]: CodeIgniter\Debug\Exceptions->shutdownHandler()
#1 {main}
CRITICAL - 2022-04-08 04:54:07 --> Undefined variable $id
#0 D:\Pemrograman\Website\project-one\app\Controllers\Useraccountapi.php(38): CodeIgniter\Debug\Exceptions->errorHandler(2, 'Undefined varia...', 'D:\\Pemrograman\\...', 38)
#1 D:\Pemrograman\Website\project-one\system\CodeIgniter.php(832): App\Controllers\Useraccountapi->show('andika')
#2 D:\Pemrograman\Website\project-one\system\CodeIgniter.php(419): CodeIgniter\CodeIgniter->runController(Object(App\Controllers\Useraccountapi))
#3 D:\Pemrograman\Website\project-one\system\CodeIgniter.php(326): CodeIgniter\CodeIgniter->handleRequest(NULL, Object(Config\Cache), false)
#4 D:\Pemrograman\Website\project-one\public\index.php(37): CodeIgniter\CodeIgniter->run()
#5 D:\Pemrograman\Website\project-one\system\Commands\Server\rewrite.php(43): require_once('D:\\Pemrograman\\...')
#6 {main}
CRITICAL - 2022-04-08 05:01:23 --> CodeIgniter\Database\BaseBuilder::getWhere(): Argument #2 ($limit) must be of type ?int, array given, called in D:\Pemrograman\Website\project-one\system\Model.php on line 728
#0 D:\Pemrograman\Website\project-one\system\Model.php(728): CodeIgniter\Database\BaseBuilder->getWhere(Array, Array)
#1 D:\Pemrograman\Website\project-one\app\Controllers\Useraccountapi.php(19): CodeIgniter\Model->__call('getWhere', Array)
#2 D:\Pemrograman\Website\project-one\system\CodeIgniter.php(832): App\Controllers\Useraccountapi->index()
#3 D:\Pemrograman\Website\project-one\system\CodeIgniter.php(419): CodeIgniter\CodeIgniter->runController(Object(App\Controllers\Useraccountapi))
#4 D:\Pemrograman\Website\project-one\system\CodeIgniter.php(326): CodeIgniter\CodeIgniter->handleRequest(NULL, Object(Config\Cache), false)
#5 D:\Pemrograman\Website\project-one\public\index.php(37): CodeIgniter\CodeIgniter->run()
#6 D:\Pemrograman\Website\project-one\system\Commands\Server\rewrite.php(43): require_once('D:\\Pemrograman\\...')
#7 {main}
CRITICAL - 2022-04-08 05:01:51 --> CodeIgniter\Database\BaseBuilder::getWhere(): Argument #2 ($limit) must be of type ?int, array given, called in D:\Pemrograman\Website\project-one\system\Model.php on line 728
#0 D:\Pemrograman\Website\project-one\system\Model.php(728): CodeIgniter\Database\BaseBuilder->getWhere(Array, Array)
#1 D:\Pemrograman\Website\project-one\app\Controllers\Useraccountapi.php(19): CodeIgniter\Model->__call('getWhere', Array)
#2 D:\Pemrograman\Website\project-one\system\CodeIgniter.php(832): App\Controllers\Useraccountapi->index()
#3 D:\Pemrograman\Website\project-one\system\CodeIgniter.php(419): CodeIgniter\CodeIgniter->runController(Object(App\Controllers\Useraccountapi))
#4 D:\Pemrograman\Website\project-one\system\CodeIgniter.php(326): CodeIgniter\CodeIgniter->handleRequest(NULL, Object(Config\Cache), false)
#5 D:\Pemrograman\Website\project-one\public\index.php(37): CodeIgniter\CodeIgniter->run()
#6 D:\Pemrograman\Website\project-one\system\Commands\Server\rewrite.php(43): require_once('D:\\Pemrograman\\...')
#7 {main}
CRITICAL - 2022-04-08 05:03:42 --> App\Controllers\Useraccountapi::respond(): Argument #2 ($status) must be of type ?int, string given, called in D:\Pemrograman\Website\project-one\app\Controllers\Useraccountapi.php on line 22
#0 D:\Pemrograman\Website\project-one\app\Controllers\Useraccountapi.php(22): App\Controllers\Useraccountapi->respond(NULL, 'Berahasil Login')
#1 D:\Pemrograman\Website\project-one\system\CodeIgniter.php(832): App\Controllers\Useraccountapi->index()
#2 D:\Pemrograman\Website\project-one\system\CodeIgniter.php(419): CodeIgniter\CodeIgniter->runController(Object(App\Controllers\Useraccountapi))
#3 D:\Pemrograman\Website\project-one\system\CodeIgniter.php(326): CodeIgniter\CodeIgniter->handleRequest(NULL, Object(Config\Cache), false)
#4 D:\Pemrograman\Website\project-one\public\index.php(37): CodeIgniter\CodeIgniter->run()
#5 D:\Pemrograman\Website\project-one\system\Commands\Server\rewrite.php(43): require_once('D:\\Pemrograman\\...')
#6 {main}
CRITICAL - 2022-04-08 05:09:26 --> Call to undefined method CodeIgniter\Database\MySQLi\Result::first()
#0 D:\Pemrograman\Website\project-one\system\CodeIgniter.php(832): App\Controllers\Useraccountapi->index()
#1 D:\Pemrograman\Website\project-one\system\CodeIgniter.php(419): CodeIgniter\CodeIgniter->runController(Object(App\Controllers\Useraccountapi))
#2 D:\Pemrograman\Website\project-one\system\CodeIgniter.php(326): CodeIgniter\CodeIgniter->handleRequest(NULL, Object(Config\Cache), false)
#3 D:\Pemrograman\Website\project-one\public\index.php(37): CodeIgniter\CodeIgniter->run()
#4 D:\Pemrograman\Website\project-one\system\Commands\Server\rewrite.php(43): require_once('D:\\Pemrograman\\...')
#5 {main}
CRITICAL - 2022-04-08 05:13:39 --> Undefined property: App\Controllers\Useraccountapi::$db
#0 D:\Pemrograman\Website\project-one\app\Controllers\Useraccountapi.php(18): CodeIgniter\Debug\Exceptions->errorHandler(2, 'Undefined prope...', 'D:\\Pemrograman\\...', 18)
#1 D:\Pemrograman\Website\project-one\system\CodeIgniter.php(832): App\Controllers\Useraccountapi->index()
#2 D:\Pemrograman\Website\project-one\system\CodeIgniter.php(419): CodeIgniter\CodeIgniter->runController(Object(App\Controllers\Useraccountapi))
#3 D:\Pemrograman\Website\project-one\system\CodeIgniter.php(326): CodeIgniter\CodeIgniter->handleRequest(NULL, Object(Config\Cache), false)
#4 D:\Pemrograman\Website\project-one\public\index.php(37): CodeIgniter\CodeIgniter->run()
#5 D:\Pemrograman\Website\project-one\system\Commands\Server\rewrite.php(43): require_once('D:\\Pemrograman\\...')
#6 {main}
CRITICAL - 2022-04-08 05:14:06 --> Undefined property: App\Controllers\Useraccountapi::$db
#0 D:\Pemrograman\Website\project-one\app\Controllers\Useraccountapi.php(18): CodeIgniter\Debug\Exceptions->errorHandler(2, 'Undefined prope...', 'D:\\Pemrograman\\...', 18)
#1 D:\Pemrograman\Website\project-one\system\CodeIgniter.php(832): App\Controllers\Useraccountapi->index()
#2 D:\Pemrograman\Website\project-one\system\CodeIgniter.php(419): CodeIgniter\CodeIgniter->runController(Object(App\Controllers\Useraccountapi))
#3 D:\Pemrograman\Website\project-one\system\CodeIgniter.php(326): CodeIgniter\CodeIgniter->handleRequest(NULL, Object(Config\Cache), false)
#4 D:\Pemrograman\Website\project-one\public\index.php(37): CodeIgniter\CodeIgniter->run()
#5 D:\Pemrograman\Website\project-one\system\Commands\Server\rewrite.php(43): require_once('D:\\Pemrograman\\...')
#6 {main}
CRITICAL - 2022-04-08 05:16:51 --> Undefined property: App\Controllers\Useraccountapi::$db
#0 D:\Pemrograman\Website\project-one\app\Controllers\Useraccountapi.php(18): CodeIgniter\Debug\Exceptions->errorHandler(2, 'Undefined prope...', 'D:\\Pemrograman\\...', 18)
#1 D:\Pemrograman\Website\project-one\system\CodeIgniter.php(832): App\Controllers\Useraccountapi->index()
#2 D:\Pemrograman\Website\project-one\system\CodeIgniter.php(419): CodeIgniter\CodeIgniter->runController(Object(App\Controllers\Useraccountapi))
#3 D:\Pemrograman\Website\project-one\system\CodeIgniter.php(326): CodeIgniter\CodeIgniter->handleRequest(NULL, Object(Config\Cache), false)
#4 D:\Pemrograman\Website\project-one\public\index.php(37): CodeIgniter\CodeIgniter->run()
#5 D:\Pemrograman\Website\project-one\system\Commands\Server\rewrite.php(43): require_once('D:\\Pemrograman\\...')
#6 {main}
CRITICAL - 2022-04-08 05:16:53 --> Undefined property: App\Controllers\Useraccountapi::$db
#0 D:\Pemrograman\Website\project-one\app\Controllers\Useraccountapi.php(18): CodeIgniter\Debug\Exceptions->errorHandler(2, 'Undefined prope...', 'D:\\Pemrograman\\...', 18)
#1 D:\Pemrograman\Website\project-one\system\CodeIgniter.php(832): App\Controllers\Useraccountapi->index()
#2 D:\Pemrograman\Website\project-one\system\CodeIgniter.php(419): CodeIgniter\CodeIgniter->runController(Object(App\Controllers\Useraccountapi))
#3 D:\Pemrograman\Website\project-one\system\CodeIgniter.php(326): CodeIgniter\CodeIgniter->handleRequest(NULL, Object(Config\Cache), false)
#4 D:\Pemrograman\Website\project-one\public\index.php(37): CodeIgniter\CodeIgniter->run()
#5 D:\Pemrograman\Website\project-one\system\Commands\Server\rewrite.php(43): require_once('D:\\Pemrograman\\...')
#6 {main}
ERROR - 2022-04-08 05:17:06 --> You have an error in your SQL syntax; check the manual that corresponds to your MariaDB server version for the right syntax to use near 'and 'username' = andika' at line 1
CRITICAL - 2022-04-08 05:17:06 --> You have an error in your SQL syntax; check the manual that corresponds to your MariaDB server version for the right syntax to use near 'and 'username' = andika' at line 1
#0 D:\Pemrograman\Website\project-one\system\Database\MySQLi\Connection.php(292): mysqli->query('SELECT*FROM use...', 0)
#1 D:\Pemrograman\Website\project-one\system\Database\BaseConnection.php(670): CodeIgniter\Database\MySQLi\Connection->execute('SELECT*FROM use...')
#2 D:\Pemrograman\Website\project-one\system\Database\BaseConnection.php(598): CodeIgniter\Database\BaseConnection->simpleQuery('SELECT*FROM use...')
#3 D:\Pemrograman\Website\project-one\system\Model.php(726): CodeIgniter\Database\BaseConnection->query('SELECT*FROM use...')
#4 D:\Pemrograman\Website\project-one\app\Controllers\Useraccountapi.php(18): CodeIgniter\Model->__call('query', Array)
#5 D:\Pemrograman\Website\project-one\system\CodeIgniter.php(832): App\Controllers\Useraccountapi->index()
#6 D:\Pemrograman\Website\project-one\system\CodeIgniter.php(419): CodeIgniter\CodeIgniter->runController(Object(App\Controllers\Useraccountapi))
#7 D:\Pemrograman\Website\project-one\system\CodeIgniter.php(326): CodeIgniter\CodeIgniter->handleRequest(NULL, Object(Config\Cache), false)
#8 D:\Pemrograman\Website\project-one\public\index.php(37): CodeIgniter\CodeIgniter->run()
#9 D:\Pemrograman\Website\project-one\system\Commands\Server\rewrite.php(43): require_once('D:\\Pemrograman\\...')
#10 {main}
CRITICAL - 2022-04-08 05:19:38 --> CodeIgniter\Database\BaseBuilder::get(): Argument #1 ($limit) must be of type ?int, string given, called in D:\Pemrograman\Website\project-one\system\Model.php on line 728
#0 D:\Pemrograman\Website\project-one\system\Model.php(728): CodeIgniter\Database\BaseBuilder->get('andika')
#1 D:\Pemrograman\Website\project-one\app\Controllers\Useraccountapi.php(18): CodeIgniter\Model->__call('get', Array)
#2 D:\Pemrograman\Website\project-one\system\CodeIgniter.php(832): App\Controllers\Useraccountapi->index()
#3 D:\Pemrograman\Website\project-one\system\CodeIgniter.php(419): CodeIgniter\CodeIgniter->runController(Object(App\Controllers\Useraccountapi))
#4 D:\Pemrograman\Website\project-one\system\CodeIgniter.php(326): CodeIgniter\CodeIgniter->handleRequest(NULL, Object(Config\Cache), false)
#5 D:\Pemrograman\Website\project-one\public\index.php(37): CodeIgniter\CodeIgniter->run()
#6 D:\Pemrograman\Website\project-one\system\Commands\Server\rewrite.php(43): require_once('D:\\Pemrograman\\...')
#7 {main}
ERROR - 2022-04-08 08:06:22 --> Error connecting to the database: No connection could be made because the target machine actively refused it
CRITICAL - 2022-04-08 08:06:22 --> Unable to connect to the database.
Main connection [MySQLi]: No connection could be made because the target machine actively refused it
#0 D:\Pemrograman\Website\project-one\system\Database\BaseConnection.php(577): CodeIgniter\Database\BaseConnection->initialize()
#1 D:\Pemrograman\Website\project-one\system\Database\BaseBuilder.php(1455): CodeIgniter\Database\BaseConnection->query('SELECT *\nFROM `...', Array, false)
#2 D:\Pemrograman\Website\project-one\system\Model.php(728): CodeIgniter\Database\BaseBuilder->get(NULL)
#3 D:\Pemrograman\Website\project-one\app\Controllers\Useraccountapi.php(18): CodeIgniter\Model->__call('get', Array)
#4 D:\Pemrograman\Website\project-one\system\CodeIgniter.php(832): App\Controllers\Useraccountapi->index()
#5 D:\Pemrograman\Website\project-one\system\CodeIgniter.php(419): CodeIgniter\CodeIgniter->runController(Object(App\Controllers\Useraccountapi))
#6 D:\Pemrograman\Website\project-one\system\CodeIgniter.php(326): CodeIgniter\CodeIgniter->handleRequest(NULL, Object(Config\Cache), false)
#7 D:\Pemrograman\Website\project-one\public\index.php(37): CodeIgniter\CodeIgniter->run()
#8 D:\Pemrograman\Website\project-one\system\Commands\Server\rewrite.php(43): require_once('D:\\Pemrograman\\...')
#9 {main}
ERROR - 2022-04-08 08:10:05 --> You have an error in your SQL syntax; check the manual that corresponds to your MariaDB server version for the right syntax to use near ':0:
AND 1 IS NULL' at line 3
CRITICAL - 2022-04-08 08:10:05 --> You have an error in your SQL syntax; check the manual that corresponds to your MariaDB server version for the right syntax to use near ':0:
AND 1 IS NULL' at line 3
#0 D:\Pemrograman\Website\project-one\system\Database\MySQLi\Connection.php(292): mysqli->query('SELECT *\nFROM `...', 0)
#1 D:\Pemrograman\Website\project-one\system\Database\BaseConnection.php(670): CodeIgniter\Database\MySQLi\Connection->execute('SELECT *\nFROM `...')
#2 D:\Pemrograman\Website\project-one\system\Database\BaseConnection.php(598): CodeIgniter\Database\BaseConnection->simpleQuery('SELECT *\nFROM `...')
#3 D:\Pemrograman\Website\project-one\system\Database\BaseBuilder.php(1588): CodeIgniter\Database\BaseConnection->query('SELECT *\nFROM `...', Array, false)
#4 D:\Pemrograman\Website\project-one\system\Model.php(728): CodeIgniter\Database\BaseBuilder->getWhere(Array)
#5 D:\Pemrograman\Website\project-one\app\Controllers\Useraccountapi.php(19): CodeIgniter\Model->__call('getWhere', Array)
#6 D:\Pemrograman\Website\project-one\system\CodeIgniter.php(832): App\Controllers\Useraccountapi->index()
#7 D:\Pemrograman\Website\project-one\system\CodeIgniter.php(419): CodeIgniter\CodeIgniter->runController(Object(App\Controllers\Useraccountapi))
#8 D:\Pemrograman\Website\project-one\system\CodeIgniter.php(326): CodeIgniter\CodeIgniter->handleRequest(NULL, Object(Config\Cache), false)
#9 D:\Pemrograman\Website\project-one\public\index.php(37): CodeIgniter\CodeIgniter->run()
#10 D:\Pemrograman\Website\project-one\system\Commands\Server\rewrite.php(43): require_once('D:\\Pemrograman\\...')
#11 {main}
ERROR - 2022-04-08 08:10:19 --> You have an error in your SQL syntax; check the manual that corresponds to your MariaDB server version for the right syntax to use near ':0:
AND 1 IS NULL' at line 3
CRITICAL - 2022-04-08 08:10:19 --> You have an error in your SQL syntax; check the manual that corresponds to your MariaDB server version for the right syntax to use near ':0:
AND 1 IS NULL' at line 3
#0 D:\Pemrograman\Website\project-one\system\Database\MySQLi\Connection.php(292): mysqli->query('SELECT *\nFROM `...', 0)
#1 D:\Pemrograman\Website\project-one\system\Database\BaseConnection.php(670): CodeIgniter\Database\MySQLi\Connection->execute('SELECT *\nFROM `...')
#2 D:\Pemrograman\Website\project-one\system\Database\BaseConnection.php(598): CodeIgniter\Database\BaseConnection->simpleQuery('SELECT *\nFROM `...')
#3 D:\Pemrograman\Website\project-one\system\Database\BaseBuilder.php(1588): CodeIgniter\Database\BaseConnection->query('SELECT *\nFROM `...', Array, false)
#4 D:\Pemrograman\Website\project-one\system\Model.php(728): CodeIgniter\Database\BaseBuilder->getWhere(Array)
#5 D:\Pemrograman\Website\project-one\app\Controllers\Useraccountapi.php(19): CodeIgniter\Model->__call('getWhere', Array)
#6 D:\Pemrograman\Website\project-one\system\CodeIgniter.php(832): App\Controllers\Useraccountapi->index()
#7 D:\Pemrograman\Website\project-one\system\CodeIgniter.php(419): CodeIgniter\CodeIgniter->runController(Object(App\Controllers\Useraccountapi))
#8 D:\Pemrograman\Website\project-one\system\CodeIgniter.php(326): CodeIgniter\CodeIgniter->handleRequest(NULL, Object(Config\Cache), false)
#9 D:\Pemrograman\Website\project-one\public\index.php(37): CodeIgniter\CodeIgniter->run()
#10 D:\Pemrograman\Website\project-one\system\Commands\Server\rewrite.php(43): require_once('D:\\Pemrograman\\...')
#11 {main}
ERROR - 2022-04-08 08:10:24 --> You have an error in your SQL syntax; check the manual that corresponds to your MariaDB server version for the right syntax to use near ':0:
AND 1 = :1:' at line 3
CRITICAL - 2022-04-08 08:10:24 --> You have an error in your SQL syntax; check the manual that corresponds to your MariaDB server version for the right syntax to use near ':0:
AND 1 = :1:' at line 3
#0 D:\Pemrograman\Website\project-one\system\Database\MySQLi\Connection.php(292): mysqli->query('SELECT *\nFROM `...', 0)
#1 D:\Pemrograman\Website\project-one\system\Database\BaseConnection.php(670): CodeIgniter\Database\MySQLi\Connection->execute('SELECT *\nFROM `...')
#2 D:\Pemrograman\Website\project-one\system\Database\BaseConnection.php(598): CodeIgniter\Database\BaseConnection->simpleQuery('SELECT *\nFROM `...')
#3 D:\Pemrograman\Website\project-one\system\Database\BaseBuilder.php(1588): CodeIgniter\Database\BaseConnection->query('SELECT *\nFROM `...', Array, false)
#4 D:\Pemrograman\Website\project-one\system\Model.php(728): CodeIgniter\Database\BaseBuilder->getWhere(Array)
#5 D:\Pemrograman\Website\project-one\app\Controllers\Useraccountapi.php(19): CodeIgniter\Model->__call('getWhere', Array)
#6 D:\Pemrograman\Website\project-one\system\CodeIgniter.php(832): App\Controllers\Useraccountapi->index()
#7 D:\Pemrograman\Website\project-one\system\CodeIgniter.php(419): CodeIgniter\CodeIgniter->runController(Object(App\Controllers\Useraccountapi))
#8 D:\Pemrograman\Website\project-one\system\CodeIgniter.php(326): CodeIgniter\CodeIgniter->handleRequest(NULL, Object(Config\Cache), false)
#9 D:\Pemrograman\Website\project-one\public\index.php(37): CodeIgniter\CodeIgniter->run()
#10 D:\Pemrograman\Website\project-one\system\Commands\Server\rewrite.php(43): require_once('D:\\Pemrograman\\...')
#11 {main}
ERROR - 2022-04-08 08:10:45 --> You have an error in your SQL syntax; check the manual that corresponds to your MariaDB server version for the right syntax to use near ':0:
AND 1 = :1:' at line 3
CRITICAL - 2022-04-08 08:10:45 --> You have an error in your SQL syntax; check the manual that corresponds to your MariaDB server version for the right syntax to use near ':0:
AND 1 = :1:' at line 3
#0 D:\Pemrograman\Website\project-one\system\Database\MySQLi\Connection.php(292): mysqli->query('SELECT *\nFROM `...', 0)
#1 D:\Pemrograman\Website\project-one\system\Database\BaseConnection.php(670): CodeIgniter\Database\MySQLi\Connection->execute('SELECT *\nFROM `...')
#2 D:\Pemrograman\Website\project-one\system\Database\BaseConnection.php(598): CodeIgniter\Database\BaseConnection->simpleQuery('SELECT *\nFROM `...')
#3 D:\Pemrograman\Website\project-one\system\Database\BaseBuilder.php(1588): CodeIgniter\Database\BaseConnection->query('SELECT *\nFROM `...', Array, false)
#4 D:\Pemrograman\Website\project-one\system\Model.php(728): CodeIgniter\Database\BaseBuilder->getWhere(Array)
#5 D:\Pemrograman\Website\project-one\app\Controllers\Useraccountapi.php(19): CodeIgniter\Model->__call('getWhere', Array)
#6 D:\Pemrograman\Website\project-one\system\CodeIgniter.php(832): App\Controllers\Useraccountapi->index()
#7 D:\Pemrograman\Website\project-one\system\CodeIgniter.php(419): CodeIgniter\CodeIgniter->runController(Object(App\Controllers\Useraccountapi))
#8 D:\Pemrograman\Website\project-one\system\CodeIgniter.php(326): CodeIgniter\CodeIgniter->handleRequest(NULL, Object(Config\Cache), false)
#9 D:\Pemrograman\Website\project-one\public\index.php(37): CodeIgniter\CodeIgniter->run()
#10 D:\Pemrograman\Website\project-one\system\Commands\Server\rewrite.php(43): require_once('D:\\Pemrograman\\...')
#11 {main}
CRITICAL - 2022-04-08 08:15:44 --> session_id(): Session ID cannot be changed when a session is active
#0 [internal function]: CodeIgniter\Debug\Exceptions->errorHandler(2, 'session_id(): S...', 'D:\\Pemrograman\\...', 17)
#1 D:\Pemrograman\Website\project-one\app\Controllers\Useraccountapi.php(17): session_id('aofnawfawfa')
#2 D:\Pemrograman\Website\project-one\system\CodeIgniter.php(832): App\Controllers\Useraccountapi->index()
#3 D:\Pemrograman\Website\project-one\system\CodeIgniter.php(419): CodeIgniter\CodeIgniter->runController(Object(App\Controllers\Useraccountapi))
#4 D:\Pemrograman\Website\project-one\system\CodeIgniter.php(326): CodeIgniter\CodeIgniter->handleRequest(NULL, Object(Config\Cache), false)
#5 D:\Pemrograman\Website\project-one\public\index.php(37): CodeIgniter\CodeIgniter->run()
#6 D:\Pemrograman\Website\project-one\system\Commands\Server\rewrite.php(43): require_once('D:\\Pemrograman\\...')
#7 {main}
CRITICAL - 2022-04-08 08:17:27 --> Call to undefined method App\Models\UserAccountModel::findById
#0 D:\Pemrograman\Website\project-one\app\Controllers\Useraccountapi.php(18): CodeIgniter\Model->__call('findById', Array)
#1 D:\Pemrograman\Website\project-one\system\CodeIgniter.php(832): App\Controllers\Useraccountapi->index()
#2 D:\Pemrograman\Website\project-one\system\CodeIgniter.php(419): CodeIgniter\CodeIgniter->runController(Object(App\Controllers\Useraccountapi))
#3 D:\Pemrograman\Website\project-one\system\CodeIgniter.php(326): CodeIgniter\CodeIgniter->handleRequest(NULL, Object(Config\Cache), false)
#4 D:\Pemrograman\Website\project-one\public\index.php(37): CodeIgniter\CodeIgniter->run()
#5 D:\Pemrograman\Website\project-one\system\Commands\Server\rewrite.php(43): require_once('D:\\Pemrograman\\...')
#6 {main}
CRITICAL - 2022-04-08 08:19:12 --> Cannot use object of type App\Entities\UserAccountEntity as array
#0 D:\Pemrograman\Website\project-one\system\CodeIgniter.php(832): App\Controllers\Useraccountapi->index()
#1 D:\Pemrograman\Website\project-one\system\CodeIgniter.php(419): CodeIgniter\CodeIgniter->runController(Object(App\Controllers\Useraccountapi))
#2 D:\Pemrograman\Website\project-one\system\CodeIgniter.php(326): CodeIgniter\CodeIgniter->handleRequest(NULL, Object(Config\Cache), false)
#3 D:\Pemrograman\Website\project-one\public\index.php(37): CodeIgniter\CodeIgniter->run()
#4 D:\Pemrograman\Website\project-one\system\Commands\Server\rewrite.php(43): require_once('D:\\Pemrograman\\...')
#5 {main}
CRITICAL - 2022-04-08 08:19:17 --> Cannot use object of type App\Entities\UserAccountEntity as array
#0 D:\Pemrograman\Website\project-one\system\CodeIgniter.php(832): App\Controllers\Useraccountapi->index()
#1 D:\Pemrograman\Website\project-one\system\CodeIgniter.php(419): CodeIgniter\CodeIgniter->runController(Object(App\Controllers\Useraccountapi))
#2 D:\Pemrograman\Website\project-one\system\CodeIgniter.php(326): CodeIgniter\CodeIgniter->handleRequest(NULL, Object(Config\Cache), false)
#3 D:\Pemrograman\Website\project-one\public\index.php(37): CodeIgniter\CodeIgniter->run()
#4 D:\Pemrograman\Website\project-one\system\Commands\Server\rewrite.php(43): require_once('D:\\Pemrograman\\...')
#5 {main}
CRITICAL - 2022-04-08 08:20:00 --> json_decode(): Argument #1 ($json) must be of type string, App\Entities\UserAccountEntity given
#0 D:\Pemrograman\Website\project-one\app\Controllers\Useraccountapi.php(20): json_decode(Object(App\Entities\UserAccountEntity))
#1 D:\Pemrograman\Website\project-one\system\CodeIgniter.php(832): App\Controllers\Useraccountapi->index()
#2 D:\Pemrograman\Website\project-one\system\CodeIgniter.php(419): CodeIgniter\CodeIgniter->runController(Object(App\Controllers\Useraccountapi))
#3 D:\Pemrograman\Website\project-one\system\CodeIgniter.php(326): CodeIgniter\CodeIgniter->handleRequest(NULL, Object(Config\Cache), false)
#4 D:\Pemrograman\Website\project-one\public\index.php(37): CodeIgniter\CodeIgniter->run()
#5 D:\Pemrograman\Website\project-one\system\Commands\Server\rewrite.php(43): require_once('D:\\Pemrograman\\...')
#6 {main}
CRITICAL - 2022-04-08 08:20:52 --> Call to undefined method App\Entities\UserAccountEntity::find()
#0 D:\Pemrograman\Website\project-one\system\CodeIgniter.php(832): App\Controllers\Useraccountapi->index()
#1 D:\Pemrograman\Website\project-one\system\CodeIgniter.php(419): CodeIgniter\CodeIgniter->runController(Object(App\Controllers\Useraccountapi))
#2 D:\Pemrograman\Website\project-one\system\CodeIgniter.php(326): CodeIgniter\CodeIgniter->handleRequest(NULL, Object(Config\Cache), false)
#3 D:\Pemrograman\Website\project-one\public\index.php(37): CodeIgniter\CodeIgniter->run()
#4 D:\Pemrograman\Website\project-one\system\Commands\Server\rewrite.php(43): require_once('D:\\Pemrograman\\...')
#5 {main}
CRITICAL - 2022-04-08 08:22:29 --> Call to undefined method App\Entities\UserAccountEntity::getRow()
#0 D:\Pemrograman\Website\project-one\system\CodeIgniter.php(832): App\Controllers\Useraccountapi->index()
#1 D:\Pemrograman\Website\project-one\system\CodeIgniter.php(419): CodeIgniter\CodeIgniter->runController(Object(App\Controllers\Useraccountapi))
#2 D:\Pemrograman\Website\project-one\system\CodeIgniter.php(326): CodeIgniter\CodeIgniter->handleRequest(NULL, Object(Config\Cache), false)
#3 D:\Pemrograman\Website\project-one\public\index.php(37): CodeIgniter\CodeIgniter->run()
#4 D:\Pemrograman\Website\project-one\system\Commands\Server\rewrite.php(43): require_once('D:\\Pemrograman\\...')
#5 {main}
CRITICAL - 2022-04-08 08:22:36 --> Call to undefined method App\Entities\UserAccountEntity::first()
#0 D:\Pemrograman\Website\project-one\system\CodeIgniter.php(832): App\Controllers\Useraccountapi->index()
#1 D:\Pemrograman\Website\project-one\system\CodeIgniter.php(419): CodeIgniter\CodeIgniter->runController(Object(App\Controllers\Useraccountapi))
#2 D:\Pemrograman\Website\project-one\system\CodeIgniter.php(326): CodeIgniter\CodeIgniter->handleRequest(NULL, Object(Config\Cache), false)
#3 D:\Pemrograman\Website\project-one\public\index.php(37): CodeIgniter\CodeIgniter->run()
#4 D:\Pemrograman\Website\project-one\system\Commands\Server\rewrite.php(43): require_once('D:\\Pemrograman\\...')
#5 {main}
CRITICAL - 2022-04-08 08:23:40 --> Call to undefined function App\Controllers\random_string()
#0 D:\Pemrograman\Website\project-one\system\CodeIgniter.php(832): App\Controllers\Useraccountapi->index()
#1 D:\Pemrograman\Website\project-one\system\CodeIgniter.php(419): CodeIgniter\CodeIgniter->runController(Object(App\Controllers\Useraccountapi))
#2 D:\Pemrograman\Website\project-one\system\CodeIgniter.php(326): CodeIgniter\CodeIgniter->handleRequest(NULL, Object(Config\Cache), false)
#3 D:\Pemrograman\Website\project-one\public\index.php(37): CodeIgniter\CodeIgniter->run()
#4 D:\Pemrograman\Website\project-one\system\Commands\Server\rewrite.php(43): require_once('D:\\Pemrograman\\...')
#5 {main}
CRITICAL - 2022-04-08 08:23:42 --> Call to undefined function App\Controllers\random_string()
#0 D:\Pemrograman\Website\project-one\system\CodeIgniter.php(832): App\Controllers\Useraccountapi->index()
#1 D:\Pemrograman\Website\project-one\system\CodeIgniter.php(419): CodeIgniter\CodeIgniter->runController(Object(App\Controllers\Useraccountapi))
#2 D:\Pemrograman\Website\project-one\system\CodeIgniter.php(326): CodeIgniter\CodeIgniter->handleRequest(NULL, Object(Config\Cache), false)
#3 D:\Pemrograman\Website\project-one\public\index.php(37): CodeIgniter\CodeIgniter->run()
#4 D:\Pemrograman\Website\project-one\system\Commands\Server\rewrite.php(43): require_once('D:\\Pemrograman\\...')
#5 {main}
CRITICAL - 2022-04-08 08:23:49 --> Call to undefined function App\Controllers\random()
#0 D:\Pemrograman\Website\project-one\system\CodeIgniter.php(832): App\Controllers\Useraccountapi->index()
#1 D:\Pemrograman\Website\project-one\system\CodeIgniter.php(419): CodeIgniter\CodeIgniter->runController(Object(App\Controllers\Useraccountapi))
#2 D:\Pemrograman\Website\project-one\system\CodeIgniter.php(326): CodeIgniter\CodeIgniter->handleRequest(NULL, Object(Config\Cache), false)
#3 D:\Pemrograman\Website\project-one\public\index.php(37): CodeIgniter\CodeIgniter->run()
#4 D:\Pemrograman\Website\project-one\system\Commands\Server\rewrite.php(43): require_once('D:\\Pemrograman\\...')
#5 {main}
CRITICAL - 2022-04-08 08:25:41 --> Call to a member function limit() on array
#0 D:\Pemrograman\Website\project-one\system\CodeIgniter.php(832): App\Controllers\Useraccountapi->index()
#1 D:\Pemrograman\Website\project-one\system\CodeIgniter.php(419): CodeIgniter\CodeIgniter->runController(Object(App\Controllers\Useraccountapi))
#2 D:\Pemrograman\Website\project-one\system\CodeIgniter.php(326): CodeIgniter\CodeIgniter->handleRequest(NULL, Object(Config\Cache), false)
#3 D:\Pemrograman\Website\project-one\public\index.php(37): CodeIgniter\CodeIgniter->run()
#4 D:\Pemrograman\Website\project-one\system\Commands\Server\rewrite.php(43): require_once('D:\\Pemrograman\\...')
#5 {main}
CRITICAL - 2022-04-08 08:31:13 --> Cannot use object of type App\Entities\UserAccountEntity as array
#0 D:\Pemrograman\Website\project-one\system\CodeIgniter.php(832): App\Controllers\Useraccountapi->index()
#1 D:\Pemrograman\Website\project-one\system\CodeIgniter.php(419): CodeIgniter\CodeIgniter->runController(Object(App\Controllers\Useraccountapi))
#2 D:\Pemrograman\Website\project-one\system\CodeIgniter.php(326): CodeIgniter\CodeIgniter->handleRequest(NULL, Object(Config\Cache), false)
#3 D:\Pemrograman\Website\project-one\public\index.php(37): CodeIgniter\CodeIgniter->run()
#4 D:\Pemrograman\Website\project-one\system\Commands\Server\rewrite.php(43): require_once('D:\\Pemrograman\\...')
#5 {main}
CRITICAL - 2022-04-08 08:31:58 --> Call to undefined method App\Entities\UserAccountEntity::row()
#0 D:\Pemrograman\Website\project-one\system\CodeIgniter.php(832): App\Controllers\Useraccountapi->index()
#1 D:\Pemrograman\Website\project-one\system\CodeIgniter.php(419): CodeIgniter\CodeIgniter->runController(Object(App\Controllers\Useraccountapi))
#2 D:\Pemrograman\Website\project-one\system\CodeIgniter.php(326): CodeIgniter\CodeIgniter->handleRequest(NULL, Object(Config\Cache), false)
#3 D:\Pemrograman\Website\project-one\public\index.php(37): CodeIgniter\CodeIgniter->run()
#4 D:\Pemrograman\Website\project-one\system\Commands\Server\rewrite.php(43): require_once('D:\\Pemrograman\\...')
#5 {main}
CRITICAL - 2022-04-08 08:33:01 --> Call to undefined method App\Entities\UserAccountEntity::row()
#0 D:\Pemrograman\Website\project-one\system\CodeIgniter.php(832): App\Controllers\Useraccountapi->index()
#1 D:\Pemrograman\Website\project-one\system\CodeIgniter.php(419): CodeIgniter\CodeIgniter->runController(Object(App\Controllers\Useraccountapi))
#2 D:\Pemrograman\Website\project-one\system\CodeIgniter.php(326): CodeIgniter\CodeIgniter->handleRequest(NULL, Object(Config\Cache), false)
#3 D:\Pemrograman\Website\project-one\public\index.php(37): CodeIgniter\CodeIgniter->run()
#4 D:\Pemrograman\Website\project-one\system\Commands\Server\rewrite.php(43): require_once('D:\\Pemrograman\\...')
#5 {main}
CRITICAL - 2022-04-08 08:33:13 --> Call to undefined method App\Entities\UserAccountEntity::limit()
#0 D:\Pemrograman\Website\project-one\system\CodeIgniter.php(832): App\Controllers\Useraccountapi->index()
#1 D:\Pemrograman\Website\project-one\system\CodeIgniter.php(419): CodeIgniter\CodeIgniter->runController(Object(App\Controllers\Useraccountapi))
#2 D:\Pemrograman\Website\project-one\system\CodeIgniter.php(326): CodeIgniter\CodeIgniter->handleRequest(NULL, Object(Config\Cache), false)
#3 D:\Pemrograman\Website\project-one\public\index.php(37): CodeIgniter\CodeIgniter->run()
#4 D:\Pemrograman\Website\project-one\system\Commands\Server\rewrite.php(43): require_once('D:\\Pemrograman\\...')
#5 {main}
CRITICAL - 2022-04-08 08:33:23 --> Object of type App\Entities\UserAccountEntity is not callable
#0 D:\Pemrograman\Website\project-one\system\CodeIgniter.php(832): App\Controllers\Useraccountapi->index()
#1 D:\Pemrograman\Website\project-one\system\CodeIgniter.php(419): CodeIgniter\CodeIgniter->runController(Object(App\Controllers\Useraccountapi))
#2 D:\Pemrograman\Website\project-one\system\CodeIgniter.php(326): CodeIgniter\CodeIgniter->handleRequest(NULL, Object(Config\Cache), false)
#3 D:\Pemrograman\Website\project-one\public\index.php(37): CodeIgniter\CodeIgniter->run()
#4 D:\Pemrograman\Website\project-one\system\Commands\Server\rewrite.php(43): require_once('D:\\Pemrograman\\...')
#5 {main}
CRITICAL - 2022-04-08 08:33:39 --> Call to undefined method App\Entities\UserAccountEntity::first()
#0 D:\Pemrograman\Website\project-one\system\CodeIgniter.php(832): App\Controllers\Useraccountapi->index()
#1 D:\Pemrograman\Website\project-one\system\CodeIgniter.php(419): CodeIgniter\CodeIgniter->runController(Object(App\Controllers\Useraccountapi))
#2 D:\Pemrograman\Website\project-one\system\CodeIgniter.php(326): CodeIgniter\CodeIgniter->handleRequest(NULL, Object(Config\Cache), false)
#3 D:\Pemrograman\Website\project-one\public\index.php(37): CodeIgniter\CodeIgniter->run()
#4 D:\Pemrograman\Website\project-one\system\Commands\Server\rewrite.php(43): require_once('D:\\Pemrograman\\...')
#5 {main}
CRITICAL - 2022-04-08 08:36:55 --> Undefined property: App\Controllers\Useraccountapi::$db
#0 D:\Pemrograman\Website\project-one\app\Controllers\Useraccountapi.php(23): CodeIgniter\Debug\Exceptions->errorHandler(2, 'Undefined prope...', 'D:\\Pemrograman\\...', 23)
#1 D:\Pemrograman\Website\project-one\system\CodeIgniter.php(832): App\Controllers\Useraccountapi->index()
#2 D:\Pemrograman\Website\project-one\system\CodeIgniter.php(419): CodeIgniter\CodeIgniter->runController(Object(App\Controllers\Useraccountapi))
#3 D:\Pemrograman\Website\project-one\system\CodeIgniter.php(326): CodeIgniter\CodeIgniter->handleRequest(NULL, Object(Config\Cache), false)
#4 D:\Pemrograman\Website\project-one\public\index.php(37): CodeIgniter\CodeIgniter->run()
#5 D:\Pemrograman\Website\project-one\system\Commands\Server\rewrite.php(43): require_once('D:\\Pemrograman\\...')
#6 {main}
CRITICAL - 2022-04-08 08:37:08 --> Undefined property: App\Controllers\Useraccountapi::$db
#0 D:\Pemrograman\Website\project-one\app\Controllers\Useraccountapi.php(21): CodeIgniter\Debug\Exceptions->errorHandler(2, 'Undefined prope...', 'D:\\Pemrograman\\...', 21)
#1 D:\Pemrograman\Website\project-one\system\CodeIgniter.php(832): App\Controllers\Useraccountapi->index()
#2 D:\Pemrograman\Website\project-one\system\CodeIgniter.php(419): CodeIgniter\CodeIgniter->runController(Object(App\Controllers\Useraccountapi))
#3 D:\Pemrograman\Website\project-one\system\CodeIgniter.php(326): CodeIgniter\CodeIgniter->handleRequest(NULL, Object(Config\Cache), false)
#4 D:\Pemrograman\Website\project-one\public\index.php(37): CodeIgniter\CodeIgniter->run()
#5 D:\Pemrograman\Website\project-one\system\Commands\Server\rewrite.php(43): require_once('D:\\Pemrograman\\...')
#6 {main}
ERROR - 2022-04-08 08:37:57 --> You have an error in your SQL syntax; check the manual that corresponds to your MariaDB server version for the right syntax to use near '= 'dika45'' at line 1
CRITICAL - 2022-04-08 08:37:57 --> You have an error in your SQL syntax; check the manual that corresponds to your MariaDB server version for the right syntax to use near '= 'dika45'' at line 1
#0 D:\Pemrograman\Website\project-one\system\Database\MySQLi\Connection.php(292): mysqli->query('SELECT*FROM use...', 0)
#1 D:\Pemrograman\Website\project-one\system\Database\BaseConnection.php(670): CodeIgniter\Database\MySQLi\Connection->execute('SELECT*FROM use...')
#2 D:\Pemrograman\Website\project-one\system\Database\BaseConnection.php(598): CodeIgniter\Database\BaseConnection->simpleQuery('SELECT*FROM use...')
#3 D:\Pemrograman\Website\project-one\system\Model.php(726): CodeIgniter\Database\BaseConnection->query('SELECT*FROM use...')
#4 D:\Pemrograman\Website\project-one\app\Controllers\Useraccountapi.php(21): CodeIgniter\Model->__call('query', Array)
#5 D:\Pemrograman\Website\project-one\system\CodeIgniter.php(832): App\Controllers\Useraccountapi->index()
#6 D:\Pemrograman\Website\project-one\system\CodeIgniter.php(419): CodeIgniter\CodeIgniter->runController(Object(App\Controllers\Useraccountapi))
#7 D:\Pemrograman\Website\project-one\system\CodeIgniter.php(326): CodeIgniter\CodeIgniter->handleRequest(NULL, Object(Config\Cache), false)
#8 D:\Pemrograman\Website\project-one\public\index.php(37): CodeIgniter\CodeIgniter->run()
#9 D:\Pemrograman\Website\project-one\system\Commands\Server\rewrite.php(43): require_once('D:\\Pemrograman\\...')
#10 {main}
ERROR - 2022-04-08 08:38:55 --> You have an error in your SQL syntax; check the manual that corresponds to your MariaDB server version for the right syntax to use near 'AND password = 'kerencuy'' at line 1
CRITICAL - 2022-04-08 08:38:55 --> You have an error in your SQL syntax; check the manual that corresponds to your MariaDB server version for the right syntax to use near 'AND password = 'kerencuy'' at line 1
#0 D:\Pemrograman\Website\project-one\system\Database\MySQLi\Connection.php(292): mysqli->query('SELECT*FROM use...', 0)
#1 D:\Pemrograman\Website\project-one\system\Database\BaseConnection.php(670): CodeIgniter\Database\MySQLi\Connection->execute('SELECT*FROM use...')
#2 D:\Pemrograman\Website\project-one\system\Database\BaseConnection.php(598): CodeIgniter\Database\BaseConnection->simpleQuery('SELECT*FROM use...')
#3 D:\Pemrograman\Website\project-one\system\Model.php(726): CodeIgniter\Database\BaseConnection->query('SELECT*FROM use...')
#4 D:\Pemrograman\Website\project-one\app\Controllers\Useraccountapi.php(21): CodeIgniter\Model->__call('query', Array)
#5 D:\Pemrograman\Website\project-one\system\CodeIgniter.php(832): App\Controllers\Useraccountapi->index()
#6 D:\Pemrograman\Website\project-one\system\CodeIgniter.php(419): CodeIgniter\CodeIgniter->runController(Object(App\Controllers\Useraccountapi))
#7 D:\Pemrograman\Website\project-one\system\CodeIgniter.php(326): CodeIgniter\CodeIgniter->handleRequest(NULL, Object(Config\Cache), false)
#8 D:\Pemrograman\Website\project-one\public\index.php(37): CodeIgniter\CodeIgniter->run()
#9 D:\Pemrograman\Website\project-one\system\Commands\Server\rewrite.php(43): require_once('D:\\Pemrograman\\...')
#10 {main}
CRITICAL - 2022-04-08 08:41:22 --> Call to undefined method CodeIgniter\Database\MySQLi\Result::row()
#0 D:\Pemrograman\Website\project-one\system\CodeIgniter.php(832): App\Controllers\Useraccountapi->index()
#1 D:\Pemrograman\Website\project-one\system\CodeIgniter.php(419): CodeIgniter\CodeIgniter->runController(Object(App\Controllers\Useraccountapi))
#2 D:\Pemrograman\Website\project-one\system\CodeIgniter.php(326): CodeIgniter\CodeIgniter->handleRequest(NULL, Object(Config\Cache), false)
#3 D:\Pemrograman\Website\project-one\public\index.php(37): CodeIgniter\CodeIgniter->run()
#4 D:\Pemrograman\Website\project-one\system\Commands\Server\rewrite.php(43): require_once('D:\\Pemrograman\\...')
#5 {main}
CRITICAL - 2022-04-08 08:41:35 --> Cannot use object of type CodeIgniter\Database\MySQLi\Result as array
#0 D:\Pemrograman\Website\project-one\system\CodeIgniter.php(832): App\Controllers\Useraccountapi->index()
#1 D:\Pemrograman\Website\project-one\system\CodeIgniter.php(419): CodeIgniter\CodeIgniter->runController(Object(App\Controllers\Useraccountapi))
#2 D:\Pemrograman\Website\project-one\system\CodeIgniter.php(326): CodeIgniter\CodeIgniter->handleRequest(NULL, Object(Config\Cache), false)
#3 D:\Pemrograman\Website\project-one\public\index.php(37): CodeIgniter\CodeIgniter->run()
#4 D:\Pemrograman\Website\project-one\system\Commands\Server\rewrite.php(43): require_once('D:\\Pemrograman\\...')
#5 {main}
CRITICAL - 2022-04-08 08:41:43 --> Undefined variable $query2
#0 D:\Pemrograman\Website\project-one\app\Controllers\Useraccountapi.php(25): CodeIgniter\Debug\Exceptions->errorHandler(2, 'Undefined varia...', 'D:\\Pemrograman\\...', 25)
#1 D:\Pemrograman\Website\project-one\system\CodeIgniter.php(832): App\Controllers\Useraccountapi->index()
#2 D:\Pemrograman\Website\project-one\system\CodeIgniter.php(419): CodeIgniter\CodeIgniter->runController(Object(App\Controllers\Useraccountapi))
#3 D:\Pemrograman\Website\project-one\system\CodeIgniter.php(326): CodeIgniter\CodeIgniter->handleRequest(NULL, Object(Config\Cache), false)
#4 D:\Pemrograman\Website\project-one\public\index.php(37): CodeIgniter\CodeIgniter->run()
#5 D:\Pemrograman\Website\project-one\system\Commands\Server\rewrite.php(43): require_once('D:\\Pemrograman\\...')
#6 {main}
ERROR - 2022-04-08 22:49:30 --> You have an error in your SQL syntax; check the manual that corresponds to your MariaDB server version for the right syntax to use near '' at line 1
CRITICAL - 2022-04-08 22:49:30 --> You have an error in your SQL syntax; check the manual that corresponds to your MariaDB server version for the right syntax to use near '' at line 1
#0 D:\Pemrograman\Website\project-one\system\Database\MySQLi\Connection.php(292): mysqli->query('SELECT*FROM use...', 0)
#1 D:\Pemrograman\Website\project-one\system\Database\BaseConnection.php(670): CodeIgniter\Database\MySQLi\Connection->execute('SELECT*FROM use...')
#2 D:\Pemrograman\Website\project-one\system\Database\BaseConnection.php(598): CodeIgniter\Database\BaseConnection->simpleQuery('SELECT*FROM use...')
#3 D:\Pemrograman\Website\project-one\system\Model.php(726): CodeIgniter\Database\BaseConnection->query('SELECT*FROM use...')
#4 D:\Pemrograman\Website\project-one\app\Controllers\Useraccountapi.php(22): CodeIgniter\Model->__call('query', Array)
#5 D:\Pemrograman\Website\project-one\system\CodeIgniter.php(832): App\Controllers\Useraccountapi->index()
#6 D:\Pemrograman\Website\project-one\system\CodeIgniter.php(419): CodeIgniter\CodeIgniter->runController(Object(App\Controllers\Useraccountapi))
#7 D:\Pemrograman\Website\project-one\system\CodeIgniter.php(326): CodeIgniter\CodeIgniter->handleRequest(NULL, Object(Config\Cache), false)
#8 D:\Pemrograman\Website\project-one\public\index.php(37): CodeIgniter\CodeIgniter->run()
#9 D:\Pemrograman\Website\project-one\system\Commands\Server\rewrite.php(43): require_once('D:\\Pemrograman\\...')
#10 {main}
ERROR - 2022-04-08 22:50:13 --> You have an error in your SQL syntax; check the manual that corresponds to your MariaDB server version for the right syntax to use near '[password] =' at line 1
CRITICAL - 2022-04-08 22:50:13 --> You have an error in your SQL syntax; check the manual that corresponds to your MariaDB server version for the right syntax to use near '[password] =' at line 1
#0 D:\Pemrograman\Website\project-one\system\Database\MySQLi\Connection.php(292): mysqli->query('SELECT*FROM use...', 0)
#1 D:\Pemrograman\Website\project-one\system\Database\BaseConnection.php(670): CodeIgniter\Database\MySQLi\Connection->execute('SELECT*FROM use...')
#2 D:\Pemrograman\Website\project-one\system\Database\BaseConnection.php(598): CodeIgniter\Database\BaseConnection->simpleQuery('SELECT*FROM use...')
#3 D:\Pemrograman\Website\project-one\system\Model.php(726): CodeIgniter\Database\BaseConnection->query('SELECT*FROM use...')
#4 D:\Pemrograman\Website\project-one\app\Controllers\Useraccountapi.php(22): CodeIgniter\Model->__call('query', Array)
#5 D:\Pemrograman\Website\project-one\system\CodeIgniter.php(832): App\Controllers\Useraccountapi->index()
#6 D:\Pemrograman\Website\project-one\system\CodeIgniter.php(419): CodeIgniter\CodeIgniter->runController(Object(App\Controllers\Useraccountapi))
#7 D:\Pemrograman\Website\project-one\system\CodeIgniter.php(326): CodeIgniter\CodeIgniter->handleRequest(NULL, Object(Config\Cache), false)
#8 D:\Pemrograman\Website\project-one\public\index.php(37): CodeIgniter\CodeIgniter->run()
#9 D:\Pemrograman\Website\project-one\system\Commands\Server\rewrite.php(43): require_once('D:\\Pemrograman\\...')
#10 {main}
ERROR - 2022-04-08 22:50:27 --> You have an error in your SQL syntax; check the manual that corresponds to your MariaDB server version for the right syntax to use near '[password] = ''' at line 1
CRITICAL - 2022-04-08 22:50:27 --> You have an error in your SQL syntax; check the manual that corresponds to your MariaDB server version for the right syntax to use near '[password] = ''' at line 1
#0 D:\Pemrograman\Website\project-one\system\Database\MySQLi\Connection.php(292): mysqli->query('SELECT*FROM use...', 0)
#1 D:\Pemrograman\Website\project-one\system\Database\BaseConnection.php(670): CodeIgniter\Database\MySQLi\Connection->execute('SELECT*FROM use...')
#2 D:\Pemrograman\Website\project-one\system\Database\BaseConnection.php(598): CodeIgniter\Database\BaseConnection->simpleQuery('SELECT*FROM use...')
#3 D:\Pemrograman\Website\project-one\system\Model.php(726): CodeIgniter\Database\BaseConnection->query('SELECT*FROM use...')
#4 D:\Pemrograman\Website\project-one\app\Controllers\Useraccountapi.php(22): CodeIgniter\Model->__call('query', Array)
#5 D:\Pemrograman\Website\project-one\system\CodeIgniter.php(832): App\Controllers\Useraccountapi->index()
#6 D:\Pemrograman\Website\project-one\system\CodeIgniter.php(419): CodeIgniter\CodeIgniter->runController(Object(App\Controllers\Useraccountapi))
#7 D:\Pemrograman\Website\project-one\system\CodeIgniter.php(326): CodeIgniter\CodeIgniter->handleRequest(NULL, Object(Config\Cache), false)
#8 D:\Pemrograman\Website\project-one\public\index.php(37): CodeIgniter\CodeIgniter->run()
#9 D:\Pemrograman\Website\project-one\system\Commands\Server\rewrite.php(43): require_once('D:\\Pemrograman\\...')
#10 {main}
ERROR - 2022-04-08 22:52:08 --> You have an error in your SQL syntax; check the manual that corresponds to your MariaDB server version for the right syntax to use near '' AND password = ''' at line 1
CRITICAL - 2022-04-08 22:52:08 --> You have an error in your SQL syntax; check the manual that corresponds to your MariaDB server version for the right syntax to use near '' AND password = ''' at line 1
#0 D:\Pemrograman\Website\project-one\system\Database\MySQLi\Connection.php(292): mysqli->query('SELECT*FROM use...', 0)
#1 D:\Pemrograman\Website\project-one\system\Database\BaseConnection.php(670): CodeIgniter\Database\MySQLi\Connection->execute('SELECT*FROM use...')
#2 D:\Pemrograman\Website\project-one\system\Database\BaseConnection.php(598): CodeIgniter\Database\BaseConnection->simpleQuery('SELECT*FROM use...')
#3 D:\Pemrograman\Website\project-one\system\Model.php(726): CodeIgniter\Database\BaseConnection->query('SELECT*FROM use...')
#4 D:\Pemrograman\Website\project-one\app\Controllers\Useraccountapi.php(22): CodeIgniter\Model->__call('query', Array)
#5 D:\Pemrograman\Website\project-one\system\CodeIgniter.php(832): App\Controllers\Useraccountapi->index()
#6 D:\Pemrograman\Website\project-one\system\CodeIgniter.php(419): CodeIgniter\CodeIgniter->runController(Object(App\Controllers\Useraccountapi))
#7 D:\Pemrograman\Website\project-one\system\CodeIgniter.php(326): CodeIgniter\CodeIgniter->handleRequest(NULL, Object(Config\Cache), false)
#8 D:\Pemrograman\Website\project-one\public\index.php(37): CodeIgniter\CodeIgniter->run()
#9 D:\Pemrograman\Website\project-one\system\Commands\Server\rewrite.php(43): require_once('D:\\Pemrograman\\...')
#10 {main}
ERROR - 2022-04-08 22:53:18 --> You have an error in your SQL syntax; check the manual that corresponds to your MariaDB server version for the right syntax to use near '' AND password = ''' at line 1
CRITICAL - 2022-04-08 22:53:18 --> You have an error in your SQL syntax; check the manual that corresponds to your MariaDB server version for the right syntax to use near '' AND password = ''' at line 1
#0 D:\Pemrograman\Website\project-one\system\Database\MySQLi\Connection.php(292): mysqli->query('SELECT*FROM use...', 0)
#1 D:\Pemrograman\Website\project-one\system\Database\BaseConnection.php(670): CodeIgniter\Database\MySQLi\Connection->execute('SELECT*FROM use...')
#2 D:\Pemrograman\Website\project-one\system\Database\BaseConnection.php(598): CodeIgniter\Database\BaseConnection->simpleQuery('SELECT*FROM use...')
#3 D:\Pemrograman\Website\project-one\system\Model.php(726): CodeIgniter\Database\BaseConnection->query('SELECT*FROM use...')
#4 D:\Pemrograman\Website\project-one\app\Controllers\Useraccountapi.php(22): CodeIgniter\Model->__call('query', Array)
#5 D:\Pemrograman\Website\project-one\system\CodeIgniter.php(832): App\Controllers\Useraccountapi->index()
#6 D:\Pemrograman\Website\project-one\system\CodeIgniter.php(419): CodeIgniter\CodeIgniter->runController(Object(App\Controllers\Useraccountapi))
#7 D:\Pemrograman\Website\project-one\system\CodeIgniter.php(326): CodeIgniter\CodeIgniter->handleRequest(NULL, Object(Config\Cache), false)
#8 D:\Pemrograman\Website\project-one\public\index.php(37): CodeIgniter\CodeIgniter->run()
#9 D:\Pemrograman\Website\project-one\system\Commands\Server\rewrite.php(43): require_once('D:\\Pemrograman\\...')
#10 {main}
ERROR - 2022-04-08 22:58:04 --> You have an error in your SQL syntax; check the manual that corresponds to your MariaDB server version for the right syntax to use near ''' AND password = ''' at line 1
CRITICAL - 2022-04-08 22:58:04 --> You have an error in your SQL syntax; check the manual that corresponds to your MariaDB server version for the right syntax to use near ''' AND password = ''' at line 1
#0 D:\Pemrograman\Website\project-one\system\Database\MySQLi\Connection.php(292): mysqli->query('SELECT*FROM use...', 0)
#1 D:\Pemrograman\Website\project-one\system\Database\BaseConnection.php(670): CodeIgniter\Database\MySQLi\Connection->execute('SELECT*FROM use...')
#2 D:\Pemrograman\Website\project-one\system\Database\BaseConnection.php(598): CodeIgniter\Database\BaseConnection->simpleQuery('SELECT*FROM use...')
#3 D:\Pemrograman\Website\project-one\system\Model.php(726): CodeIgniter\Database\BaseConnection->query('SELECT*FROM use...')
#4 D:\Pemrograman\Website\project-one\app\Controllers\Useraccountapi.php(22): CodeIgniter\Model->__call('query', Array)
#5 D:\Pemrograman\Website\project-one\system\CodeIgniter.php(832): App\Controllers\Useraccountapi->index()
#6 D:\Pemrograman\Website\project-one\system\CodeIgniter.php(419): CodeIgniter\CodeIgniter->runController(Object(App\Controllers\Useraccountapi))
#7 D:\Pemrograman\Website\project-one\system\CodeIgniter.php(326): CodeIgniter\CodeIgniter->handleRequest(NULL, Object(Config\Cache), false)
#8 D:\Pemrograman\Website\project-one\public\index.php(37): CodeIgniter\CodeIgniter->run()
#9 D:\Pemrograman\Website\project-one\system\Commands\Server\rewrite.php(43): require_once('D:\\Pemrograman\\...')
#10 {main}
CRITICAL - 2022-04-08 23:01:46 --> mysqli_real_escape_string() expects exactly 2 arguments, 1 given
#0 D:\Pemrograman\Website\project-one\app\Controllers\Useraccountapi.php(17): mysqli_real_escape_string('andika')
#1 D:\Pemrograman\Website\project-one\system\CodeIgniter.php(832): App\Controllers\Useraccountapi->index()
#2 D:\Pemrograman\Website\project-one\system\CodeIgniter.php(419): CodeIgniter\CodeIgniter->runController(Object(App\Controllers\Useraccountapi))
#3 D:\Pemrograman\Website\project-one\system\CodeIgniter.php(326): CodeIgniter\CodeIgniter->handleRequest(NULL, Object(Config\Cache), false)
#4 D:\Pemrograman\Website\project-one\public\index.php(37): CodeIgniter\CodeIgniter->run()
#5 D:\Pemrograman\Website\project-one\system\Commands\Server\rewrite.php(43): require_once('D:\\Pemrograman\\...')
#6 {main}
