CRITICAL - 2022-04-21 00:26:21 --> require_once(vendor/autoload.php): Failed to open stream: No such file or directory
#0 D:\Pemrograman\Website\project-one\app\Controllers\Useraccountapi.php(20): CodeIgniter\Debug\Exceptions->errorHandler()
#1 D:\Pemrograman\Website\project-one\app\Controllers\Useraccountapi.php(20): require_once()
#2 D:\Pemrograman\Website\project-one\system\CodeIgniter.php(832): App\Controllers\Useraccountapi->tokenSignIn()
#3 D:\Pemrograman\Website\project-one\system\CodeIgniter.php(419): CodeIgniter\CodeIgniter->runController()
#4 D:\Pemrograman\Website\project-one\system\CodeIgniter.php(326): CodeIgniter\CodeIgniter->handleRequest()
#5 D:\Pemrograman\Website\project-one\public\index.php(37): CodeIgniter\CodeIgniter->run()
#6 D:\Pemrograman\Website\project-one\system\Commands\Server\rewrite.php(43): require_once('...')
#7 {main}
CRITICAL - 2022-04-21 01:25:33 --> Undefined variable $title
#0 D:\Pemrograman\Website\project-one\app\Views\product.php(269): CodeIgniter\Debug\Exceptions->errorHandler()
#1 D:\Pemrograman\Website\project-one\system\View\View.php(210): include('...')
#2 D:\Pemrograman\Website\project-one\system\View\View.php(213): CodeIgniter\View\View->CodeIgniter\View\{closure}()
#3 D:\Pemrograman\Website\project-one\system\Common.php(1089): CodeIgniter\View\View->render()
#4 D:\Pemrograman\Website\project-one\app\Controllers\Home.php(26): view()
#5 D:\Pemrograman\Website\project-one\system\CodeIgniter.php(832): App\Controllers\Home->product()
#6 D:\Pemrograman\Website\project-one\system\CodeIgniter.php(419): CodeIgniter\CodeIgniter->runController()
#7 D:\Pemrograman\Website\project-one\system\CodeIgniter.php(326): CodeIgniter\CodeIgniter->handleRequest()
#8 D:\Pemrograman\Website\project-one\public\index.php(37): CodeIgniter\CodeIgniter->run()
#9 D:\Pemrograman\Website\project-one\system\Commands\Server\rewrite.php(43): require_once('...')
#10 {main}
