CRITICAL - 2022-04-10 00:39:47 --> Too few arguments to function App\Controllers\Home::login(), 0 passed in D:\Pemrograman\Website\project-one\system\CodeIgniter.php on line 832 and exactly 1 expected
#0 D:\Pemrograman\Website\project-one\system\CodeIgniter.php(832): App\Controllers\Home->login()
#1 D:\Pemrograman\Website\project-one\system\CodeIgniter.php(419): CodeIgniter\CodeIgniter->runController(Object(App\Controllers\Home))
#2 D:\Pemrograman\Website\project-one\system\CodeIgniter.php(326): CodeIgniter\CodeIgniter->handleRequest(NULL, Object(Config\Cache), false)
#3 D:\Pemrograman\Website\project-one\public\index.php(37): CodeIgniter\CodeIgniter->run()
#4 D:\Pemrograman\Website\project-one\system\Commands\Server\rewrite.php(43): require_once('D:\\Pemrograman\\...')
#5 {main}
CRITICAL - 2022-04-10 00:39:51 --> Undefined variable $teks
#0 D:\Pemrograman\Website\project-one\app\Views\login.php(30): CodeIgniter\Debug\Exceptions->errorHandler(2, 'Undefined varia...', 'D:\\Pemrograman\\...', 30)
#1 D:\Pemrograman\Website\project-one\system\View\View.php(210): include('D:\\Pemrograman\\...')
#2 D:\Pemrograman\Website\project-one\system\View\View.php(213): CodeIgniter\View\View->CodeIgniter\View\{closure}()
#3 D:\Pemrograman\Website\project-one\system\Common.php(1089): CodeIgniter\View\View->render('login', Array, true)
#4 D:\Pemrograman\Website\project-one\app\Controllers\Home.php(14): view('login', Array)
#5 D:\Pemrograman\Website\project-one\system\CodeIgniter.php(832): App\Controllers\Home->login('andika')
#6 D:\Pemrograman\Website\project-one\system\CodeIgniter.php(419): CodeIgniter\CodeIgniter->runController(Object(App\Controllers\Home))
#7 D:\Pemrograman\Website\project-one\system\CodeIgniter.php(326): CodeIgniter\CodeIgniter->handleRequest(NULL, Object(Config\Cache), false)
#8 D:\Pemrograman\Website\project-one\public\index.php(37): CodeIgniter\CodeIgniter->run()
#9 D:\Pemrograman\Website\project-one\system\Commands\Server\rewrite.php(43): require_once('D:\\Pemrograman\\...')
#10 {main}
CRITICAL - 2022-04-10 00:41:29 --> view(): Argument #2 ($data) must be of type array, string given, called in D:\Pemrograman\Website\project-one\app\Controllers\Home.php on line 14
#0 D:\Pemrograman\Website\project-one\app\Controllers\Home.php(14): view('login', 'andika')
#1 D:\Pemrograman\Website\project-one\system\CodeIgniter.php(832): App\Controllers\Home->login('andika')
#2 D:\Pemrograman\Website\project-one\system\CodeIgniter.php(419): CodeIgniter\CodeIgniter->runController(Object(App\Controllers\Home))
#3 D:\Pemrograman\Website\project-one\system\CodeIgniter.php(326): CodeIgniter\CodeIgniter->handleRequest(NULL, Object(Config\Cache), false)
#4 D:\Pemrograman\Website\project-one\public\index.php(37): CodeIgniter\CodeIgniter->run()
#5 D:\Pemrograman\Website\project-one\system\Commands\Server\rewrite.php(43): require_once('D:\\Pemrograman\\...')
#6 {main}
CRITICAL - 2022-04-10 00:41:44 --> view(): Argument #2 ($data) must be of type array, string given, called in D:\Pemrograman\Website\project-one\app\Controllers\Home.php on line 14
#0 D:\Pemrograman\Website\project-one\app\Controllers\Home.php(14): view('login', 'andika')
#1 D:\Pemrograman\Website\project-one\system\CodeIgniter.php(832): App\Controllers\Home->login('andika')
#2 D:\Pemrograman\Website\project-one\system\CodeIgniter.php(419): CodeIgniter\CodeIgniter->runController(Object(App\Controllers\Home))
#3 D:\Pemrograman\Website\project-one\system\CodeIgniter.php(326): CodeIgniter\CodeIgniter->handleRequest(NULL, Object(Config\Cache), false)
#4 D:\Pemrograman\Website\project-one\public\index.php(37): CodeIgniter\CodeIgniter->run()
#5 D:\Pemrograman\Website\project-one\system\Commands\Server\rewrite.php(43): require_once('D:\\Pemrograman\\...')
#6 {main}
CRITICAL - 2022-04-10 00:41:46 --> Undefined variable $teks
#0 D:\Pemrograman\Website\project-one\app\Views\login.php(30): CodeIgniter\Debug\Exceptions->errorHandler(2, 'Undefined varia...', 'D:\\Pemrograman\\...', 30)
#1 D:\Pemrograman\Website\project-one\system\View\View.php(210): include('D:\\Pemrograman\\...')
#2 D:\Pemrograman\Website\project-one\system\View\View.php(213): CodeIgniter\View\View->CodeIgniter\View\{closure}()
#3 D:\Pemrograman\Website\project-one\system\Common.php(1089): CodeIgniter\View\View->render('login', Array, true)
#4 D:\Pemrograman\Website\project-one\app\Controllers\Home.php(14): view('login', Array)
#5 D:\Pemrograman\Website\project-one\system\CodeIgniter.php(832): App\Controllers\Home->login()
#6 D:\Pemrograman\Website\project-one\system\CodeIgniter.php(419): CodeIgniter\CodeIgniter->runController(Object(App\Controllers\Home))
#7 D:\Pemrograman\Website\project-one\system\CodeIgniter.php(326): CodeIgniter\CodeIgniter->handleRequest(NULL, Object(Config\Cache), false)
#8 D:\Pemrograman\Website\project-one\public\index.php(37): CodeIgniter\CodeIgniter->run()
#9 D:\Pemrograman\Website\project-one\system\Commands\Server\rewrite.php(43): require_once('D:\\Pemrograman\\...')
#10 {main}
CRITICAL - 2022-04-10 00:41:51 --> view(): Argument #2 ($data) must be of type array, string given, called in D:\Pemrograman\Website\project-one\app\Controllers\Home.php on line 14
#0 D:\Pemrograman\Website\project-one\app\Controllers\Home.php(14): view('login', 'andika')
#1 D:\Pemrograman\Website\project-one\system\CodeIgniter.php(832): App\Controllers\Home->login('andika')
#2 D:\Pemrograman\Website\project-one\system\CodeIgniter.php(419): CodeIgniter\CodeIgniter->runController(Object(App\Controllers\Home))
#3 D:\Pemrograman\Website\project-one\system\CodeIgniter.php(326): CodeIgniter\CodeIgniter->handleRequest(NULL, Object(Config\Cache), false)
#4 D:\Pemrograman\Website\project-one\public\index.php(37): CodeIgniter\CodeIgniter->run()
#5 D:\Pemrograman\Website\project-one\system\Commands\Server\rewrite.php(43): require_once('D:\\Pemrograman\\...')
#6 {main}
CRITICAL - 2022-04-10 00:43:21 --> Undefined variable $nama
#0 D:\Pemrograman\Website\project-one\app\Views\login.php(30): CodeIgniter\Debug\Exceptions->errorHandler(2, 'Undefined varia...', 'D:\\Pemrograman\\...', 30)
#1 D:\Pemrograman\Website\project-one\system\View\View.php(210): include('D:\\Pemrograman\\...')
#2 D:\Pemrograman\Website\project-one\system\View\View.php(213): CodeIgniter\View\View->CodeIgniter\View\{closure}()
#3 D:\Pemrograman\Website\project-one\system\Common.php(1089): CodeIgniter\View\View->render('login', Array, true)
#4 D:\Pemrograman\Website\project-one\app\Controllers\Home.php(14): view('login', Array)
#5 D:\Pemrograman\Website\project-one\system\CodeIgniter.php(832): App\Controllers\Home->login()
#6 D:\Pemrograman\Website\project-one\system\CodeIgniter.php(419): CodeIgniter\CodeIgniter->runController(Object(App\Controllers\Home))
#7 D:\Pemrograman\Website\project-one\system\CodeIgniter.php(326): CodeIgniter\CodeIgniter->handleRequest(NULL, Object(Config\Cache), false)
#8 D:\Pemrograman\Website\project-one\public\index.php(37): CodeIgniter\CodeIgniter->run()
#9 D:\Pemrograman\Website\project-one\system\Commands\Server\rewrite.php(43): require_once('D:\\Pemrograman\\...')
#10 {main}
CRITICAL - 2022-04-10 00:43:25 --> view(): Argument #2 ($data) must be of type array, string given, called in D:\Pemrograman\Website\project-one\app\Controllers\Home.php on line 14
#0 D:\Pemrograman\Website\project-one\app\Controllers\Home.php(14): view('login', 'andika')
#1 D:\Pemrograman\Website\project-one\system\CodeIgniter.php(832): App\Controllers\Home->login('andika')
#2 D:\Pemrograman\Website\project-one\system\CodeIgniter.php(419): CodeIgniter\CodeIgniter->runController(Object(App\Controllers\Home))
#3 D:\Pemrograman\Website\project-one\system\CodeIgniter.php(326): CodeIgniter\CodeIgniter->handleRequest(NULL, Object(Config\Cache), false)
#4 D:\Pemrograman\Website\project-one\public\index.php(37): CodeIgniter\CodeIgniter->run()
#5 D:\Pemrograman\Website\project-one\system\Commands\Server\rewrite.php(43): require_once('D:\\Pemrograman\\...')
#6 {main}
CRITICAL - 2022-04-10 00:43:28 --> view(): Argument #2 ($data) must be of type array, string given, called in D:\Pemrograman\Website\project-one\app\Controllers\Home.php on line 14
#0 D:\Pemrograman\Website\project-one\app\Controllers\Home.php(14): view('login', 'andika')
#1 D:\Pemrograman\Website\project-one\system\CodeIgniter.php(832): App\Controllers\Home->login('andika')
#2 D:\Pemrograman\Website\project-one\system\CodeIgniter.php(419): CodeIgniter\CodeIgniter->runController(Object(App\Controllers\Home))
#3 D:\Pemrograman\Website\project-one\system\CodeIgniter.php(326): CodeIgniter\CodeIgniter->handleRequest(NULL, Object(Config\Cache), false)
#4 D:\Pemrograman\Website\project-one\public\index.php(37): CodeIgniter\CodeIgniter->run()
#5 D:\Pemrograman\Website\project-one\system\Commands\Server\rewrite.php(43): require_once('D:\\Pemrograman\\...')
#6 {main}
CRITICAL - 2022-04-10 00:43:30 --> Undefined variable $nama
#0 D:\Pemrograman\Website\project-one\app\Views\login.php(30): CodeIgniter\Debug\Exceptions->errorHandler(2, 'Undefined varia...', 'D:\\Pemrograman\\...', 30)
#1 D:\Pemrograman\Website\project-one\system\View\View.php(210): include('D:\\Pemrograman\\...')
#2 D:\Pemrograman\Website\project-one\system\View\View.php(213): CodeIgniter\View\View->CodeIgniter\View\{closure}()
#3 D:\Pemrograman\Website\project-one\system\Common.php(1089): CodeIgniter\View\View->render('login', Array, true)
#4 D:\Pemrograman\Website\project-one\app\Controllers\Home.php(14): view('login', Array)
#5 D:\Pemrograman\Website\project-one\system\CodeIgniter.php(832): App\Controllers\Home->login()
#6 D:\Pemrograman\Website\project-one\system\CodeIgniter.php(419): CodeIgniter\CodeIgniter->runController(Object(App\Controllers\Home))
#7 D:\Pemrograman\Website\project-one\system\CodeIgniter.php(326): CodeIgniter\CodeIgniter->handleRequest(NULL, Object(Config\Cache), false)
#8 D:\Pemrograman\Website\project-one\public\index.php(37): CodeIgniter\CodeIgniter->run()
#9 D:\Pemrograman\Website\project-one\system\Commands\Server\rewrite.php(43): require_once('D:\\Pemrograman\\...')
#10 {main}
CRITICAL - 2022-04-10 00:44:28 --> Undefined variable $nama
#0 D:\Pemrograman\Website\project-one\app\Views\login.php(30): CodeIgniter\Debug\Exceptions->errorHandler(2, 'Undefined varia...', 'D:\\Pemrograman\\...', 30)
#1 D:\Pemrograman\Website\project-one\system\View\View.php(210): include('D:\\Pemrograman\\...')
#2 D:\Pemrograman\Website\project-one\system\View\View.php(213): CodeIgniter\View\View->CodeIgniter\View\{closure}()
#3 D:\Pemrograman\Website\project-one\system\Common.php(1089): CodeIgniter\View\View->render('login', Array, true)
#4 D:\Pemrograman\Website\project-one\app\Controllers\Home.php(15): view('login', Array)
#5 D:\Pemrograman\Website\project-one\system\CodeIgniter.php(832): App\Controllers\Home->login()
#6 D:\Pemrograman\Website\project-one\system\CodeIgniter.php(419): CodeIgniter\CodeIgniter->runController(Object(App\Controllers\Home))
#7 D:\Pemrograman\Website\project-one\system\CodeIgniter.php(326): CodeIgniter\CodeIgniter->handleRequest(NULL, Object(Config\Cache), false)
#8 D:\Pemrograman\Website\project-one\public\index.php(37): CodeIgniter\CodeIgniter->run()
#9 D:\Pemrograman\Website\project-one\system\Commands\Server\rewrite.php(43): require_once('D:\\Pemrograman\\...')
#10 {main}
CRITICAL - 2022-04-10 00:44:31 --> Undefined variable $nama
#0 D:\Pemrograman\Website\project-one\app\Views\login.php(30): CodeIgniter\Debug\Exceptions->errorHandler(2, 'Undefined varia...', 'D:\\Pemrograman\\...', 30)
#1 D:\Pemrograman\Website\project-one\system\View\View.php(210): include('D:\\Pemrograman\\...')
#2 D:\Pemrograman\Website\project-one\system\View\View.php(213): CodeIgniter\View\View->CodeIgniter\View\{closure}()
#3 D:\Pemrograman\Website\project-one\system\Common.php(1089): CodeIgniter\View\View->render('login', Array, true)
#4 D:\Pemrograman\Website\project-one\app\Controllers\Home.php(15): view('login', Array)
#5 D:\Pemrograman\Website\project-one\system\CodeIgniter.php(832): App\Controllers\Home->login('andika')
#6 D:\Pemrograman\Website\project-one\system\CodeIgniter.php(419): CodeIgniter\CodeIgniter->runController(Object(App\Controllers\Home))
#7 D:\Pemrograman\Website\project-one\system\CodeIgniter.php(326): CodeIgniter\CodeIgniter->handleRequest(NULL, Object(Config\Cache), false)
#8 D:\Pemrograman\Website\project-one\public\index.php(37): CodeIgniter\CodeIgniter->run()
#9 D:\Pemrograman\Website\project-one\system\Commands\Server\rewrite.php(43): require_once('D:\\Pemrograman\\...')
#10 {main}
CRITICAL - 2022-04-10 00:44:38 --> Undefined variable $nama
#0 D:\Pemrograman\Website\project-one\app\Views\login.php(30): CodeIgniter\Debug\Exceptions->errorHandler(2, 'Undefined varia...', 'D:\\Pemrograman\\...', 30)
#1 D:\Pemrograman\Website\project-one\system\View\View.php(210): include('D:\\Pemrograman\\...')
#2 D:\Pemrograman\Website\project-one\system\View\View.php(213): CodeIgniter\View\View->CodeIgniter\View\{closure}()
#3 D:\Pemrograman\Website\project-one\system\Common.php(1089): CodeIgniter\View\View->render('login', Array, true)
#4 D:\Pemrograman\Website\project-one\app\Controllers\Home.php(15): view('login', Array)
#5 D:\Pemrograman\Website\project-one\system\CodeIgniter.php(832): App\Controllers\Home->login()
#6 D:\Pemrograman\Website\project-one\system\CodeIgniter.php(419): CodeIgniter\CodeIgniter->runController(Object(App\Controllers\Home))
#7 D:\Pemrograman\Website\project-one\system\CodeIgniter.php(326): CodeIgniter\CodeIgniter->handleRequest(NULL, Object(Config\Cache), false)
#8 D:\Pemrograman\Website\project-one\public\index.php(37): CodeIgniter\CodeIgniter->run()
#9 D:\Pemrograman\Website\project-one\system\Commands\Server\rewrite.php(43): require_once('D:\\Pemrograman\\...')
#10 {main}
CRITICAL - 2022-04-10 00:46:34 --> Undefined variable $nama
#0 D:\Pemrograman\Website\project-one\app\Views\login.php(30): CodeIgniter\Debug\Exceptions->errorHandler(2, 'Undefined varia...', 'D:\\Pemrograman\\...', 30)
#1 D:\Pemrograman\Website\project-one\system\View\View.php(210): include('D:\\Pemrograman\\...')
#2 D:\Pemrograman\Website\project-one\system\View\View.php(213): CodeIgniter\View\View->CodeIgniter\View\{closure}()
#3 D:\Pemrograman\Website\project-one\system\Common.php(1089): CodeIgniter\View\View->render('login', Array, true)
#4 D:\Pemrograman\Website\project-one\app\Controllers\Home.php(15): view('login', Array)
#5 D:\Pemrograman\Website\project-one\system\CodeIgniter.php(832): App\Controllers\Home->login()
#6 D:\Pemrograman\Website\project-one\system\CodeIgniter.php(419): CodeIgniter\CodeIgniter->runController(Object(App\Controllers\Home))
#7 D:\Pemrograman\Website\project-one\system\CodeIgniter.php(326): CodeIgniter\CodeIgniter->handleRequest(NULL, Object(Config\Cache), false)
#8 D:\Pemrograman\Website\project-one\public\index.php(37): CodeIgniter\CodeIgniter->run()
#9 D:\Pemrograman\Website\project-one\system\Commands\Server\rewrite.php(43): require_once('D:\\Pemrograman\\...')
#10 {main}
CRITICAL - 2022-04-10 00:46:39 --> Undefined variable $nama
#0 D:\Pemrograman\Website\project-one\app\Views\login.php(30): CodeIgniter\Debug\Exceptions->errorHandler(2, 'Undefined varia...', 'D:\\Pemrograman\\...', 30)
#1 D:\Pemrograman\Website\project-one\system\View\View.php(210): include('D:\\Pemrograman\\...')
#2 D:\Pemrograman\Website\project-one\system\View\View.php(213): CodeIgniter\View\View->CodeIgniter\View\{closure}()
#3 D:\Pemrograman\Website\project-one\system\Common.php(1089): CodeIgniter\View\View->render('login', Array, true)
#4 D:\Pemrograman\Website\project-one\app\Controllers\Home.php(15): view('login', Array)
#5 D:\Pemrograman\Website\project-one\system\CodeIgniter.php(832): App\Controllers\Home->login()
#6 D:\Pemrograman\Website\project-one\system\CodeIgniter.php(419): CodeIgniter\CodeIgniter->runController(Object(App\Controllers\Home))
#7 D:\Pemrograman\Website\project-one\system\CodeIgniter.php(326): CodeIgniter\CodeIgniter->handleRequest(NULL, Object(Config\Cache), false)
#8 D:\Pemrograman\Website\project-one\public\index.php(37): CodeIgniter\CodeIgniter->run()
#9 D:\Pemrograman\Website\project-one\system\Commands\Server\rewrite.php(43): require_once('D:\\Pemrograman\\...')
#10 {main}
CRITICAL - 2022-04-10 02:32:46 --> Array to string conversion
#0 D:\Pemrograman\Website\project-one\app\Views\index.php(34): CodeIgniter\Debug\Exceptions->errorHandler(2, 'Array to string...', 'D:\\Pemrograman\\...', 34)
#1 D:\Pemrograman\Website\project-one\system\View\View.php(210): include('D:\\Pemrograman\\...')
#2 D:\Pemrograman\Website\project-one\system\View\View.php(213): CodeIgniter\View\View->CodeIgniter\View\{closure}()
#3 D:\Pemrograman\Website\project-one\system\Common.php(1089): CodeIgniter\View\View->render('index', Array, true)
#4 D:\Pemrograman\Website\project-one\app\Controllers\Home.php(11): view('index', Array)
#5 D:\Pemrograman\Website\project-one\system\CodeIgniter.php(832): App\Controllers\Home->index()
#6 D:\Pemrograman\Website\project-one\system\CodeIgniter.php(419): CodeIgniter\CodeIgniter->runController(Object(App\Controllers\Home))
#7 D:\Pemrograman\Website\project-one\system\CodeIgniter.php(326): CodeIgniter\CodeIgniter->handleRequest(NULL, Object(Config\Cache), false)
#8 D:\Pemrograman\Website\project-one\public\index.php(37): CodeIgniter\CodeIgniter->run()
#9 D:\Pemrograman\Website\project-one\system\Commands\Server\rewrite.php(43): require_once('D:\\Pemrograman\\...')
#10 {main}
CRITICAL - 2022-04-10 02:33:08 --> Undefined array key 0
#0 D:\Pemrograman\Website\project-one\app\Views\index.php(34): CodeIgniter\Debug\Exceptions->errorHandler(2, 'Undefined array...', 'D:\\Pemrograman\\...', 34)
#1 D:\Pemrograman\Website\project-one\system\View\View.php(210): include('D:\\Pemrograman\\...')
#2 D:\Pemrograman\Website\project-one\system\View\View.php(213): CodeIgniter\View\View->CodeIgniter\View\{closure}()
#3 D:\Pemrograman\Website\project-one\system\Common.php(1089): CodeIgniter\View\View->render('index', Array, true)
#4 D:\Pemrograman\Website\project-one\app\Controllers\Home.php(11): view('index', Array)
#5 D:\Pemrograman\Website\project-one\system\CodeIgniter.php(832): App\Controllers\Home->index()
#6 D:\Pemrograman\Website\project-one\system\CodeIgniter.php(419): CodeIgniter\CodeIgniter->runController(Object(App\Controllers\Home))
#7 D:\Pemrograman\Website\project-one\system\CodeIgniter.php(326): CodeIgniter\CodeIgniter->handleRequest(NULL, Object(Config\Cache), false)
#8 D:\Pemrograman\Website\project-one\public\index.php(37): CodeIgniter\CodeIgniter->run()
#9 D:\Pemrograman\Website\project-one\system\Commands\Server\rewrite.php(43): require_once('D:\\Pemrograman\\...')
#10 {main}
CRITICAL - 2022-04-10 02:33:08 --> Undefined array key 0
#0 D:\Pemrograman\Website\project-one\app\Views\index.php(34): CodeIgniter\Debug\Exceptions->errorHandler(2, 'Undefined array...', 'D:\\Pemrograman\\...', 34)
#1 D:\Pemrograman\Website\project-one\system\View\View.php(210): include('D:\\Pemrograman\\...')
#2 D:\Pemrograman\Website\project-one\system\View\View.php(213): CodeIgniter\View\View->CodeIgniter\View\{closure}()
#3 D:\Pemrograman\Website\project-one\system\Common.php(1089): CodeIgniter\View\View->render('index', Array, true)
#4 D:\Pemrograman\Website\project-one\app\Controllers\Home.php(11): view('index', Array)
#5 D:\Pemrograman\Website\project-one\system\CodeIgniter.php(832): App\Controllers\Home->index()
#6 D:\Pemrograman\Website\project-one\system\CodeIgniter.php(419): CodeIgniter\CodeIgniter->runController(Object(App\Controllers\Home))
#7 D:\Pemrograman\Website\project-one\system\CodeIgniter.php(326): CodeIgniter\CodeIgniter->handleRequest(NULL, Object(Config\Cache), false)
#8 D:\Pemrograman\Website\project-one\public\index.php(37): CodeIgniter\CodeIgniter->run()
#9 D:\Pemrograman\Website\project-one\system\Commands\Server\rewrite.php(43): require_once('D:\\Pemrograman\\...')
#10 {main}
CRITICAL - 2022-04-10 02:33:22 --> Undefined variable $data
#0 D:\Pemrograman\Website\project-one\app\Views\index.php(34): CodeIgniter\Debug\Exceptions->errorHandler(2, 'Undefined varia...', 'D:\\Pemrograman\\...', 34)
#1 D:\Pemrograman\Website\project-one\system\View\View.php(210): include('D:\\Pemrograman\\...')
#2 D:\Pemrograman\Website\project-one\system\View\View.php(213): CodeIgniter\View\View->CodeIgniter\View\{closure}()
#3 D:\Pemrograman\Website\project-one\system\Common.php(1089): CodeIgniter\View\View->render('index', Array, true)
#4 D:\Pemrograman\Website\project-one\app\Controllers\Home.php(11): view('index', Array)
#5 D:\Pemrograman\Website\project-one\system\CodeIgniter.php(832): App\Controllers\Home->index()
#6 D:\Pemrograman\Website\project-one\system\CodeIgniter.php(419): CodeIgniter\CodeIgniter->runController(Object(App\Controllers\Home))
#7 D:\Pemrograman\Website\project-one\system\CodeIgniter.php(326): CodeIgniter\CodeIgniter->handleRequest(NULL, Object(Config\Cache), false)
#8 D:\Pemrograman\Website\project-one\public\index.php(37): CodeIgniter\CodeIgniter->run()
#9 D:\Pemrograman\Website\project-one\system\Commands\Server\rewrite.php(43): require_once('D:\\Pemrograman\\...')
#10 {main}
CRITICAL - 2022-04-10 02:33:27 --> Undefined variable $data
#0 D:\Pemrograman\Website\project-one\app\Views\index.php(34): CodeIgniter\Debug\Exceptions->errorHandler(2, 'Undefined varia...', 'D:\\Pemrograman\\...', 34)
#1 D:\Pemrograman\Website\project-one\system\View\View.php(210): include('D:\\Pemrograman\\...')
#2 D:\Pemrograman\Website\project-one\system\View\View.php(213): CodeIgniter\View\View->CodeIgniter\View\{closure}()
#3 D:\Pemrograman\Website\project-one\system\Common.php(1089): CodeIgniter\View\View->render('index', Array, true)
#4 D:\Pemrograman\Website\project-one\app\Controllers\Home.php(11): view('index', Array)
#5 D:\Pemrograman\Website\project-one\system\CodeIgniter.php(832): App\Controllers\Home->index()
#6 D:\Pemrograman\Website\project-one\system\CodeIgniter.php(419): CodeIgniter\CodeIgniter->runController(Object(App\Controllers\Home))
#7 D:\Pemrograman\Website\project-one\system\CodeIgniter.php(326): CodeIgniter\CodeIgniter->handleRequest(NULL, Object(Config\Cache), false)
#8 D:\Pemrograman\Website\project-one\public\index.php(37): CodeIgniter\CodeIgniter->run()
#9 D:\Pemrograman\Website\project-one\system\Commands\Server\rewrite.php(43): require_once('D:\\Pemrograman\\...')
#10 {main}
CRITICAL - 2022-04-10 02:33:31 --> Undefined variable $data
#0 D:\Pemrograman\Website\project-one\app\Views\index.php(34): CodeIgniter\Debug\Exceptions->errorHandler(2, 'Undefined varia...', 'D:\\Pemrograman\\...', 34)
#1 D:\Pemrograman\Website\project-one\system\View\View.php(210): include('D:\\Pemrograman\\...')
#2 D:\Pemrograman\Website\project-one\system\View\View.php(213): CodeIgniter\View\View->CodeIgniter\View\{closure}()
#3 D:\Pemrograman\Website\project-one\system\Common.php(1089): CodeIgniter\View\View->render('index', Array, true)
#4 D:\Pemrograman\Website\project-one\app\Controllers\Home.php(11): view('index', Array)
#5 D:\Pemrograman\Website\project-one\system\CodeIgniter.php(832): App\Controllers\Home->index()
#6 D:\Pemrograman\Website\project-one\system\CodeIgniter.php(419): CodeIgniter\CodeIgniter->runController(Object(App\Controllers\Home))
#7 D:\Pemrograman\Website\project-one\system\CodeIgniter.php(326): CodeIgniter\CodeIgniter->handleRequest(NULL, Object(Config\Cache), false)
#8 D:\Pemrograman\Website\project-one\public\index.php(37): CodeIgniter\CodeIgniter->run()
#9 D:\Pemrograman\Website\project-one\system\Commands\Server\rewrite.php(43): require_once('D:\\Pemrograman\\...')
#10 {main}
CRITICAL - 2022-04-10 02:33:32 --> Undefined variable $data
#0 D:\Pemrograman\Website\project-one\app\Views\index.php(34): CodeIgniter\Debug\Exceptions->errorHandler(2, 'Undefined varia...', 'D:\\Pemrograman\\...', 34)
#1 D:\Pemrograman\Website\project-one\system\View\View.php(210): include('D:\\Pemrograman\\...')
#2 D:\Pemrograman\Website\project-one\system\View\View.php(213): CodeIgniter\View\View->CodeIgniter\View\{closure}()
#3 D:\Pemrograman\Website\project-one\system\Common.php(1089): CodeIgniter\View\View->render('index', Array, true)
#4 D:\Pemrograman\Website\project-one\app\Controllers\Home.php(11): view('index', Array)
#5 D:\Pemrograman\Website\project-one\system\CodeIgniter.php(832): App\Controllers\Home->index()
#6 D:\Pemrograman\Website\project-one\system\CodeIgniter.php(419): CodeIgniter\CodeIgniter->runController(Object(App\Controllers\Home))
#7 D:\Pemrograman\Website\project-one\system\CodeIgniter.php(326): CodeIgniter\CodeIgniter->handleRequest(NULL, Object(Config\Cache), false)
#8 D:\Pemrograman\Website\project-one\public\index.php(37): CodeIgniter\CodeIgniter->run()
#9 D:\Pemrograman\Website\project-one\system\Commands\Server\rewrite.php(43): require_once('D:\\Pemrograman\\...')
#10 {main}
CRITICAL - 2022-04-10 02:33:32 --> Undefined variable $data
#0 D:\Pemrograman\Website\project-one\app\Views\index.php(34): CodeIgniter\Debug\Exceptions->errorHandler(2, 'Undefined varia...', 'D:\\Pemrograman\\...', 34)
#1 D:\Pemrograman\Website\project-one\system\View\View.php(210): include('D:\\Pemrograman\\...')
#2 D:\Pemrograman\Website\project-one\system\View\View.php(213): CodeIgniter\View\View->CodeIgniter\View\{closure}()
#3 D:\Pemrograman\Website\project-one\system\Common.php(1089): CodeIgniter\View\View->render('index', Array, true)
#4 D:\Pemrograman\Website\project-one\app\Controllers\Home.php(11): view('index', Array)
#5 D:\Pemrograman\Website\project-one\system\CodeIgniter.php(832): App\Controllers\Home->index()
#6 D:\Pemrograman\Website\project-one\system\CodeIgniter.php(419): CodeIgniter\CodeIgniter->runController(Object(App\Controllers\Home))
#7 D:\Pemrograman\Website\project-one\system\CodeIgniter.php(326): CodeIgniter\CodeIgniter->handleRequest(NULL, Object(Config\Cache), false)
#8 D:\Pemrograman\Website\project-one\public\index.php(37): CodeIgniter\CodeIgniter->run()
#9 D:\Pemrograman\Website\project-one\system\Commands\Server\rewrite.php(43): require_once('D:\\Pemrograman\\...')
#10 {main}
CRITICAL - 2022-04-10 02:33:38 --> Undefined array key 0
#0 D:\Pemrograman\Website\project-one\app\Views\index.php(34): CodeIgniter\Debug\Exceptions->errorHandler(2, 'Undefined array...', 'D:\\Pemrograman\\...', 34)
#1 D:\Pemrograman\Website\project-one\system\View\View.php(210): include('D:\\Pemrograman\\...')
#2 D:\Pemrograman\Website\project-one\system\View\View.php(213): CodeIgniter\View\View->CodeIgniter\View\{closure}()
#3 D:\Pemrograman\Website\project-one\system\Common.php(1089): CodeIgniter\View\View->render('index', Array, true)
#4 D:\Pemrograman\Website\project-one\app\Controllers\Home.php(11): view('index', Array)
#5 D:\Pemrograman\Website\project-one\system\CodeIgniter.php(832): App\Controllers\Home->index()
#6 D:\Pemrograman\Website\project-one\system\CodeIgniter.php(419): CodeIgniter\CodeIgniter->runController(Object(App\Controllers\Home))
#7 D:\Pemrograman\Website\project-one\system\CodeIgniter.php(326): CodeIgniter\CodeIgniter->handleRequest(NULL, Object(Config\Cache), false)
#8 D:\Pemrograman\Website\project-one\public\index.php(37): CodeIgniter\CodeIgniter->run()
#9 D:\Pemrograman\Website\project-one\system\Commands\Server\rewrite.php(43): require_once('D:\\Pemrograman\\...')
#10 {main}
CRITICAL - 2022-04-10 02:52:08 --> syntax error, unexpected token "if"
#0 D:\Pemrograman\Website\project-one\system\CodeIgniter.php(368): CodeIgniter\CodeIgniter->tryToRouteIt(NULL)
#1 D:\Pemrograman\Website\project-one\system\CodeIgniter.php(326): CodeIgniter\CodeIgniter->handleRequest(NULL, Object(Config\Cache), false)
#2 D:\Pemrograman\Website\project-one\public\index.php(37): CodeIgniter\CodeIgniter->run()
#3 D:\Pemrograman\Website\project-one\system\Commands\Server\rewrite.php(43): require_once('D:\\Pemrograman\\...')
#4 {main}
CRITICAL - 2022-04-10 02:52:39 --> Unsupported operand types: string + null
#0 D:\Pemrograman\Website\project-one\system\CodeIgniter.php(832): App\Controllers\Useraccountapi->tokensignin()
#1 D:\Pemrograman\Website\project-one\system\CodeIgniter.php(419): CodeIgniter\CodeIgniter->runController(Object(App\Controllers\Useraccountapi))
#2 D:\Pemrograman\Website\project-one\system\CodeIgniter.php(326): CodeIgniter\CodeIgniter->handleRequest(NULL, Object(Config\Cache), false)
#3 D:\Pemrograman\Website\project-one\public\index.php(37): CodeIgniter\CodeIgniter->run()
#4 D:\Pemrograman\Website\project-one\system\Commands\Server\rewrite.php(43): require_once('D:\\Pemrograman\\...')
#5 {main}
CRITICAL - 2022-04-10 02:53:13 --> Unsupported operand types: string + null
#0 D:\Pemrograman\Website\project-one\system\CodeIgniter.php(832): App\Controllers\Useraccountapi->tokensignin()
#1 D:\Pemrograman\Website\project-one\system\CodeIgniter.php(419): CodeIgniter\CodeIgniter->runController(Object(App\Controllers\Useraccountapi))
#2 D:\Pemrograman\Website\project-one\system\CodeIgniter.php(326): CodeIgniter\CodeIgniter->handleRequest(NULL, Object(Config\Cache), false)
#3 D:\Pemrograman\Website\project-one\public\index.php(37): CodeIgniter\CodeIgniter->run()
#4 D:\Pemrograman\Website\project-one\system\Commands\Server\rewrite.php(43): require_once('D:\\Pemrograman\\...')
#5 {main}
CRITICAL - 2022-04-10 08:03:50 --> Undefined variable $nama
#0 D:\Pemrograman\Website\project-one\app\Views\login.php(30): CodeIgniter\Debug\Exceptions->errorHandler(2, 'Undefined varia...', 'D:\\Pemrograman\\...', 30)
#1 D:\Pemrograman\Website\project-one\system\View\View.php(210): include('D:\\Pemrograman\\...')
#2 D:\Pemrograman\Website\project-one\system\View\View.php(213): CodeIgniter\View\View->CodeIgniter\View\{closure}()
#3 D:\Pemrograman\Website\project-one\system\Common.php(1089): CodeIgniter\View\View->render('login', Array, true)
#4 D:\Pemrograman\Website\project-one\app\Controllers\Home.php(14): view('login')
#5 D:\Pemrograman\Website\project-one\system\CodeIgniter.php(832): App\Controllers\Home->login()
#6 D:\Pemrograman\Website\project-one\system\CodeIgniter.php(419): CodeIgniter\CodeIgniter->runController(Object(App\Controllers\Home))
#7 D:\Pemrograman\Website\project-one\system\CodeIgniter.php(326): CodeIgniter\CodeIgniter->handleRequest(NULL, Object(Config\Cache), false)
#8 D:\Pemrograman\Website\project-one\public\index.php(37): CodeIgniter\CodeIgniter->run()
#9 D:\Pemrograman\Website\project-one\system\Commands\Server\rewrite.php(43): require_once('D:\\Pemrograman\\...')
#10 {main}
CRITICAL - 2022-04-10 17:40:36 --> Undefined array key 0
#0 D:\Pemrograman\Website\project-one\app\Controllers\Useraccountapi.php(33): CodeIgniter\Debug\Exceptions->errorHandler(2, 'Undefined array...', 'D:\\Pemrograman\\...', 33)
#1 D:\Pemrograman\Website\project-one\system\CodeIgniter.php(832): App\Controllers\Useraccountapi->signIn()
#2 D:\Pemrograman\Website\project-one\system\CodeIgniter.php(419): CodeIgniter\CodeIgniter->runController(Object(App\Controllers\Useraccountapi))
#3 D:\Pemrograman\Website\project-one\system\CodeIgniter.php(326): CodeIgniter\CodeIgniter->handleRequest(NULL, Object(Config\Cache), false)
#4 D:\Pemrograman\Website\project-one\public\index.php(37): CodeIgniter\CodeIgniter->run()
#5 D:\Pemrograman\Website\project-one\system\Commands\Server\rewrite.php(43): require_once('D:\\Pemrograman\\...')
#6 {main}
CRITICAL - 2022-04-10 18:14:30 --> Call to undefined method CodeIgniter\Database\MySQLi\Result::first()
#0 D:\Pemrograman\Website\project-one\system\CodeIgniter.php(832): App\Controllers\Useraccountapi->signIn()
#1 D:\Pemrograman\Website\project-one\system\CodeIgniter.php(419): CodeIgniter\CodeIgniter->runController(Object(App\Controllers\Useraccountapi))
#2 D:\Pemrograman\Website\project-one\system\CodeIgniter.php(326): CodeIgniter\CodeIgniter->handleRequest(NULL, Object(Config\Cache), false)
#3 D:\Pemrograman\Website\project-one\public\index.php(37): CodeIgniter\CodeIgniter->run()
#4 D:\Pemrograman\Website\project-one\system\Commands\Server\rewrite.php(43): require_once('D:\\Pemrograman\\...')
#5 {main}
CRITICAL - 2022-04-10 18:14:58 --> Undefined property: CodeIgniter\Database\MySQLi\Result::$password
#0 D:\Pemrograman\Website\project-one\app\Controllers\Useraccountapi.php(40): CodeIgniter\Debug\Exceptions->errorHandler(2, 'Undefined prope...', 'D:\\Pemrograman\\...', 40)
#1 D:\Pemrograman\Website\project-one\system\CodeIgniter.php(832): App\Controllers\Useraccountapi->signIn()
#2 D:\Pemrograman\Website\project-one\system\CodeIgniter.php(419): CodeIgniter\CodeIgniter->runController(Object(App\Controllers\Useraccountapi))
#3 D:\Pemrograman\Website\project-one\system\CodeIgniter.php(326): CodeIgniter\CodeIgniter->handleRequest(NULL, Object(Config\Cache), false)
#4 D:\Pemrograman\Website\project-one\public\index.php(37): CodeIgniter\CodeIgniter->run()
#5 D:\Pemrograman\Website\project-one\system\Commands\Server\rewrite.php(43): require_once('D:\\Pemrograman\\...')
#6 {main}
CRITICAL - 2022-04-10 18:15:14 --> Call to undefined method CodeIgniter\Database\MySQLi\Result::first()
#0 D:\Pemrograman\Website\project-one\system\CodeIgniter.php(832): App\Controllers\Useraccountapi->signIn()
#1 D:\Pemrograman\Website\project-one\system\CodeIgniter.php(419): CodeIgniter\CodeIgniter->runController(Object(App\Controllers\Useraccountapi))
#2 D:\Pemrograman\Website\project-one\system\CodeIgniter.php(326): CodeIgniter\CodeIgniter->handleRequest(NULL, Object(Config\Cache), false)
#3 D:\Pemrograman\Website\project-one\public\index.php(37): CodeIgniter\CodeIgniter->run()
#4 D:\Pemrograman\Website\project-one\system\Commands\Server\rewrite.php(43): require_once('D:\\Pemrograman\\...')
#5 {main}
CRITICAL - 2022-04-10 18:18:16 --> Attempt to read property "password" on null
#0 D:\Pemrograman\Website\project-one\app\Controllers\Useraccountapi.php(53): CodeIgniter\Debug\Exceptions->errorHandler(2, 'Attempt to read...', 'D:\\Pemrograman\\...', 53)
#1 D:\Pemrograman\Website\project-one\system\CodeIgniter.php(832): App\Controllers\Useraccountapi->signIn()
#2 D:\Pemrograman\Website\project-one\system\CodeIgniter.php(419): CodeIgniter\CodeIgniter->runController(Object(App\Controllers\Useraccountapi))
#3 D:\Pemrograman\Website\project-one\system\CodeIgniter.php(326): CodeIgniter\CodeIgniter->handleRequest(NULL, Object(Config\Cache), false)
#4 D:\Pemrograman\Website\project-one\public\index.php(37): CodeIgniter\CodeIgniter->run()
#5 D:\Pemrograman\Website\project-one\system\Commands\Server\rewrite.php(43): require_once('D:\\Pemrograman\\...')
#6 {main}
CRITICAL - 2022-04-10 18:18:25 --> Attempt to read property "password" on null
#0 D:\Pemrograman\Website\project-one\app\Controllers\Useraccountapi.php(53): CodeIgniter\Debug\Exceptions->errorHandler(2, 'Attempt to read...', 'D:\\Pemrograman\\...', 53)
#1 D:\Pemrograman\Website\project-one\system\CodeIgniter.php(832): App\Controllers\Useraccountapi->signIn()
#2 D:\Pemrograman\Website\project-one\system\CodeIgniter.php(419): CodeIgniter\CodeIgniter->runController(Object(App\Controllers\Useraccountapi))
#3 D:\Pemrograman\Website\project-one\system\CodeIgniter.php(326): CodeIgniter\CodeIgniter->handleRequest(NULL, Object(Config\Cache), false)
#4 D:\Pemrograman\Website\project-one\public\index.php(37): CodeIgniter\CodeIgniter->run()
#5 D:\Pemrograman\Website\project-one\system\Commands\Server\rewrite.php(43): require_once('D:\\Pemrograman\\...')
#6 {main}
CRITICAL - 2022-04-10 18:22:47 --> Undefined array key 1
#0 D:\Pemrograman\Website\project-one\system\Router\Router.php(429): CodeIgniter\Debug\Exceptions->errorHandler(2, 'Undefined array...', 'D:\\Pemrograman\\...', 429)
#1 D:\Pemrograman\Website\project-one\system\Router\Router.php(154): CodeIgniter\Router\Router->checkRoutes('useraccountapi/...')
#2 D:\Pemrograman\Website\project-one\system\CodeIgniter.php(726): CodeIgniter\Router\Router->handle('useraccountapi/...')
#3 D:\Pemrograman\Website\project-one\system\CodeIgniter.php(368): CodeIgniter\CodeIgniter->tryToRouteIt(Object(CodeIgniter\Router\RouteCollection))
#4 D:\Pemrograman\Website\project-one\system\CodeIgniter.php(326): CodeIgniter\CodeIgniter->handleRequest(NULL, Object(Config\Cache), false)
#5 D:\Pemrograman\Website\project-one\public\index.php(37): CodeIgniter\CodeIgniter->run()
#6 D:\Pemrograman\Website\project-one\system\Commands\Server\rewrite.php(43): require_once('D:\\Pemrograman\\...')
#7 {main}
CRITICAL - 2022-04-10 18:34:56 --> Undefined property: App\Controllers\Useraccountapi::$model
#0 D:\Pemrograman\Website\project-one\app\Controllers\Useraccountapi.php(37): CodeIgniter\Debug\Exceptions->errorHandler(2, 'Undefined prope...', 'D:\\Pemrograman\\...', 37)
#1 D:\Pemrograman\Website\project-one\system\CodeIgniter.php(832): App\Controllers\Useraccountapi->signIn()
#2 D:\Pemrograman\Website\project-one\system\CodeIgniter.php(419): CodeIgniter\CodeIgniter->runController(Object(App\Controllers\Useraccountapi))
#3 D:\Pemrograman\Website\project-one\system\CodeIgniter.php(326): CodeIgniter\CodeIgniter->handleRequest(NULL, Object(Config\Cache), false)
#4 D:\Pemrograman\Website\project-one\public\index.php(37): CodeIgniter\CodeIgniter->run()
#5 D:\Pemrograman\Website\project-one\system\Commands\Server\rewrite.php(43): require_once('D:\\Pemrograman\\...')
#6 {main}
CRITICAL - 2022-04-10 18:44:07 --> Attempt to read property "password" on array
#0 D:\Pemrograman\Website\project-one\app\Controllers\Useraccountapi.php(40): CodeIgniter\Debug\Exceptions->errorHandler(2, 'Attempt to read...', 'D:\\Pemrograman\\...', 40)
#1 D:\Pemrograman\Website\project-one\system\CodeIgniter.php(832): App\Controllers\Useraccountapi->signIn()
#2 D:\Pemrograman\Website\project-one\system\CodeIgniter.php(419): CodeIgniter\CodeIgniter->runController(Object(App\Controllers\Useraccountapi))
#3 D:\Pemrograman\Website\project-one\system\CodeIgniter.php(326): CodeIgniter\CodeIgniter->handleRequest(NULL, Object(Config\Cache), false)
#4 D:\Pemrograman\Website\project-one\public\index.php(37): CodeIgniter\CodeIgniter->run()
#5 D:\Pemrograman\Website\project-one\system\Commands\Server\rewrite.php(43): require_once('D:\\Pemrograman\\...')
#6 {main}
CRITICAL - 2022-04-10 18:45:53 --> Attempt to read property "password" on array
#0 D:\Pemrograman\Website\project-one\app\Controllers\Useraccountapi.php(40): CodeIgniter\Debug\Exceptions->errorHandler(2, 'Attempt to read...', 'D:\\Pemrograman\\...', 40)
#1 D:\Pemrograman\Website\project-one\system\CodeIgniter.php(832): App\Controllers\Useraccountapi->signIn()
#2 D:\Pemrograman\Website\project-one\system\CodeIgniter.php(419): CodeIgniter\CodeIgniter->runController(Object(App\Controllers\Useraccountapi))
#3 D:\Pemrograman\Website\project-one\system\CodeIgniter.php(326): CodeIgniter\CodeIgniter->handleRequest(NULL, Object(Config\Cache), false)
#4 D:\Pemrograman\Website\project-one\public\index.php(37): CodeIgniter\CodeIgniter->run()
#5 D:\Pemrograman\Website\project-one\system\Commands\Server\rewrite.php(43): require_once('D:\\Pemrograman\\...')
#6 {main}
CRITICAL - 2022-04-10 18:45:58 --> Attempt to read property "password" on array
#0 D:\Pemrograman\Website\project-one\app\Controllers\Useraccountapi.php(40): CodeIgniter\Debug\Exceptions->errorHandler(2, 'Attempt to read...', 'D:\\Pemrograman\\...', 40)
#1 D:\Pemrograman\Website\project-one\system\CodeIgniter.php(832): App\Controllers\Useraccountapi->signIn()
#2 D:\Pemrograman\Website\project-one\system\CodeIgniter.php(419): CodeIgniter\CodeIgniter->runController(Object(App\Controllers\Useraccountapi))
#3 D:\Pemrograman\Website\project-one\system\CodeIgniter.php(326): CodeIgniter\CodeIgniter->handleRequest(NULL, Object(Config\Cache), false)
#4 D:\Pemrograman\Website\project-one\public\index.php(37): CodeIgniter\CodeIgniter->run()
#5 D:\Pemrograman\Website\project-one\system\Commands\Server\rewrite.php(43): require_once('D:\\Pemrograman\\...')
#6 {main}
CRITICAL - 2022-04-10 18:51:30 --> Undefined property: App\Controllers\Useraccountapi::$model
#0 D:\Pemrograman\Website\project-one\app\Controllers\Useraccountapi.php(55): CodeIgniter\Debug\Exceptions->errorHandler(2, 'Undefined prope...', 'D:\\Pemrograman\\...', 55)
#1 D:\Pemrograman\Website\project-one\system\CodeIgniter.php(832): App\Controllers\Useraccountapi->signIn()
#2 D:\Pemrograman\Website\project-one\system\CodeIgniter.php(419): CodeIgniter\CodeIgniter->runController(Object(App\Controllers\Useraccountapi))
#3 D:\Pemrograman\Website\project-one\system\CodeIgniter.php(326): CodeIgniter\CodeIgniter->handleRequest(NULL, Object(Config\Cache), false)
#4 D:\Pemrograman\Website\project-one\public\index.php(37): CodeIgniter\CodeIgniter->run()
#5 D:\Pemrograman\Website\project-one\system\Commands\Server\rewrite.php(43): require_once('D:\\Pemrograman\\...')
#6 {main}
CRITICAL - 2022-04-10 18:51:34 --> Undefined property: App\Controllers\Useraccountapi::$model
#0 D:\Pemrograman\Website\project-one\app\Controllers\Useraccountapi.php(55): CodeIgniter\Debug\Exceptions->errorHandler(2, 'Undefined prope...', 'D:\\Pemrograman\\...', 55)
#1 D:\Pemrograman\Website\project-one\system\CodeIgniter.php(832): App\Controllers\Useraccountapi->signIn()
#2 D:\Pemrograman\Website\project-one\system\CodeIgniter.php(419): CodeIgniter\CodeIgniter->runController(Object(App\Controllers\Useraccountapi))
#3 D:\Pemrograman\Website\project-one\system\CodeIgniter.php(326): CodeIgniter\CodeIgniter->handleRequest(NULL, Object(Config\Cache), false)
#4 D:\Pemrograman\Website\project-one\public\index.php(37): CodeIgniter\CodeIgniter->run()
#5 D:\Pemrograman\Website\project-one\system\Commands\Server\rewrite.php(43): require_once('D:\\Pemrograman\\...')
#6 {main}
CRITICAL - 2022-04-10 19:02:53 --> Undefined property: App\Controllers\Useraccountapi::$model
#0 D:\Pemrograman\Website\project-one\app\Controllers\Useraccountapi.php(37): CodeIgniter\Debug\Exceptions->errorHandler(2, 'Undefined prope...', 'D:\\Pemrograman\\...', 37)
#1 D:\Pemrograman\Website\project-one\system\CodeIgniter.php(832): App\Controllers\Useraccountapi->signIn()
#2 D:\Pemrograman\Website\project-one\system\CodeIgniter.php(419): CodeIgniter\CodeIgniter->runController(Object(App\Controllers\Useraccountapi))
#3 D:\Pemrograman\Website\project-one\system\CodeIgniter.php(326): CodeIgniter\CodeIgniter->handleRequest(NULL, Object(Config\Cache), false)
#4 D:\Pemrograman\Website\project-one\public\index.php(37): CodeIgniter\CodeIgniter->run()
#5 D:\Pemrograman\Website\project-one\system\Commands\Server\rewrite.php(43): require_once('D:\\Pemrograman\\...')
#6 {main}
CRITICAL - 2022-04-10 19:09:45 --> Undefined property: App\Controllers\Useraccountapi::$model
#0 D:\Pemrograman\Website\project-one\app\Controllers\Useraccountapi.php(37): CodeIgniter\Debug\Exceptions->errorHandler(2, 'Undefined prope...', 'D:\\Pemrograman\\...', 37)
#1 D:\Pemrograman\Website\project-one\system\CodeIgniter.php(832): App\Controllers\Useraccountapi->signIn()
#2 D:\Pemrograman\Website\project-one\system\CodeIgniter.php(419): CodeIgniter\CodeIgniter->runController(Object(App\Controllers\Useraccountapi))
#3 D:\Pemrograman\Website\project-one\system\CodeIgniter.php(326): CodeIgniter\CodeIgniter->handleRequest(NULL, Object(Config\Cache), false)
#4 D:\Pemrograman\Website\project-one\public\index.php(37): CodeIgniter\CodeIgniter->run()
#5 D:\Pemrograman\Website\project-one\system\Commands\Server\rewrite.php(43): require_once('D:\\Pemrograman\\...')
#6 {main}
CRITICAL - 2022-04-10 19:10:39 --> Undefined property: App\Controllers\Useraccountapi::$model
#0 D:\Pemrograman\Website\project-one\app\Controllers\Useraccountapi.php(37): CodeIgniter\Debug\Exceptions->errorHandler(2, 'Undefined prope...', 'D:\\Pemrograman\\...', 37)
#1 D:\Pemrograman\Website\project-one\system\CodeIgniter.php(832): App\Controllers\Useraccountapi->signIn()
#2 D:\Pemrograman\Website\project-one\system\CodeIgniter.php(419): CodeIgniter\CodeIgniter->runController(Object(App\Controllers\Useraccountapi))
#3 D:\Pemrograman\Website\project-one\system\CodeIgniter.php(326): CodeIgniter\CodeIgniter->handleRequest(NULL, Object(Config\Cache), false)
#4 D:\Pemrograman\Website\project-one\public\index.php(37): CodeIgniter\CodeIgniter->run()
#5 D:\Pemrograman\Website\project-one\system\Commands\Server\rewrite.php(43): require_once('D:\\Pemrograman\\...')
#6 {main}
CRITICAL - 2022-04-10 19:11:22 --> Undefined property: App\Controllers\Useraccountapi::$model
#0 D:\Pemrograman\Website\project-one\app\Controllers\Useraccountapi.php(37): CodeIgniter\Debug\Exceptions->errorHandler(2, 'Undefined prope...', 'D:\\Pemrograman\\...', 37)
#1 D:\Pemrograman\Website\project-one\system\CodeIgniter.php(832): App\Controllers\Useraccountapi->signIn()
#2 D:\Pemrograman\Website\project-one\system\CodeIgniter.php(419): CodeIgniter\CodeIgniter->runController(Object(App\Controllers\Useraccountapi))
#3 D:\Pemrograman\Website\project-one\system\CodeIgniter.php(326): CodeIgniter\CodeIgniter->handleRequest(NULL, Object(Config\Cache), false)
#4 D:\Pemrograman\Website\project-one\public\index.php(37): CodeIgniter\CodeIgniter->run()
#5 D:\Pemrograman\Website\project-one\system\Commands\Server\rewrite.php(43): require_once('D:\\Pemrograman\\...')
#6 {main}
CRITICAL - 2022-04-10 19:14:02 --> Call to undefined method App\Models\UserAccountModel::respond
#0 D:\Pemrograman\Website\project-one\app\Controllers\Home.php(44): CodeIgniter\Model->__call('respond', Array)
#1 D:\Pemrograman\Website\project-one\system\CodeIgniter.php(832): App\Controllers\Home->signIn()
#2 D:\Pemrograman\Website\project-one\system\CodeIgniter.php(419): CodeIgniter\CodeIgniter->runController(Object(App\Controllers\Home))
#3 D:\Pemrograman\Website\project-one\system\CodeIgniter.php(326): CodeIgniter\CodeIgniter->handleRequest(NULL, Object(Config\Cache), false)
#4 D:\Pemrograman\Website\project-one\public\index.php(37): CodeIgniter\CodeIgniter->run()
#5 D:\Pemrograman\Website\project-one\system\Commands\Server\rewrite.php(43): require_once('D:\\Pemrograman\\...')
#6 {main}
CRITICAL - 2022-04-10 19:15:45 --> Object of class App\Entities\UserAccountEntity could not be converted to string
#0 D:\Pemrograman\Website\project-one\system\CodeIgniter.php(832): App\Controllers\Home->signIn()
#1 D:\Pemrograman\Website\project-one\system\CodeIgniter.php(419): CodeIgniter\CodeIgniter->runController(Object(App\Controllers\Home))
#2 D:\Pemrograman\Website\project-one\system\CodeIgniter.php(326): CodeIgniter\CodeIgniter->handleRequest(NULL, Object(Config\Cache), false)
#3 D:\Pemrograman\Website\project-one\public\index.php(37): CodeIgniter\CodeIgniter->run()
#4 D:\Pemrograman\Website\project-one\system\Commands\Server\rewrite.php(43): require_once('D:\\Pemrograman\\...')
#5 {main}
CRITICAL - 2022-04-10 19:19:10 --> Unsupported operand types: string + string
#0 D:\Pemrograman\Website\project-one\system\CodeIgniter.php(832): App\Controllers\Home->signIn()
#1 D:\Pemrograman\Website\project-one\system\CodeIgniter.php(419): CodeIgniter\CodeIgniter->runController(Object(App\Controllers\Home))
#2 D:\Pemrograman\Website\project-one\system\CodeIgniter.php(326): CodeIgniter\CodeIgniter->handleRequest(NULL, Object(Config\Cache), false)
#3 D:\Pemrograman\Website\project-one\public\index.php(37): CodeIgniter\CodeIgniter->run()
#4 D:\Pemrograman\Website\project-one\system\Commands\Server\rewrite.php(43): require_once('D:\\Pemrograman\\...')
#5 {main}
CRITICAL - 2022-04-10 19:19:54 --> Unsupported operand types: string + string
#0 D:\Pemrograman\Website\project-one\system\CodeIgniter.php(832): App\Controllers\Home->signIn()
#1 D:\Pemrograman\Website\project-one\system\CodeIgniter.php(419): CodeIgniter\CodeIgniter->runController(Object(App\Controllers\Home))
#2 D:\Pemrograman\Website\project-one\system\CodeIgniter.php(326): CodeIgniter\CodeIgniter->handleRequest(NULL, Object(Config\Cache), false)
#3 D:\Pemrograman\Website\project-one\public\index.php(37): CodeIgniter\CodeIgniter->run()
#4 D:\Pemrograman\Website\project-one\system\Commands\Server\rewrite.php(43): require_once('D:\\Pemrograman\\...')
#5 {main}
CRITICAL - 2022-04-10 19:36:46 --> ini_set(): Session ini settings cannot be changed when a session is active
#0 [internal function]: CodeIgniter\Debug\Exceptions->errorHandler(2, 'ini_set(): Sess...', 'D:\\Pemrograman\\...', 71)
#1 D:\Pemrograman\Website\project-one\system\Session\Handlers\FileHandler.php(71): ini_set('session.save_pa...', 'D:\\Pemrograman\\...')
#2 D:\Pemrograman\Website\project-one\system\Config\Services.php(570): CodeIgniter\Session\Handlers\FileHandler->__construct(Object(Config\App), '::1')
#3 D:\Pemrograman\Website\project-one\system\Config\BaseService.php(248): CodeIgniter\Config\Services::session(Object(Config\App), false)
#4 D:\Pemrograman\Website\project-one\system\Config\BaseService.php(189): CodeIgniter\Config\BaseService::__callStatic('session', Array)
#5 D:\Pemrograman\Website\project-one\system\Config\Services.php(563): CodeIgniter\Config\BaseService::getSharedInstance('session', NULL)
#6 D:\Pemrograman\Website\project-one\system\Config\BaseService.php(248): CodeIgniter\Config\Services::session()
#7 D:\Pemrograman\Website\project-one\system\Common.php(901): CodeIgniter\Config\BaseService::__callStatic('session', Array)
#8 D:\Pemrograman\Website\project-one\app\Controllers\Useraccountapi.php(42): session()
#9 D:\Pemrograman\Website\project-one\system\CodeIgniter.php(832): App\Controllers\Useraccountapi->signIn()
#10 D:\Pemrograman\Website\project-one\system\CodeIgniter.php(419): CodeIgniter\CodeIgniter->runController(Object(App\Controllers\Useraccountapi))
#11 D:\Pemrograman\Website\project-one\system\CodeIgniter.php(326): CodeIgniter\CodeIgniter->handleRequest(NULL, Object(Config\Cache), false)
#12 D:\Pemrograman\Website\project-one\public\index.php(37): CodeIgniter\CodeIgniter->run()
#13 D:\Pemrograman\Website\project-one\system\Commands\Server\rewrite.php(43): require_once('D:\\Pemrograman\\...')
#14 {main}
CRITICAL - 2022-04-10 19:38:09 --> ini_set(): Session ini settings cannot be changed when a session is active
#0 [internal function]: CodeIgniter\Debug\Exceptions->errorHandler(2, 'ini_set(): Sess...', 'D:\\Pemrograman\\...', 71)
#1 D:\Pemrograman\Website\project-one\system\Session\Handlers\FileHandler.php(71): ini_set('session.save_pa...', 'D:\\Pemrograman\\...')
#2 D:\Pemrograman\Website\project-one\system\Config\Services.php(570): CodeIgniter\Session\Handlers\FileHandler->__construct(Object(Config\App), '::1')
#3 D:\Pemrograman\Website\project-one\system\Config\BaseService.php(248): CodeIgniter\Config\Services::session(Object(Config\App), false)
#4 D:\Pemrograman\Website\project-one\system\Config\BaseService.php(189): CodeIgniter\Config\BaseService::__callStatic('session', Array)
#5 D:\Pemrograman\Website\project-one\system\Config\Services.php(563): CodeIgniter\Config\BaseService::getSharedInstance('session', NULL)
#6 D:\Pemrograman\Website\project-one\system\Config\BaseService.php(248): CodeIgniter\Config\Services::session()
#7 D:\Pemrograman\Website\project-one\system\Common.php(901): CodeIgniter\Config\BaseService::__callStatic('session', Array)
#8 D:\Pemrograman\Website\project-one\app\Controllers\Useraccountapi.php(42): session()
#9 D:\Pemrograman\Website\project-one\system\CodeIgniter.php(832): App\Controllers\Useraccountapi->signIn()
#10 D:\Pemrograman\Website\project-one\system\CodeIgniter.php(419): CodeIgniter\CodeIgniter->runController(Object(App\Controllers\Useraccountapi))
#11 D:\Pemrograman\Website\project-one\system\CodeIgniter.php(326): CodeIgniter\CodeIgniter->handleRequest(NULL, Object(Config\Cache), false)
#12 D:\Pemrograman\Website\project-one\public\index.php(37): CodeIgniter\CodeIgniter->run()
#13 D:\Pemrograman\Website\project-one\system\Commands\Server\rewrite.php(43): require_once('D:\\Pemrograman\\...')
#14 {main}
CRITICAL - 2022-04-10 19:38:37 --> session_start(): Ignoring session_start() because a session is already active
#0 [internal function]: CodeIgniter\Debug\Exceptions->errorHandler(8, 'session_start()...', 'D:\\Pemrograman\\...', 46)
#1 D:\Pemrograman\Website\project-one\app\Controllers\Useraccountapi.php(46): session_start()
#2 D:\Pemrograman\Website\project-one\system\CodeIgniter.php(832): App\Controllers\Useraccountapi->signIn()
#3 D:\Pemrograman\Website\project-one\system\CodeIgniter.php(419): CodeIgniter\CodeIgniter->runController(Object(App\Controllers\Useraccountapi))
#4 D:\Pemrograman\Website\project-one\system\CodeIgniter.php(326): CodeIgniter\CodeIgniter->handleRequest(NULL, Object(Config\Cache), false)
#5 D:\Pemrograman\Website\project-one\public\index.php(37): CodeIgniter\CodeIgniter->run()
#6 D:\Pemrograman\Website\project-one\system\Commands\Server\rewrite.php(43): require_once('D:\\Pemrograman\\...')
#7 {main}
CRITICAL - 2022-04-10 19:45:26 --> Undefined global variable $_SESSION
#0 D:\Pemrograman\Website\project-one\app\Views\index.php(290): CodeIgniter\Debug\Exceptions->errorHandler(2, 'Undefined globa...', 'D:\\Pemrograman\\...', 290)
#1 D:\Pemrograman\Website\project-one\system\View\View.php(210): include('D:\\Pemrograman\\...')
#2 D:\Pemrograman\Website\project-one\system\View\View.php(213): CodeIgniter\View\View->CodeIgniter\View\{closure}()
#3 D:\Pemrograman\Website\project-one\system\Common.php(1089): CodeIgniter\View\View->render('index', Array, true)
#4 D:\Pemrograman\Website\project-one\app\Controllers\Home.php(11): view('index')
#5 D:\Pemrograman\Website\project-one\system\CodeIgniter.php(832): App\Controllers\Home->index()
#6 D:\Pemrograman\Website\project-one\system\CodeIgniter.php(419): CodeIgniter\CodeIgniter->runController(Object(App\Controllers\Home))
#7 D:\Pemrograman\Website\project-one\system\CodeIgniter.php(326): CodeIgniter\CodeIgniter->handleRequest(NULL, Object(Config\Cache), false)
#8 D:\Pemrograman\Website\project-one\public\index.php(37): CodeIgniter\CodeIgniter->run()
#9 D:\Pemrograman\Website\project-one\system\Commands\Server\rewrite.php(43): require_once('D:\\Pemrograman\\...')
#10 {main}
CRITICAL - 2022-04-10 19:47:03 --> Undefined array key "username"
#0 D:\Pemrograman\Website\project-one\app\Views\index.php(292): CodeIgniter\Debug\Exceptions->errorHandler(2, 'Undefined array...', 'D:\\Pemrograman\\...', 292)
#1 D:\Pemrograman\Website\project-one\system\View\View.php(210): include('D:\\Pemrograman\\...')
#2 D:\Pemrograman\Website\project-one\system\View\View.php(213): CodeIgniter\View\View->CodeIgniter\View\{closure}()
#3 D:\Pemrograman\Website\project-one\system\Common.php(1089): CodeIgniter\View\View->render('index', Array, true)
#4 D:\Pemrograman\Website\project-one\app\Controllers\Home.php(11): view('index')
#5 D:\Pemrograman\Website\project-one\system\CodeIgniter.php(832): App\Controllers\Home->index()
#6 D:\Pemrograman\Website\project-one\system\CodeIgniter.php(419): CodeIgniter\CodeIgniter->runController(Object(App\Controllers\Home))
#7 D:\Pemrograman\Website\project-one\system\CodeIgniter.php(326): CodeIgniter\CodeIgniter->handleRequest(NULL, Object(Config\Cache), false)
#8 D:\Pemrograman\Website\project-one\public\index.php(37): CodeIgniter\CodeIgniter->run()
#9 D:\Pemrograman\Website\project-one\system\Commands\Server\rewrite.php(43): require_once('D:\\Pemrograman\\...')
#10 {main}
