CRITICAL - 2022-04-20 06:48:59 --> Call to undefined function CodeIgniter\locale_set_default()
#0 D:\Pemrograman\Website\project-one\system\bootstrap.php(146): CodeIgniter\CodeIgniter->initialize()
#1 D:\Pemrograman\Website\project-one\spark(45): require('...')
#2 {main}
CRITICAL - 2022-04-20 06:49:34 --> Call to undefined function CodeIgniter\locale_set_default()
#0 D:\Pemrograman\Website\project-one\system\bootstrap.php(146): CodeIgniter\CodeIgniter->initialize()
#1 D:\Pemrograman\Website\project-one\spark(45): require('...')
#2 {main}
CRITICAL - 2022-04-20 01:52:35 --> require_once(vendor/autoload.php): Failed to open stream: No such file or directory
#0 D:\Pemrograman\Website\project-one\app\Controllers\Useraccountapi.php(20): CodeIgniter\Debug\Exceptions->errorHandler()
#1 D:\Pemrograman\Website\project-one\app\Controllers\Useraccountapi.php(20): require_once()
#2 D:\Pemrograman\Website\project-one\system\CodeIgniter.php(832): App\Controllers\Useraccountapi->tokenSignIn()
#3 D:\Pemrograman\Website\project-one\system\CodeIgniter.php(419): CodeIgniter\CodeIgniter->runController()
#4 D:\Pemrograman\Website\project-one\system\CodeIgniter.php(326): CodeIgniter\CodeIgniter->handleRequest()
#5 D:\Pemrograman\Website\project-one\public\index.php(37): CodeIgniter\CodeIgniter->run()
#6 D:\Pemrograman\Website\project-one\system\Commands\Server\rewrite.php(43): require_once('...')
#7 {main}
ERROR - 2022-04-20 01:56:09 --> Column 'item_id' in where clause is ambiguous
CRITICAL - 2022-04-20 01:56:09 --> Column 'item_id' in where clause is ambiguous
#0 D:\Pemrograman\Website\project-one\system\Database\MySQLi\Connection.php(292): mysqli->query()
#1 D:\Pemrograman\Website\project-one\system\Database\BaseConnection.php(670): CodeIgniter\Database\MySQLi\Connection->execute()
#2 D:\Pemrograman\Website\project-one\system\Database\BaseConnection.php(598): CodeIgniter\Database\BaseConnection->simpleQuery()
#3 D:\Pemrograman\Website\project-one\system\Database\BaseBuilder.php(1455): CodeIgniter\Database\BaseConnection->query()
#4 D:\Pemrograman\Website\project-one\system\Model.php(183): CodeIgniter\Database\BaseBuilder->get()
#5 D:\Pemrograman\Website\project-one\system\BaseModel.php(584): CodeIgniter\Model->doFindAll()
#6 D:\Pemrograman\Website\project-one\app\Controllers\Itemsapi.php(109): CodeIgniter\BaseModel->findAll()
#7 D:\Pemrograman\Website\project-one\system\CodeIgniter.php(832): App\Controllers\Itemsapi->show()
#8 D:\Pemrograman\Website\project-one\system\CodeIgniter.php(419): CodeIgniter\CodeIgniter->runController()
#9 D:\Pemrograman\Website\project-one\system\CodeIgniter.php(326): CodeIgniter\CodeIgniter->handleRequest()
#10 D:\Pemrograman\Website\project-one\public\index.php(37): CodeIgniter\CodeIgniter->run()
#11 D:\Pemrograman\Website\project-one\system\Commands\Server\rewrite.php(43): require_once('...')
#12 {main}
ERROR - 2022-04-20 01:57:31 --> Column 'item_id' in where clause is ambiguous
CRITICAL - 2022-04-20 01:57:31 --> Column 'item_id' in where clause is ambiguous
#0 D:\Pemrograman\Website\project-one\system\Database\MySQLi\Connection.php(292): mysqli->query()
#1 D:\Pemrograman\Website\project-one\system\Database\BaseConnection.php(670): CodeIgniter\Database\MySQLi\Connection->execute()
#2 D:\Pemrograman\Website\project-one\system\Database\BaseConnection.php(598): CodeIgniter\Database\BaseConnection->simpleQuery()
#3 D:\Pemrograman\Website\project-one\system\Database\BaseBuilder.php(1455): CodeIgniter\Database\BaseConnection->query()
#4 D:\Pemrograman\Website\project-one\system\Model.php(183): CodeIgniter\Database\BaseBuilder->get()
#5 D:\Pemrograman\Website\project-one\system\BaseModel.php(584): CodeIgniter\Model->doFindAll()
#6 D:\Pemrograman\Website\project-one\app\Controllers\Itemsapi.php(109): CodeIgniter\BaseModel->findAll()
#7 D:\Pemrograman\Website\project-one\system\CodeIgniter.php(832): App\Controllers\Itemsapi->show()
#8 D:\Pemrograman\Website\project-one\system\CodeIgniter.php(419): CodeIgniter\CodeIgniter->runController()
#9 D:\Pemrograman\Website\project-one\system\CodeIgniter.php(326): CodeIgniter\CodeIgniter->handleRequest()
#10 D:\Pemrograman\Website\project-one\public\index.php(37): CodeIgniter\CodeIgniter->run()
#11 D:\Pemrograman\Website\project-one\system\Commands\Server\rewrite.php(43): require_once('...')
#12 {main}
ERROR - 2022-04-20 01:59:44 --> Unknown column 'items.item_name' in 'where clause'
CRITICAL - 2022-04-20 01:59:44 --> Unknown column 'items.item_name' in 'where clause'
#0 D:\Pemrograman\Website\project-one\system\Database\MySQLi\Connection.php(292): mysqli->query()
#1 D:\Pemrograman\Website\project-one\system\Database\BaseConnection.php(670): CodeIgniter\Database\MySQLi\Connection->execute()
#2 D:\Pemrograman\Website\project-one\system\Database\BaseConnection.php(598): CodeIgniter\Database\BaseConnection->simpleQuery()
#3 D:\Pemrograman\Website\project-one\system\Database\BaseBuilder.php(2225): CodeIgniter\Database\BaseConnection->query()
#4 D:\Pemrograman\Website\project-one\system\Model.php(359): CodeIgniter\Database\BaseBuilder->delete()
#5 D:\Pemrograman\Website\project-one\system\BaseModel.php(963): CodeIgniter\Model->doDelete()
#6 D:\Pemrograman\Website\project-one\app\Controllers\Itemsapi.php(105): CodeIgniter\BaseModel->delete()
#7 D:\Pemrograman\Website\project-one\system\CodeIgniter.php(832): App\Controllers\Itemsapi->show()
#8 D:\Pemrograman\Website\project-one\system\CodeIgniter.php(419): CodeIgniter\CodeIgniter->runController()
#9 D:\Pemrograman\Website\project-one\system\CodeIgniter.php(326): CodeIgniter\CodeIgniter->handleRequest()
#10 D:\Pemrograman\Website\project-one\public\index.php(37): CodeIgniter\CodeIgniter->run()
#11 D:\Pemrograman\Website\project-one\system\Commands\Server\rewrite.php(43): require_once('...')
#12 {main}
CRITICAL - 2022-04-20 02:01:35 --> Deletes are not allowed unless they contain a "where" or "like" clause.
#0 D:\Pemrograman\Website\project-one\system\Model.php(359): CodeIgniter\Database\BaseBuilder->delete()
#1 D:\Pemrograman\Website\project-one\system\BaseModel.php(963): CodeIgniter\Model->doDelete()
#2 D:\Pemrograman\Website\project-one\app\Controllers\Itemsapi.php(105): CodeIgniter\BaseModel->delete()
#3 D:\Pemrograman\Website\project-one\system\CodeIgniter.php(832): App\Controllers\Itemsapi->show()
#4 D:\Pemrograman\Website\project-one\system\CodeIgniter.php(419): CodeIgniter\CodeIgniter->runController()
#5 D:\Pemrograman\Website\project-one\system\CodeIgniter.php(326): CodeIgniter\CodeIgniter->handleRequest()
#6 D:\Pemrograman\Website\project-one\public\index.php(37): CodeIgniter\CodeIgniter->run()
#7 D:\Pemrograman\Website\project-one\system\Commands\Server\rewrite.php(43): require_once('...')
#8 {main}
CRITICAL - 2022-04-20 02:04:41 --> Deletes are not allowed unless they contain a "where" or "like" clause.
#0 D:\Pemrograman\Website\project-one\system\Model.php(359): CodeIgniter\Database\BaseBuilder->delete()
#1 D:\Pemrograman\Website\project-one\system\BaseModel.php(963): CodeIgniter\Model->doDelete()
#2 D:\Pemrograman\Website\project-one\app\Controllers\Itemsapi.php(105): CodeIgniter\BaseModel->delete()
#3 D:\Pemrograman\Website\project-one\system\CodeIgniter.php(832): App\Controllers\Itemsapi->show()
#4 D:\Pemrograman\Website\project-one\system\CodeIgniter.php(419): CodeIgniter\CodeIgniter->runController()
#5 D:\Pemrograman\Website\project-one\system\CodeIgniter.php(326): CodeIgniter\CodeIgniter->handleRequest()
#6 D:\Pemrograman\Website\project-one\public\index.php(37): CodeIgniter\CodeIgniter->run()
#7 D:\Pemrograman\Website\project-one\system\Commands\Server\rewrite.php(43): require_once('...')
#8 {main}
CRITICAL - 2022-04-20 02:05:35 --> whereIn() expects $values to be of type array or closure
#0 D:\Pemrograman\Website\project-one\system\Database\BaseBuilder.php(731): CodeIgniter\Database\BaseBuilder->_whereIn()
#1 D:\Pemrograman\Website\project-one\system\Model.php(728): CodeIgniter\Database\BaseBuilder->whereIn()
#2 D:\Pemrograman\Website\project-one\app\Controllers\Itemsapi.php(103): CodeIgniter\Model->__call()
#3 D:\Pemrograman\Website\project-one\system\CodeIgniter.php(832): App\Controllers\Itemsapi->show()
#4 D:\Pemrograman\Website\project-one\system\CodeIgniter.php(419): CodeIgniter\CodeIgniter->runController()
#5 D:\Pemrograman\Website\project-one\system\CodeIgniter.php(326): CodeIgniter\CodeIgniter->handleRequest()
#6 D:\Pemrograman\Website\project-one\public\index.php(37): CodeIgniter\CodeIgniter->run()
#7 D:\Pemrograman\Website\project-one\system\Commands\Server\rewrite.php(43): require_once('...')
#8 {main}
CRITICAL - 2022-04-20 02:05:56 --> whereIn() expects $values to be of type array or closure
#0 D:\Pemrograman\Website\project-one\system\Database\BaseBuilder.php(731): CodeIgniter\Database\BaseBuilder->_whereIn()
#1 D:\Pemrograman\Website\project-one\system\Model.php(728): CodeIgniter\Database\BaseBuilder->whereIn()
#2 D:\Pemrograman\Website\project-one\app\Controllers\Itemsapi.php(103): CodeIgniter\Model->__call()
#3 D:\Pemrograman\Website\project-one\system\CodeIgniter.php(832): App\Controllers\Itemsapi->show()
#4 D:\Pemrograman\Website\project-one\system\CodeIgniter.php(419): CodeIgniter\CodeIgniter->runController()
#5 D:\Pemrograman\Website\project-one\system\CodeIgniter.php(326): CodeIgniter\CodeIgniter->handleRequest()
#6 D:\Pemrograman\Website\project-one\public\index.php(37): CodeIgniter\CodeIgniter->run()
#7 D:\Pemrograman\Website\project-one\system\Commands\Server\rewrite.php(43): require_once('...')
#8 {main}
ERROR - 2022-04-20 02:11:42 --> Unknown column 'item_name' in 'where clause'
CRITICAL - 2022-04-20 02:11:42 --> Unknown column 'item_name' in 'where clause'
#0 D:\Pemrograman\Website\project-one\system\Database\MySQLi\Connection.php(292): mysqli->query()
#1 D:\Pemrograman\Website\project-one\system\Database\BaseConnection.php(670): CodeIgniter\Database\MySQLi\Connection->execute()
#2 D:\Pemrograman\Website\project-one\system\Database\BaseConnection.php(598): CodeIgniter\Database\BaseConnection->simpleQuery()
#3 D:\Pemrograman\Website\project-one\system\Database\BaseBuilder.php(2225): CodeIgniter\Database\BaseConnection->query()
#4 D:\Pemrograman\Website\project-one\system\Model.php(359): CodeIgniter\Database\BaseBuilder->delete()
#5 D:\Pemrograman\Website\project-one\system\BaseModel.php(963): CodeIgniter\Model->doDelete()
#6 D:\Pemrograman\Website\project-one\app\Controllers\Itemsapi.php(105): CodeIgniter\BaseModel->delete()
#7 D:\Pemrograman\Website\project-one\system\CodeIgniter.php(832): App\Controllers\Itemsapi->show()
#8 D:\Pemrograman\Website\project-one\system\CodeIgniter.php(419): CodeIgniter\CodeIgniter->runController()
#9 D:\Pemrograman\Website\project-one\system\CodeIgniter.php(326): CodeIgniter\CodeIgniter->handleRequest()
#10 D:\Pemrograman\Website\project-one\public\index.php(37): CodeIgniter\CodeIgniter->run()
#11 D:\Pemrograman\Website\project-one\system\Commands\Server\rewrite.php(43): require_once('...')
#12 {main}
ERROR - 2022-04-20 02:11:51 --> Unknown column 'items.item_name' in 'where clause'
CRITICAL - 2022-04-20 02:11:51 --> Unknown column 'items.item_name' in 'where clause'
#0 D:\Pemrograman\Website\project-one\system\Database\MySQLi\Connection.php(292): mysqli->query()
#1 D:\Pemrograman\Website\project-one\system\Database\BaseConnection.php(670): CodeIgniter\Database\MySQLi\Connection->execute()
#2 D:\Pemrograman\Website\project-one\system\Database\BaseConnection.php(598): CodeIgniter\Database\BaseConnection->simpleQuery()
#3 D:\Pemrograman\Website\project-one\system\Database\BaseBuilder.php(2225): CodeIgniter\Database\BaseConnection->query()
#4 D:\Pemrograman\Website\project-one\system\Model.php(359): CodeIgniter\Database\BaseBuilder->delete()
#5 D:\Pemrograman\Website\project-one\system\BaseModel.php(963): CodeIgniter\Model->doDelete()
#6 D:\Pemrograman\Website\project-one\app\Controllers\Itemsapi.php(105): CodeIgniter\BaseModel->delete()
#7 D:\Pemrograman\Website\project-one\system\CodeIgniter.php(832): App\Controllers\Itemsapi->show()
#8 D:\Pemrograman\Website\project-one\system\CodeIgniter.php(419): CodeIgniter\CodeIgniter->runController()
#9 D:\Pemrograman\Website\project-one\system\CodeIgniter.php(326): CodeIgniter\CodeIgniter->handleRequest()
#10 D:\Pemrograman\Website\project-one\public\index.php(37): CodeIgniter\CodeIgniter->run()
#11 D:\Pemrograman\Website\project-one\system\Commands\Server\rewrite.php(43): require_once('...')
#12 {main}
CRITICAL - 2022-04-20 02:13:51 --> whereIn() expects $values to be of type array or closure
#0 D:\Pemrograman\Website\project-one\system\Database\BaseBuilder.php(731): CodeIgniter\Database\BaseBuilder->_whereIn()
#1 D:\Pemrograman\Website\project-one\system\Model.php(728): CodeIgniter\Database\BaseBuilder->whereIn()
#2 D:\Pemrograman\Website\project-one\app\Controllers\Itemsapi.php(103): CodeIgniter\Model->__call()
#3 D:\Pemrograman\Website\project-one\system\CodeIgniter.php(832): App\Controllers\Itemsapi->show()
#4 D:\Pemrograman\Website\project-one\system\CodeIgniter.php(419): CodeIgniter\CodeIgniter->runController()
#5 D:\Pemrograman\Website\project-one\system\CodeIgniter.php(326): CodeIgniter\CodeIgniter->handleRequest()
#6 D:\Pemrograman\Website\project-one\public\index.php(37): CodeIgniter\CodeIgniter->run()
#7 D:\Pemrograman\Website\project-one\system\Commands\Server\rewrite.php(43): require_once('...')
#8 {main}
CRITICAL - 2022-04-20 02:14:12 --> whereIn() expects $values to be of type array or closure
#0 D:\Pemrograman\Website\project-one\system\Database\BaseBuilder.php(731): CodeIgniter\Database\BaseBuilder->_whereIn()
#1 D:\Pemrograman\Website\project-one\system\Model.php(728): CodeIgniter\Database\BaseBuilder->whereIn()
#2 D:\Pemrograman\Website\project-one\app\Controllers\Itemsapi.php(104): CodeIgniter\Model->__call()
#3 D:\Pemrograman\Website\project-one\system\CodeIgniter.php(832): App\Controllers\Itemsapi->show()
#4 D:\Pemrograman\Website\project-one\system\CodeIgniter.php(419): CodeIgniter\CodeIgniter->runController()
#5 D:\Pemrograman\Website\project-one\system\CodeIgniter.php(326): CodeIgniter\CodeIgniter->handleRequest()
#6 D:\Pemrograman\Website\project-one\public\index.php(37): CodeIgniter\CodeIgniter->run()
#7 D:\Pemrograman\Website\project-one\system\Commands\Server\rewrite.php(43): require_once('...')
#8 {main}
ERROR - 2022-04-20 02:14:47 --> Unknown column 'items.item_name' in 'where clause'
CRITICAL - 2022-04-20 02:14:47 --> Unknown column 'items.item_name' in 'where clause'
#0 D:\Pemrograman\Website\project-one\system\Database\MySQLi\Connection.php(292): mysqli->query()
#1 D:\Pemrograman\Website\project-one\system\Database\BaseConnection.php(670): CodeIgniter\Database\MySQLi\Connection->execute()
#2 D:\Pemrograman\Website\project-one\system\Database\BaseConnection.php(598): CodeIgniter\Database\BaseConnection->simpleQuery()
#3 D:\Pemrograman\Website\project-one\system\Database\BaseBuilder.php(2225): CodeIgniter\Database\BaseConnection->query()
#4 D:\Pemrograman\Website\project-one\system\Model.php(359): CodeIgniter\Database\BaseBuilder->delete()
#5 D:\Pemrograman\Website\project-one\system\BaseModel.php(963): CodeIgniter\Model->doDelete()
#6 D:\Pemrograman\Website\project-one\app\Controllers\Itemsapi.php(105): CodeIgniter\BaseModel->delete()
#7 D:\Pemrograman\Website\project-one\system\CodeIgniter.php(832): App\Controllers\Itemsapi->show()
#8 D:\Pemrograman\Website\project-one\system\CodeIgniter.php(419): CodeIgniter\CodeIgniter->runController()
#9 D:\Pemrograman\Website\project-one\system\CodeIgniter.php(326): CodeIgniter\CodeIgniter->handleRequest()
#10 D:\Pemrograman\Website\project-one\public\index.php(37): CodeIgniter\CodeIgniter->run()
#11 D:\Pemrograman\Website\project-one\system\Commands\Server\rewrite.php(43): require_once('...')
#12 {main}
ERROR - 2022-04-20 02:16:13 --> Unknown column 'items.item_name' in 'where clause'
CRITICAL - 2022-04-20 02:16:13 --> Unknown column 'items.item_name' in 'where clause'
#0 D:\Pemrograman\Website\project-one\system\Database\MySQLi\Connection.php(292): mysqli->query()
#1 D:\Pemrograman\Website\project-one\system\Database\BaseConnection.php(670): CodeIgniter\Database\MySQLi\Connection->execute()
#2 D:\Pemrograman\Website\project-one\system\Database\BaseConnection.php(598): CodeIgniter\Database\BaseConnection->simpleQuery()
#3 D:\Pemrograman\Website\project-one\system\Database\BaseBuilder.php(2225): CodeIgniter\Database\BaseConnection->query()
#4 D:\Pemrograman\Website\project-one\system\Model.php(359): CodeIgniter\Database\BaseBuilder->delete()
#5 D:\Pemrograman\Website\project-one\system\BaseModel.php(963): CodeIgniter\Model->doDelete()
#6 D:\Pemrograman\Website\project-one\app\Controllers\Itemsapi.php(104): CodeIgniter\BaseModel->delete()
#7 D:\Pemrograman\Website\project-one\system\CodeIgniter.php(832): App\Controllers\Itemsapi->show()
#8 D:\Pemrograman\Website\project-one\system\CodeIgniter.php(419): CodeIgniter\CodeIgniter->runController()
#9 D:\Pemrograman\Website\project-one\system\CodeIgniter.php(326): CodeIgniter\CodeIgniter->handleRequest()
#10 D:\Pemrograman\Website\project-one\public\index.php(37): CodeIgniter\CodeIgniter->run()
#11 D:\Pemrograman\Website\project-one\system\Commands\Server\rewrite.php(43): require_once('...')
#12 {main}
ERROR - 2022-04-20 02:18:13 --> Unknown column 'items.item_name' in 'where clause'
CRITICAL - 2022-04-20 02:18:13 --> Unknown column 'items.item_name' in 'where clause'
#0 D:\Pemrograman\Website\project-one\system\Database\MySQLi\Connection.php(292): mysqli->query()
#1 D:\Pemrograman\Website\project-one\system\Database\BaseConnection.php(670): CodeIgniter\Database\MySQLi\Connection->execute()
#2 D:\Pemrograman\Website\project-one\system\Database\BaseConnection.php(598): CodeIgniter\Database\BaseConnection->simpleQuery()
#3 D:\Pemrograman\Website\project-one\system\Database\BaseBuilder.php(2225): CodeIgniter\Database\BaseConnection->query()
#4 D:\Pemrograman\Website\project-one\system\Model.php(359): CodeIgniter\Database\BaseBuilder->delete()
#5 D:\Pemrograman\Website\project-one\system\BaseModel.php(963): CodeIgniter\Model->doDelete()
#6 D:\Pemrograman\Website\project-one\app\Controllers\Itemsapi.php(105): CodeIgniter\BaseModel->delete()
#7 D:\Pemrograman\Website\project-one\system\CodeIgniter.php(832): App\Controllers\Itemsapi->show()
#8 D:\Pemrograman\Website\project-one\system\CodeIgniter.php(419): CodeIgniter\CodeIgniter->runController()
#9 D:\Pemrograman\Website\project-one\system\CodeIgniter.php(326): CodeIgniter\CodeIgniter->handleRequest()
#10 D:\Pemrograman\Website\project-one\public\index.php(37): CodeIgniter\CodeIgniter->run()
#11 D:\Pemrograman\Website\project-one\system\Commands\Server\rewrite.php(43): require_once('...')
#12 {main}
ERROR - 2022-04-20 02:18:22 --> Unknown column 'items.item_name' in 'where clause'
CRITICAL - 2022-04-20 02:18:22 --> Unknown column 'items.item_name' in 'where clause'
#0 D:\Pemrograman\Website\project-one\system\Database\MySQLi\Connection.php(292): mysqli->query()
#1 D:\Pemrograman\Website\project-one\system\Database\BaseConnection.php(670): CodeIgniter\Database\MySQLi\Connection->execute()
#2 D:\Pemrograman\Website\project-one\system\Database\BaseConnection.php(598): CodeIgniter\Database\BaseConnection->simpleQuery()
#3 D:\Pemrograman\Website\project-one\system\Database\BaseBuilder.php(2225): CodeIgniter\Database\BaseConnection->query()
#4 D:\Pemrograman\Website\project-one\system\Model.php(359): CodeIgniter\Database\BaseBuilder->delete()
#5 D:\Pemrograman\Website\project-one\system\BaseModel.php(963): CodeIgniter\Model->doDelete()
#6 D:\Pemrograman\Website\project-one\app\Controllers\Itemsapi.php(105): CodeIgniter\BaseModel->delete()
#7 D:\Pemrograman\Website\project-one\system\CodeIgniter.php(832): App\Controllers\Itemsapi->show()
#8 D:\Pemrograman\Website\project-one\system\CodeIgniter.php(419): CodeIgniter\CodeIgniter->runController()
#9 D:\Pemrograman\Website\project-one\system\CodeIgniter.php(326): CodeIgniter\CodeIgniter->handleRequest()
#10 D:\Pemrograman\Website\project-one\public\index.php(37): CodeIgniter\CodeIgniter->run()
#11 D:\Pemrograman\Website\project-one\system\Commands\Server\rewrite.php(43): require_once('...')
#12 {main}
CRITICAL - 2022-04-20 02:20:24 --> Object of class App\Models\LikesModel could not be converted to string
#0 D:\Pemrograman\Website\project-one\system\Database\Query.php(312): implode()
#1 D:\Pemrograman\Website\project-one\system\Database\Query.php(293): CodeIgniter\Database\Query->matchNamedBinds()
#2 D:\Pemrograman\Website\project-one\system\Database\Query.php(150): CodeIgniter\Database\Query->compileBinds()
#3 D:\Pemrograman\Website\project-one\system\Database\BaseConnection.php(598): CodeIgniter\Database\Query->getQuery()
#4 D:\Pemrograman\Website\project-one\system\Database\BaseBuilder.php(2225): CodeIgniter\Database\BaseConnection->query()
#5 D:\Pemrograman\Website\project-one\system\Model.php(359): CodeIgniter\Database\BaseBuilder->delete()
#6 D:\Pemrograman\Website\project-one\system\BaseModel.php(963): CodeIgniter\Model->doDelete()
#7 D:\Pemrograman\Website\project-one\app\Controllers\Itemsapi.php(105): CodeIgniter\BaseModel->delete()
#8 D:\Pemrograman\Website\project-one\system\CodeIgniter.php(832): App\Controllers\Itemsapi->show()
#9 D:\Pemrograman\Website\project-one\system\CodeIgniter.php(419): CodeIgniter\CodeIgniter->runController()
#10 D:\Pemrograman\Website\project-one\system\CodeIgniter.php(326): CodeIgniter\CodeIgniter->handleRequest()
#11 D:\Pemrograman\Website\project-one\public\index.php(37): CodeIgniter\CodeIgniter->run()
#12 D:\Pemrograman\Website\project-one\system\Commands\Server\rewrite.php(43): require_once('...')
#13 {main}
ERROR - 2022-04-20 02:21:06 --> Unknown column 'items.item_name' in 'where clause'
CRITICAL - 2022-04-20 02:21:06 --> Unknown column 'items.item_name' in 'where clause'
#0 D:\Pemrograman\Website\project-one\system\Database\MySQLi\Connection.php(292): mysqli->query()
#1 D:\Pemrograman\Website\project-one\system\Database\BaseConnection.php(670): CodeIgniter\Database\MySQLi\Connection->execute()
#2 D:\Pemrograman\Website\project-one\system\Database\BaseConnection.php(598): CodeIgniter\Database\BaseConnection->simpleQuery()
#3 D:\Pemrograman\Website\project-one\system\Database\BaseBuilder.php(2225): CodeIgniter\Database\BaseConnection->query()
#4 D:\Pemrograman\Website\project-one\system\Model.php(359): CodeIgniter\Database\BaseBuilder->delete()
#5 D:\Pemrograman\Website\project-one\system\BaseModel.php(963): CodeIgniter\Model->doDelete()
#6 D:\Pemrograman\Website\project-one\app\Controllers\Itemsapi.php(105): CodeIgniter\BaseModel->delete()
#7 D:\Pemrograman\Website\project-one\system\CodeIgniter.php(832): App\Controllers\Itemsapi->show()
#8 D:\Pemrograman\Website\project-one\system\CodeIgniter.php(419): CodeIgniter\CodeIgniter->runController()
#9 D:\Pemrograman\Website\project-one\system\CodeIgniter.php(326): CodeIgniter\CodeIgniter->handleRequest()
#10 D:\Pemrograman\Website\project-one\public\index.php(37): CodeIgniter\CodeIgniter->run()
#11 D:\Pemrograman\Website\project-one\system\Commands\Server\rewrite.php(43): require_once('...')
#12 {main}
CRITICAL - 2022-04-20 02:21:23 --> CodeIgniter\Database\BaseBuilder::get(): Argument #1 ($limit) must be of type ?int, string given, called in D:\Pemrograman\Website\project-one\system\Model.php on line 728
#0 D:\Pemrograman\Website\project-one\system\Model.php(728): CodeIgniter\Database\BaseBuilder->get()
#1 D:\Pemrograman\Website\project-one\app\Controllers\Itemsapi.php(104): CodeIgniter\Model->__call()
#2 D:\Pemrograman\Website\project-one\system\CodeIgniter.php(832): App\Controllers\Itemsapi->show()
#3 D:\Pemrograman\Website\project-one\system\CodeIgniter.php(419): CodeIgniter\CodeIgniter->runController()
#4 D:\Pemrograman\Website\project-one\system\CodeIgniter.php(326): CodeIgniter\CodeIgniter->handleRequest()
#5 D:\Pemrograman\Website\project-one\public\index.php(37): CodeIgniter\CodeIgniter->run()
#6 D:\Pemrograman\Website\project-one\system\Commands\Server\rewrite.php(43): require_once('...')
#7 {main}
CRITICAL - 2022-04-20 02:22:29 --> Deletes are not allowed unless they contain a "where" or "like" clause.
#0 D:\Pemrograman\Website\project-one\system\Model.php(359): CodeIgniter\Database\BaseBuilder->delete()
#1 D:\Pemrograman\Website\project-one\system\BaseModel.php(963): CodeIgniter\Model->doDelete()
#2 D:\Pemrograman\Website\project-one\app\Controllers\Itemsapi.php(103): CodeIgniter\BaseModel->delete()
#3 D:\Pemrograman\Website\project-one\system\CodeIgniter.php(832): App\Controllers\Itemsapi->show()
#4 D:\Pemrograman\Website\project-one\system\CodeIgniter.php(419): CodeIgniter\CodeIgniter->runController()
#5 D:\Pemrograman\Website\project-one\system\CodeIgniter.php(326): CodeIgniter\CodeIgniter->handleRequest()
#6 D:\Pemrograman\Website\project-one\public\index.php(37): CodeIgniter\CodeIgniter->run()
#7 D:\Pemrograman\Website\project-one\system\Commands\Server\rewrite.php(43): require_once('...')
#8 {main}
ERROR - 2022-04-20 02:22:36 --> Unknown column 'items.item_name' in 'where clause'
CRITICAL - 2022-04-20 02:22:36 --> Unknown column 'items.item_name' in 'where clause'
#0 D:\Pemrograman\Website\project-one\system\Database\MySQLi\Connection.php(292): mysqli->query()
#1 D:\Pemrograman\Website\project-one\system\Database\BaseConnection.php(670): CodeIgniter\Database\MySQLi\Connection->execute()
#2 D:\Pemrograman\Website\project-one\system\Database\BaseConnection.php(598): CodeIgniter\Database\BaseConnection->simpleQuery()
#3 D:\Pemrograman\Website\project-one\system\Database\BaseBuilder.php(2225): CodeIgniter\Database\BaseConnection->query()
#4 D:\Pemrograman\Website\project-one\system\Model.php(359): CodeIgniter\Database\BaseBuilder->delete()
#5 D:\Pemrograman\Website\project-one\system\BaseModel.php(963): CodeIgniter\Model->doDelete()
#6 D:\Pemrograman\Website\project-one\app\Controllers\Itemsapi.php(104): CodeIgniter\BaseModel->delete()
#7 D:\Pemrograman\Website\project-one\system\CodeIgniter.php(832): App\Controllers\Itemsapi->show()
#8 D:\Pemrograman\Website\project-one\system\CodeIgniter.php(419): CodeIgniter\CodeIgniter->runController()
#9 D:\Pemrograman\Website\project-one\system\CodeIgniter.php(326): CodeIgniter\CodeIgniter->handleRequest()
#10 D:\Pemrograman\Website\project-one\public\index.php(37): CodeIgniter\CodeIgniter->run()
#11 D:\Pemrograman\Website\project-one\system\Commands\Server\rewrite.php(43): require_once('...')
#12 {main}
ERROR - 2022-04-20 02:24:14 --> Unknown column 'items.item_name' in 'where clause'
CRITICAL - 2022-04-20 02:24:14 --> Unknown column 'items.item_name' in 'where clause'
#0 D:\Pemrograman\Website\project-one\system\Database\MySQLi\Connection.php(292): mysqli->query()
#1 D:\Pemrograman\Website\project-one\system\Database\BaseConnection.php(670): CodeIgniter\Database\MySQLi\Connection->execute()
#2 D:\Pemrograman\Website\project-one\system\Database\BaseConnection.php(598): CodeIgniter\Database\BaseConnection->simpleQuery()
#3 D:\Pemrograman\Website\project-one\system\Database\BaseBuilder.php(2225): CodeIgniter\Database\BaseConnection->query()
#4 D:\Pemrograman\Website\project-one\system\Model.php(359): CodeIgniter\Database\BaseBuilder->delete()
#5 D:\Pemrograman\Website\project-one\system\BaseModel.php(963): CodeIgniter\Model->doDelete()
#6 D:\Pemrograman\Website\project-one\app\Controllers\Itemsapi.php(105): CodeIgniter\BaseModel->delete()
#7 D:\Pemrograman\Website\project-one\system\CodeIgniter.php(832): App\Controllers\Itemsapi->show()
#8 D:\Pemrograman\Website\project-one\system\CodeIgniter.php(419): CodeIgniter\CodeIgniter->runController()
#9 D:\Pemrograman\Website\project-one\system\CodeIgniter.php(326): CodeIgniter\CodeIgniter->handleRequest()
#10 D:\Pemrograman\Website\project-one\public\index.php(37): CodeIgniter\CodeIgniter->run()
#11 D:\Pemrograman\Website\project-one\system\Commands\Server\rewrite.php(43): require_once('...')
#12 {main}
ERROR - 2022-04-20 02:25:06 --> Unknown column 'items.item_name' in 'where clause'
CRITICAL - 2022-04-20 02:25:06 --> Unknown column 'items.item_name' in 'where clause'
#0 D:\Pemrograman\Website\project-one\system\Database\MySQLi\Connection.php(292): mysqli->query()
#1 D:\Pemrograman\Website\project-one\system\Database\BaseConnection.php(670): CodeIgniter\Database\MySQLi\Connection->execute()
#2 D:\Pemrograman\Website\project-one\system\Database\BaseConnection.php(598): CodeIgniter\Database\BaseConnection->simpleQuery()
#3 D:\Pemrograman\Website\project-one\system\Database\BaseBuilder.php(2225): CodeIgniter\Database\BaseConnection->query()
#4 D:\Pemrograman\Website\project-one\system\Model.php(359): CodeIgniter\Database\BaseBuilder->delete()
#5 D:\Pemrograman\Website\project-one\system\BaseModel.php(963): CodeIgniter\Model->doDelete()
#6 D:\Pemrograman\Website\project-one\app\Controllers\Itemsapi.php(105): CodeIgniter\BaseModel->delete()
#7 D:\Pemrograman\Website\project-one\system\CodeIgniter.php(832): App\Controllers\Itemsapi->show()
#8 D:\Pemrograman\Website\project-one\system\CodeIgniter.php(419): CodeIgniter\CodeIgniter->runController()
#9 D:\Pemrograman\Website\project-one\system\CodeIgniter.php(326): CodeIgniter\CodeIgniter->handleRequest()
#10 D:\Pemrograman\Website\project-one\public\index.php(37): CodeIgniter\CodeIgniter->run()
#11 D:\Pemrograman\Website\project-one\system\Commands\Server\rewrite.php(43): require_once('...')
#12 {main}
ERROR - 2022-04-20 02:36:13 --> Unknown column 'items.item_name' in 'where clause'
CRITICAL - 2022-04-20 02:36:13 --> Unknown column 'items.item_name' in 'where clause'
#0 D:\Pemrograman\Website\project-one\system\Database\MySQLi\Connection.php(292): mysqli->query()
#1 D:\Pemrograman\Website\project-one\system\Database\BaseConnection.php(670): CodeIgniter\Database\MySQLi\Connection->execute()
#2 D:\Pemrograman\Website\project-one\system\Database\BaseConnection.php(598): CodeIgniter\Database\BaseConnection->simpleQuery()
#3 D:\Pemrograman\Website\project-one\system\Database\BaseBuilder.php(2225): CodeIgniter\Database\BaseConnection->query()
#4 D:\Pemrograman\Website\project-one\system\Model.php(359): CodeIgniter\Database\BaseBuilder->delete()
#5 D:\Pemrograman\Website\project-one\system\BaseModel.php(963): CodeIgniter\Model->doDelete()
#6 D:\Pemrograman\Website\project-one\app\Controllers\Itemsapi.php(105): CodeIgniter\BaseModel->delete()
#7 D:\Pemrograman\Website\project-one\system\CodeIgniter.php(832): App\Controllers\Itemsapi->show()
#8 D:\Pemrograman\Website\project-one\system\CodeIgniter.php(419): CodeIgniter\CodeIgniter->runController()
#9 D:\Pemrograman\Website\project-one\system\CodeIgniter.php(326): CodeIgniter\CodeIgniter->handleRequest()
#10 D:\Pemrograman\Website\project-one\public\index.php(37): CodeIgniter\CodeIgniter->run()
#11 D:\Pemrograman\Website\project-one\system\Commands\Server\rewrite.php(43): require_once('...')
#12 {main}
ERROR - 2022-04-20 02:36:15 --> Unknown column 'items.item_name' in 'where clause'
CRITICAL - 2022-04-20 02:36:15 --> Unknown column 'items.item_name' in 'where clause'
#0 D:\Pemrograman\Website\project-one\system\Database\MySQLi\Connection.php(292): mysqli->query()
#1 D:\Pemrograman\Website\project-one\system\Database\BaseConnection.php(670): CodeIgniter\Database\MySQLi\Connection->execute()
#2 D:\Pemrograman\Website\project-one\system\Database\BaseConnection.php(598): CodeIgniter\Database\BaseConnection->simpleQuery()
#3 D:\Pemrograman\Website\project-one\system\Database\BaseBuilder.php(2225): CodeIgniter\Database\BaseConnection->query()
#4 D:\Pemrograman\Website\project-one\system\Model.php(359): CodeIgniter\Database\BaseBuilder->delete()
#5 D:\Pemrograman\Website\project-one\system\BaseModel.php(963): CodeIgniter\Model->doDelete()
#6 D:\Pemrograman\Website\project-one\app\Controllers\Itemsapi.php(105): CodeIgniter\BaseModel->delete()
#7 D:\Pemrograman\Website\project-one\system\CodeIgniter.php(832): App\Controllers\Itemsapi->show()
#8 D:\Pemrograman\Website\project-one\system\CodeIgniter.php(419): CodeIgniter\CodeIgniter->runController()
#9 D:\Pemrograman\Website\project-one\system\CodeIgniter.php(326): CodeIgniter\CodeIgniter->handleRequest()
#10 D:\Pemrograman\Website\project-one\public\index.php(37): CodeIgniter\CodeIgniter->run()
#11 D:\Pemrograman\Website\project-one\system\Commands\Server\rewrite.php(43): require_once('...')
#12 {main}
CRITICAL - 2022-04-20 02:36:42 --> whereIn() expects $values to be of type array or closure
#0 D:\Pemrograman\Website\project-one\system\Database\BaseBuilder.php(731): CodeIgniter\Database\BaseBuilder->_whereIn()
#1 D:\Pemrograman\Website\project-one\system\Model.php(728): CodeIgniter\Database\BaseBuilder->whereIn()
#2 D:\Pemrograman\Website\project-one\app\Controllers\Itemsapi.php(103): CodeIgniter\Model->__call()
#3 D:\Pemrograman\Website\project-one\system\CodeIgniter.php(832): App\Controllers\Itemsapi->show()
#4 D:\Pemrograman\Website\project-one\system\CodeIgniter.php(419): CodeIgniter\CodeIgniter->runController()
#5 D:\Pemrograman\Website\project-one\system\CodeIgniter.php(326): CodeIgniter\CodeIgniter->handleRequest()
#6 D:\Pemrograman\Website\project-one\public\index.php(37): CodeIgniter\CodeIgniter->run()
#7 D:\Pemrograman\Website\project-one\system\Commands\Server\rewrite.php(43): require_once('...')
#8 {main}
ERROR - 2022-04-20 02:36:49 --> Unknown column 'user_data.username' in 'where clause'
CRITICAL - 2022-04-20 02:36:49 --> Unknown column 'user_data.username' in 'where clause'
#0 D:\Pemrograman\Website\project-one\system\Database\MySQLi\Connection.php(292): mysqli->query()
#1 D:\Pemrograman\Website\project-one\system\Database\BaseConnection.php(670): CodeIgniter\Database\MySQLi\Connection->execute()
#2 D:\Pemrograman\Website\project-one\system\Database\BaseConnection.php(598): CodeIgniter\Database\BaseConnection->simpleQuery()
#3 D:\Pemrograman\Website\project-one\system\Database\BaseBuilder.php(2225): CodeIgniter\Database\BaseConnection->query()
#4 D:\Pemrograman\Website\project-one\system\Model.php(359): CodeIgniter\Database\BaseBuilder->delete()
#5 D:\Pemrograman\Website\project-one\system\BaseModel.php(963): CodeIgniter\Model->doDelete()
#6 D:\Pemrograman\Website\project-one\app\Controllers\Itemsapi.php(105): CodeIgniter\BaseModel->delete()
#7 D:\Pemrograman\Website\project-one\system\CodeIgniter.php(832): App\Controllers\Itemsapi->show()
#8 D:\Pemrograman\Website\project-one\system\CodeIgniter.php(419): CodeIgniter\CodeIgniter->runController()
#9 D:\Pemrograman\Website\project-one\system\CodeIgniter.php(326): CodeIgniter\CodeIgniter->handleRequest()
#10 D:\Pemrograman\Website\project-one\public\index.php(37): CodeIgniter\CodeIgniter->run()
#11 D:\Pemrograman\Website\project-one\system\Commands\Server\rewrite.php(43): require_once('...')
#12 {main}
ERROR - 2022-04-20 02:37:16 --> Unknown column 'user_data.username' in 'where clause'
CRITICAL - 2022-04-20 02:37:16 --> Unknown column 'user_data.username' in 'where clause'
#0 D:\Pemrograman\Website\project-one\system\Database\MySQLi\Connection.php(292): mysqli->query()
#1 D:\Pemrograman\Website\project-one\system\Database\BaseConnection.php(670): CodeIgniter\Database\MySQLi\Connection->execute()
#2 D:\Pemrograman\Website\project-one\system\Database\BaseConnection.php(598): CodeIgniter\Database\BaseConnection->simpleQuery()
#3 D:\Pemrograman\Website\project-one\system\Database\BaseBuilder.php(2225): CodeIgniter\Database\BaseConnection->query()
#4 D:\Pemrograman\Website\project-one\system\Model.php(359): CodeIgniter\Database\BaseBuilder->delete()
#5 D:\Pemrograman\Website\project-one\system\BaseModel.php(963): CodeIgniter\Model->doDelete()
#6 D:\Pemrograman\Website\project-one\app\Controllers\Itemsapi.php(105): CodeIgniter\BaseModel->delete()
#7 D:\Pemrograman\Website\project-one\system\CodeIgniter.php(832): App\Controllers\Itemsapi->show()
#8 D:\Pemrograman\Website\project-one\system\CodeIgniter.php(419): CodeIgniter\CodeIgniter->runController()
#9 D:\Pemrograman\Website\project-one\system\CodeIgniter.php(326): CodeIgniter\CodeIgniter->handleRequest()
#10 D:\Pemrograman\Website\project-one\public\index.php(37): CodeIgniter\CodeIgniter->run()
#11 D:\Pemrograman\Website\project-one\system\Commands\Server\rewrite.php(43): require_once('...')
#12 {main}
ERROR - 2022-04-20 02:37:23 --> Unknown column 'likes.username' in 'where clause'
CRITICAL - 2022-04-20 02:37:23 --> Unknown column 'likes.username' in 'where clause'
#0 D:\Pemrograman\Website\project-one\system\Database\MySQLi\Connection.php(292): mysqli->query()
#1 D:\Pemrograman\Website\project-one\system\Database\BaseConnection.php(670): CodeIgniter\Database\MySQLi\Connection->execute()
#2 D:\Pemrograman\Website\project-one\system\Database\BaseConnection.php(598): CodeIgniter\Database\BaseConnection->simpleQuery()
#3 D:\Pemrograman\Website\project-one\system\Database\BaseBuilder.php(2225): CodeIgniter\Database\BaseConnection->query()
#4 D:\Pemrograman\Website\project-one\system\Model.php(359): CodeIgniter\Database\BaseBuilder->delete()
#5 D:\Pemrograman\Website\project-one\system\BaseModel.php(963): CodeIgniter\Model->doDelete()
#6 D:\Pemrograman\Website\project-one\app\Controllers\Itemsapi.php(105): CodeIgniter\BaseModel->delete()
#7 D:\Pemrograman\Website\project-one\system\CodeIgniter.php(832): App\Controllers\Itemsapi->show()
#8 D:\Pemrograman\Website\project-one\system\CodeIgniter.php(419): CodeIgniter\CodeIgniter->runController()
#9 D:\Pemrograman\Website\project-one\system\CodeIgniter.php(326): CodeIgniter\CodeIgniter->handleRequest()
#10 D:\Pemrograman\Website\project-one\public\index.php(37): CodeIgniter\CodeIgniter->run()
#11 D:\Pemrograman\Website\project-one\system\Commands\Server\rewrite.php(43): require_once('...')
#12 {main}
CRITICAL - 2022-04-20 02:41:06 --> Object of class App\Models\LikesModel could not be converted to string
#0 D:\Pemrograman\Website\project-one\system\Database\Query.php(318): strtr()
#1 D:\Pemrograman\Website\project-one\system\Database\Query.php(293): CodeIgniter\Database\Query->matchNamedBinds()
#2 D:\Pemrograman\Website\project-one\system\Database\Query.php(150): CodeIgniter\Database\Query->compileBinds()
#3 D:\Pemrograman\Website\project-one\system\Database\BaseConnection.php(598): CodeIgniter\Database\Query->getQuery()
#4 D:\Pemrograman\Website\project-one\system\Database\BaseBuilder.php(1455): CodeIgniter\Database\BaseConnection->query()
#5 D:\Pemrograman\Website\project-one\system\Model.php(183): CodeIgniter\Database\BaseBuilder->get()
#6 D:\Pemrograman\Website\project-one\system\BaseModel.php(584): CodeIgniter\Model->doFindAll()
#7 D:\Pemrograman\Website\project-one\app\Controllers\Itemsapi.php(109): CodeIgniter\BaseModel->findAll()
#8 D:\Pemrograman\Website\project-one\system\CodeIgniter.php(832): App\Controllers\Itemsapi->show()
#9 D:\Pemrograman\Website\project-one\system\CodeIgniter.php(419): CodeIgniter\CodeIgniter->runController()
#10 D:\Pemrograman\Website\project-one\system\CodeIgniter.php(326): CodeIgniter\CodeIgniter->handleRequest()
#11 D:\Pemrograman\Website\project-one\public\index.php(37): CodeIgniter\CodeIgniter->run()
#12 D:\Pemrograman\Website\project-one\system\Commands\Server\rewrite.php(43): require_once('...')
#13 {main}
ERROR - 2022-04-20 02:41:13 --> Column 'item_id' in field list is ambiguous
CRITICAL - 2022-04-20 02:41:13 --> Column 'item_id' in field list is ambiguous
#0 D:\Pemrograman\Website\project-one\system\Database\MySQLi\Connection.php(292): mysqli->query()
#1 D:\Pemrograman\Website\project-one\system\Database\BaseConnection.php(670): CodeIgniter\Database\MySQLi\Connection->execute()
#2 D:\Pemrograman\Website\project-one\system\Database\BaseConnection.php(598): CodeIgniter\Database\BaseConnection->simpleQuery()
#3 D:\Pemrograman\Website\project-one\system\Database\BaseBuilder.php(1455): CodeIgniter\Database\BaseConnection->query()
#4 D:\Pemrograman\Website\project-one\system\Model.php(210): CodeIgniter\Database\BaseBuilder->get()
#5 D:\Pemrograman\Website\project-one\system\BaseModel.php(622): CodeIgniter\Model->doFirst()
#6 D:\Pemrograman\Website\project-one\app\Controllers\Itemsapi.php(103): CodeIgniter\BaseModel->first()
#7 D:\Pemrograman\Website\project-one\system\CodeIgniter.php(832): App\Controllers\Itemsapi->show()
#8 D:\Pemrograman\Website\project-one\system\CodeIgniter.php(419): CodeIgniter\CodeIgniter->runController()
#9 D:\Pemrograman\Website\project-one\system\CodeIgniter.php(326): CodeIgniter\CodeIgniter->handleRequest()
#10 D:\Pemrograman\Website\project-one\public\index.php(37): CodeIgniter\CodeIgniter->run()
#11 D:\Pemrograman\Website\project-one\system\Commands\Server\rewrite.php(43): require_once('...')
#12 {main}
CRITICAL - 2022-04-20 02:41:20 --> Object of class App\Entities\LikesEntity could not be converted to string
#0 D:\Pemrograman\Website\project-one\system\Database\Query.php(318): strtr()
#1 D:\Pemrograman\Website\project-one\system\Database\Query.php(293): CodeIgniter\Database\Query->matchNamedBinds()
#2 D:\Pemrograman\Website\project-one\system\Database\Query.php(150): CodeIgniter\Database\Query->compileBinds()
#3 D:\Pemrograman\Website\project-one\system\Database\BaseConnection.php(598): CodeIgniter\Database\Query->getQuery()
#4 D:\Pemrograman\Website\project-one\system\Database\BaseBuilder.php(1455): CodeIgniter\Database\BaseConnection->query()
#5 D:\Pemrograman\Website\project-one\system\Model.php(183): CodeIgniter\Database\BaseBuilder->get()
#6 D:\Pemrograman\Website\project-one\system\BaseModel.php(584): CodeIgniter\Model->doFindAll()
#7 D:\Pemrograman\Website\project-one\app\Controllers\Itemsapi.php(109): CodeIgniter\BaseModel->findAll()
#8 D:\Pemrograman\Website\project-one\system\CodeIgniter.php(832): App\Controllers\Itemsapi->show()
#9 D:\Pemrograman\Website\project-one\system\CodeIgniter.php(419): CodeIgniter\CodeIgniter->runController()
#10 D:\Pemrograman\Website\project-one\system\CodeIgniter.php(326): CodeIgniter\CodeIgniter->handleRequest()
#11 D:\Pemrograman\Website\project-one\public\index.php(37): CodeIgniter\CodeIgniter->run()
#12 D:\Pemrograman\Website\project-one\system\Commands\Server\rewrite.php(43): require_once('...')
#13 {main}
ERROR - 2022-04-20 02:43:12 --> Column 'item_id' in field list is ambiguous
CRITICAL - 2022-04-20 02:43:12 --> Column 'item_id' in field list is ambiguous
#0 D:\Pemrograman\Website\project-one\system\Database\MySQLi\Connection.php(292): mysqli->query()
#1 D:\Pemrograman\Website\project-one\system\Database\BaseConnection.php(670): CodeIgniter\Database\MySQLi\Connection->execute()
#2 D:\Pemrograman\Website\project-one\system\Database\BaseConnection.php(598): CodeIgniter\Database\BaseConnection->simpleQuery()
#3 D:\Pemrograman\Website\project-one\system\Database\BaseBuilder.php(1455): CodeIgniter\Database\BaseConnection->query()
#4 D:\Pemrograman\Website\project-one\system\Model.php(183): CodeIgniter\Database\BaseBuilder->get()
#5 D:\Pemrograman\Website\project-one\system\BaseModel.php(584): CodeIgniter\Model->doFindAll()
#6 D:\Pemrograman\Website\project-one\app\Controllers\Itemsapi.php(109): CodeIgniter\BaseModel->findAll()
#7 D:\Pemrograman\Website\project-one\system\CodeIgniter.php(832): App\Controllers\Itemsapi->show()
#8 D:\Pemrograman\Website\project-one\system\CodeIgniter.php(419): CodeIgniter\CodeIgniter->runController()
#9 D:\Pemrograman\Website\project-one\system\CodeIgniter.php(326): CodeIgniter\CodeIgniter->handleRequest()
#10 D:\Pemrograman\Website\project-one\public\index.php(37): CodeIgniter\CodeIgniter->run()
#11 D:\Pemrograman\Website\project-one\system\Commands\Server\rewrite.php(43): require_once('...')
#12 {main}
CRITICAL - 2022-04-20 02:46:21 --> Deletes are not allowed unless they contain a "where" or "like" clause.
#0 D:\Pemrograman\Website\project-one\system\Database\BaseBuilder.php(2176): CodeIgniter\Database\BaseBuilder->delete()
#1 D:\Pemrograman\Website\project-one\system\Model.php(728): CodeIgniter\Database\BaseBuilder->getCompiledDelete()
#2 D:\Pemrograman\Website\project-one\app\Controllers\Itemsapi.php(112): CodeIgniter\Model->__call()
#3 D:\Pemrograman\Website\project-one\system\CodeIgniter.php(832): App\Controllers\Itemsapi->show()
#4 D:\Pemrograman\Website\project-one\system\CodeIgniter.php(419): CodeIgniter\CodeIgniter->runController()
#5 D:\Pemrograman\Website\project-one\system\CodeIgniter.php(326): CodeIgniter\CodeIgniter->handleRequest()
#6 D:\Pemrograman\Website\project-one\public\index.php(37): CodeIgniter\CodeIgniter->run()
#7 D:\Pemrograman\Website\project-one\system\Commands\Server\rewrite.php(43): require_once('...')
#8 {main}
CRITICAL - 2022-04-20 02:47:10 --> Object of class App\Models\LikesModel could not be converted to string
#0 D:\Pemrograman\Website\project-one\system\Database\Query.php(318): strtr()
#1 D:\Pemrograman\Website\project-one\system\Database\Query.php(293): CodeIgniter\Database\Query->matchNamedBinds()
#2 D:\Pemrograman\Website\project-one\system\Database\Query.php(150): CodeIgniter\Database\Query->compileBinds()
#3 D:\Pemrograman\Website\project-one\system\Database\BaseBuilder.php(1438): CodeIgniter\Database\Query->getQuery()
#4 D:\Pemrograman\Website\project-one\system\Database\BaseBuilder.php(2179): CodeIgniter\Database\BaseBuilder->compileFinalQuery()
#5 D:\Pemrograman\Website\project-one\system\Model.php(728): CodeIgniter\Database\BaseBuilder->getCompiledDelete()
#6 D:\Pemrograman\Website\project-one\app\Controllers\Itemsapi.php(112): CodeIgniter\Model->__call()
#7 D:\Pemrograman\Website\project-one\system\CodeIgniter.php(832): App\Controllers\Itemsapi->show()
#8 D:\Pemrograman\Website\project-one\system\CodeIgniter.php(419): CodeIgniter\CodeIgniter->runController()
#9 D:\Pemrograman\Website\project-one\system\CodeIgniter.php(326): CodeIgniter\CodeIgniter->handleRequest()
#10 D:\Pemrograman\Website\project-one\public\index.php(37): CodeIgniter\CodeIgniter->run()
#11 D:\Pemrograman\Website\project-one\system\Commands\Server\rewrite.php(43): require_once('...')
#12 {main}
CRITICAL - 2022-04-20 02:47:18 --> CodeIgniter\Database\BaseBuilder::get(): Argument #1 ($limit) must be of type ?int, string given, called in D:\Pemrograman\Website\project-one\system\Model.php on line 728
#0 D:\Pemrograman\Website\project-one\system\Model.php(728): CodeIgniter\Database\BaseBuilder->get()
#1 D:\Pemrograman\Website\project-one\app\Controllers\Itemsapi.php(103): CodeIgniter\Model->__call()
#2 D:\Pemrograman\Website\project-one\system\CodeIgniter.php(832): App\Controllers\Itemsapi->show()
#3 D:\Pemrograman\Website\project-one\system\CodeIgniter.php(419): CodeIgniter\CodeIgniter->runController()
#4 D:\Pemrograman\Website\project-one\system\CodeIgniter.php(326): CodeIgniter\CodeIgniter->handleRequest()
#5 D:\Pemrograman\Website\project-one\public\index.php(37): CodeIgniter\CodeIgniter->run()
#6 D:\Pemrograman\Website\project-one\system\Commands\Server\rewrite.php(43): require_once('...')
#7 {main}
CRITICAL - 2022-04-20 02:47:27 --> Object of class CodeIgniter\Database\MySQLi\Result could not be converted to string
#0 D:\Pemrograman\Website\project-one\system\Database\Query.php(318): strtr()
#1 D:\Pemrograman\Website\project-one\system\Database\Query.php(293): CodeIgniter\Database\Query->matchNamedBinds()
#2 D:\Pemrograman\Website\project-one\system\Database\Query.php(150): CodeIgniter\Database\Query->compileBinds()
#3 D:\Pemrograman\Website\project-one\system\Database\BaseBuilder.php(1438): CodeIgniter\Database\Query->getQuery()
#4 D:\Pemrograman\Website\project-one\system\Database\BaseBuilder.php(2179): CodeIgniter\Database\BaseBuilder->compileFinalQuery()
#5 D:\Pemrograman\Website\project-one\system\Model.php(728): CodeIgniter\Database\BaseBuilder->getCompiledDelete()
#6 D:\Pemrograman\Website\project-one\app\Controllers\Itemsapi.php(112): CodeIgniter\Model->__call()
#7 D:\Pemrograman\Website\project-one\system\CodeIgniter.php(832): App\Controllers\Itemsapi->show()
#8 D:\Pemrograman\Website\project-one\system\CodeIgniter.php(419): CodeIgniter\CodeIgniter->runController()
#9 D:\Pemrograman\Website\project-one\system\CodeIgniter.php(326): CodeIgniter\CodeIgniter->handleRequest()
#10 D:\Pemrograman\Website\project-one\public\index.php(37): CodeIgniter\CodeIgniter->run()
#11 D:\Pemrograman\Website\project-one\system\Commands\Server\rewrite.php(43): require_once('...')
#12 {main}
ERROR - 2022-04-20 02:52:00 --> Unknown column 'items.item_name' in 'where clause'
CRITICAL - 2022-04-20 02:52:00 --> Unknown column 'items.item_name' in 'where clause'
#0 D:\Pemrograman\Website\project-one\system\Database\MySQLi\Connection.php(292): mysqli->query()
#1 D:\Pemrograman\Website\project-one\system\Database\BaseConnection.php(670): CodeIgniter\Database\MySQLi\Connection->execute()
#2 D:\Pemrograman\Website\project-one\system\Database\BaseConnection.php(598): CodeIgniter\Database\BaseConnection->simpleQuery()
#3 D:\Pemrograman\Website\project-one\system\Database\BaseBuilder.php(2225): CodeIgniter\Database\BaseConnection->query()
#4 D:\Pemrograman\Website\project-one\system\Model.php(359): CodeIgniter\Database\BaseBuilder->delete()
#5 D:\Pemrograman\Website\project-one\system\BaseModel.php(963): CodeIgniter\Model->doDelete()
#6 D:\Pemrograman\Website\project-one\app\Controllers\Itemsapi.php(103): CodeIgniter\BaseModel->delete()
#7 D:\Pemrograman\Website\project-one\system\CodeIgniter.php(832): App\Controllers\Itemsapi->show()
#8 D:\Pemrograman\Website\project-one\system\CodeIgniter.php(419): CodeIgniter\CodeIgniter->runController()
#9 D:\Pemrograman\Website\project-one\system\CodeIgniter.php(326): CodeIgniter\CodeIgniter->handleRequest()
#10 D:\Pemrograman\Website\project-one\public\index.php(37): CodeIgniter\CodeIgniter->run()
#11 D:\Pemrograman\Website\project-one\system\Commands\Server\rewrite.php(43): require_once('...')
#12 {main}
ERROR - 2022-04-20 02:52:47 --> Unknown column 'items.item_name' in 'where clause'
CRITICAL - 2022-04-20 02:52:47 --> Unknown column 'items.item_name' in 'where clause'
#0 D:\Pemrograman\Website\project-one\system\Database\MySQLi\Connection.php(292): mysqli->query()
#1 D:\Pemrograman\Website\project-one\system\Database\BaseConnection.php(670): CodeIgniter\Database\MySQLi\Connection->execute()
#2 D:\Pemrograman\Website\project-one\system\Database\BaseConnection.php(598): CodeIgniter\Database\BaseConnection->simpleQuery()
#3 D:\Pemrograman\Website\project-one\system\Database\BaseBuilder.php(2225): CodeIgniter\Database\BaseConnection->query()
#4 D:\Pemrograman\Website\project-one\system\Model.php(359): CodeIgniter\Database\BaseBuilder->delete()
#5 D:\Pemrograman\Website\project-one\system\BaseModel.php(963): CodeIgniter\Model->doDelete()
#6 D:\Pemrograman\Website\project-one\app\Controllers\Itemsapi.php(105): CodeIgniter\BaseModel->delete()
#7 D:\Pemrograman\Website\project-one\system\CodeIgniter.php(832): App\Controllers\Itemsapi->show()
#8 D:\Pemrograman\Website\project-one\system\CodeIgniter.php(419): CodeIgniter\CodeIgniter->runController()
#9 D:\Pemrograman\Website\project-one\system\CodeIgniter.php(326): CodeIgniter\CodeIgniter->handleRequest()
#10 D:\Pemrograman\Website\project-one\public\index.php(37): CodeIgniter\CodeIgniter->run()
#11 D:\Pemrograman\Website\project-one\system\Commands\Server\rewrite.php(43): require_once('...')
#12 {main}
CRITICAL - 2022-04-20 02:54:21 --> Call to a member function join() on string
#0 D:\Pemrograman\Website\project-one\system\CodeIgniter.php(832): App\Controllers\Itemsapi->show()
#1 D:\Pemrograman\Website\project-one\system\CodeIgniter.php(419): CodeIgniter\CodeIgniter->runController()
#2 D:\Pemrograman\Website\project-one\system\CodeIgniter.php(326): CodeIgniter\CodeIgniter->handleRequest()
#3 D:\Pemrograman\Website\project-one\public\index.php(37): CodeIgniter\CodeIgniter->run()
#4 D:\Pemrograman\Website\project-one\system\Commands\Server\rewrite.php(43): require_once('...')
#5 {main}
ERROR - 2022-04-20 03:01:37 --> Unknown column 'username' in 'where clause'
CRITICAL - 2022-04-20 03:01:37 --> Unknown column 'username' in 'where clause'
#0 D:\Pemrograman\Website\project-one\system\Database\MySQLi\Connection.php(292): mysqli->query()
#1 D:\Pemrograman\Website\project-one\system\Database\BaseConnection.php(670): CodeIgniter\Database\MySQLi\Connection->execute()
#2 D:\Pemrograman\Website\project-one\system\Database\BaseConnection.php(598): CodeIgniter\Database\BaseConnection->simpleQuery()
#3 D:\Pemrograman\Website\project-one\system\Database\BaseBuilder.php(2225): CodeIgniter\Database\BaseConnection->query()
#4 D:\Pemrograman\Website\project-one\system\Model.php(359): CodeIgniter\Database\BaseBuilder->delete()
#5 D:\Pemrograman\Website\project-one\system\BaseModel.php(963): CodeIgniter\Model->doDelete()
#6 D:\Pemrograman\Website\project-one\app\Controllers\Itemsapi.php(106): CodeIgniter\BaseModel->delete()
#7 D:\Pemrograman\Website\project-one\system\CodeIgniter.php(832): App\Controllers\Itemsapi->show()
#8 D:\Pemrograman\Website\project-one\system\CodeIgniter.php(419): CodeIgniter\CodeIgniter->runController()
#9 D:\Pemrograman\Website\project-one\system\CodeIgniter.php(326): CodeIgniter\CodeIgniter->handleRequest()
#10 D:\Pemrograman\Website\project-one\public\index.php(37): CodeIgniter\CodeIgniter->run()
#11 D:\Pemrograman\Website\project-one\system\Commands\Server\rewrite.php(43): require_once('...')
#12 {main}
ERROR - 2022-04-20 03:01:45 --> Unknown column 'likes.username' in 'where clause'
CRITICAL - 2022-04-20 03:01:45 --> Unknown column 'likes.username' in 'where clause'
#0 D:\Pemrograman\Website\project-one\system\Database\MySQLi\Connection.php(292): mysqli->query()
#1 D:\Pemrograman\Website\project-one\system\Database\BaseConnection.php(670): CodeIgniter\Database\MySQLi\Connection->execute()
#2 D:\Pemrograman\Website\project-one\system\Database\BaseConnection.php(598): CodeIgniter\Database\BaseConnection->simpleQuery()
#3 D:\Pemrograman\Website\project-one\system\Database\BaseBuilder.php(2225): CodeIgniter\Database\BaseConnection->query()
#4 D:\Pemrograman\Website\project-one\system\Model.php(359): CodeIgniter\Database\BaseBuilder->delete()
#5 D:\Pemrograman\Website\project-one\system\BaseModel.php(963): CodeIgniter\Model->doDelete()
#6 D:\Pemrograman\Website\project-one\app\Controllers\Itemsapi.php(106): CodeIgniter\BaseModel->delete()
#7 D:\Pemrograman\Website\project-one\system\CodeIgniter.php(832): App\Controllers\Itemsapi->show()
#8 D:\Pemrograman\Website\project-one\system\CodeIgniter.php(419): CodeIgniter\CodeIgniter->runController()
#9 D:\Pemrograman\Website\project-one\system\CodeIgniter.php(326): CodeIgniter\CodeIgniter->handleRequest()
#10 D:\Pemrograman\Website\project-one\public\index.php(37): CodeIgniter\CodeIgniter->run()
#11 D:\Pemrograman\Website\project-one\system\Commands\Server\rewrite.php(43): require_once('...')
#12 {main}
ERROR - 2022-04-20 03:01:55 --> Unknown column 'item_name' in 'where clause'
CRITICAL - 2022-04-20 03:01:55 --> Unknown column 'item_name' in 'where clause'
#0 D:\Pemrograman\Website\project-one\system\Database\MySQLi\Connection.php(292): mysqli->query()
#1 D:\Pemrograman\Website\project-one\system\Database\BaseConnection.php(670): CodeIgniter\Database\MySQLi\Connection->execute()
#2 D:\Pemrograman\Website\project-one\system\Database\BaseConnection.php(598): CodeIgniter\Database\BaseConnection->simpleQuery()
#3 D:\Pemrograman\Website\project-one\system\Database\BaseBuilder.php(2225): CodeIgniter\Database\BaseConnection->query()
#4 D:\Pemrograman\Website\project-one\system\Model.php(359): CodeIgniter\Database\BaseBuilder->delete()
#5 D:\Pemrograman\Website\project-one\system\BaseModel.php(963): CodeIgniter\Model->doDelete()
#6 D:\Pemrograman\Website\project-one\app\Controllers\Itemsapi.php(106): CodeIgniter\BaseModel->delete()
#7 D:\Pemrograman\Website\project-one\system\CodeIgniter.php(832): App\Controllers\Itemsapi->show()
#8 D:\Pemrograman\Website\project-one\system\CodeIgniter.php(419): CodeIgniter\CodeIgniter->runController()
#9 D:\Pemrograman\Website\project-one\system\CodeIgniter.php(326): CodeIgniter\CodeIgniter->handleRequest()
#10 D:\Pemrograman\Website\project-one\public\index.php(37): CodeIgniter\CodeIgniter->run()
#11 D:\Pemrograman\Website\project-one\system\Commands\Server\rewrite.php(43): require_once('...')
#12 {main}
ERROR - 2022-04-20 03:02:15 --> Unknown column 'likes.username' in 'on clause'
CRITICAL - 2022-04-20 03:02:15 --> Unknown column 'likes.username' in 'on clause'
#0 D:\Pemrograman\Website\project-one\system\Database\MySQLi\Connection.php(292): mysqli->query()
#1 D:\Pemrograman\Website\project-one\system\Database\BaseConnection.php(670): CodeIgniter\Database\MySQLi\Connection->execute()
#2 D:\Pemrograman\Website\project-one\system\Database\BaseConnection.php(598): CodeIgniter\Database\BaseConnection->simpleQuery()
#3 D:\Pemrograman\Website\project-one\system\Database\BaseBuilder.php(1455): CodeIgniter\Database\BaseConnection->query()
#4 D:\Pemrograman\Website\project-one\system\Model.php(183): CodeIgniter\Database\BaseBuilder->get()
#5 D:\Pemrograman\Website\project-one\system\BaseModel.php(584): CodeIgniter\Model->doFindAll()
#6 D:\Pemrograman\Website\project-one\app\Controllers\Itemsapi.php(110): CodeIgniter\BaseModel->findAll()
#7 D:\Pemrograman\Website\project-one\system\CodeIgniter.php(832): App\Controllers\Itemsapi->show()
#8 D:\Pemrograman\Website\project-one\system\CodeIgniter.php(419): CodeIgniter\CodeIgniter->runController()
#9 D:\Pemrograman\Website\project-one\system\CodeIgniter.php(326): CodeIgniter\CodeIgniter->handleRequest()
#10 D:\Pemrograman\Website\project-one\public\index.php(37): CodeIgniter\CodeIgniter->run()
#11 D:\Pemrograman\Website\project-one\system\Commands\Server\rewrite.php(43): require_once('...')
#12 {main}
ERROR - 2022-04-20 03:02:16 --> Unknown column 'likes.username' in 'on clause'
CRITICAL - 2022-04-20 03:02:16 --> Unknown column 'likes.username' in 'on clause'
#0 D:\Pemrograman\Website\project-one\system\Database\MySQLi\Connection.php(292): mysqli->query()
#1 D:\Pemrograman\Website\project-one\system\Database\BaseConnection.php(670): CodeIgniter\Database\MySQLi\Connection->execute()
#2 D:\Pemrograman\Website\project-one\system\Database\BaseConnection.php(598): CodeIgniter\Database\BaseConnection->simpleQuery()
#3 D:\Pemrograman\Website\project-one\system\Database\BaseBuilder.php(1455): CodeIgniter\Database\BaseConnection->query()
#4 D:\Pemrograman\Website\project-one\system\Model.php(183): CodeIgniter\Database\BaseBuilder->get()
#5 D:\Pemrograman\Website\project-one\system\BaseModel.php(584): CodeIgniter\Model->doFindAll()
#6 D:\Pemrograman\Website\project-one\app\Controllers\Itemsapi.php(110): CodeIgniter\BaseModel->findAll()
#7 D:\Pemrograman\Website\project-one\system\CodeIgniter.php(832): App\Controllers\Itemsapi->show()
#8 D:\Pemrograman\Website\project-one\system\CodeIgniter.php(419): CodeIgniter\CodeIgniter->runController()
#9 D:\Pemrograman\Website\project-one\system\CodeIgniter.php(326): CodeIgniter\CodeIgniter->handleRequest()
#10 D:\Pemrograman\Website\project-one\public\index.php(37): CodeIgniter\CodeIgniter->run()
#11 D:\Pemrograman\Website\project-one\system\Commands\Server\rewrite.php(43): require_once('...')
#12 {main}
ERROR - 2022-04-20 03:02:31 --> Unknown column 'likes.item_name' in 'on clause'
CRITICAL - 2022-04-20 03:02:31 --> Unknown column 'likes.item_name' in 'on clause'
#0 D:\Pemrograman\Website\project-one\system\Database\MySQLi\Connection.php(292): mysqli->query()
#1 D:\Pemrograman\Website\project-one\system\Database\BaseConnection.php(670): CodeIgniter\Database\MySQLi\Connection->execute()
#2 D:\Pemrograman\Website\project-one\system\Database\BaseConnection.php(598): CodeIgniter\Database\BaseConnection->simpleQuery()
#3 D:\Pemrograman\Website\project-one\system\Database\BaseBuilder.php(1455): CodeIgniter\Database\BaseConnection->query()
#4 D:\Pemrograman\Website\project-one\system\Model.php(183): CodeIgniter\Database\BaseBuilder->get()
#5 D:\Pemrograman\Website\project-one\system\BaseModel.php(584): CodeIgniter\Model->doFindAll()
#6 D:\Pemrograman\Website\project-one\app\Controllers\Itemsapi.php(110): CodeIgniter\BaseModel->findAll()
#7 D:\Pemrograman\Website\project-one\system\CodeIgniter.php(832): App\Controllers\Itemsapi->show()
#8 D:\Pemrograman\Website\project-one\system\CodeIgniter.php(419): CodeIgniter\CodeIgniter->runController()
#9 D:\Pemrograman\Website\project-one\system\CodeIgniter.php(326): CodeIgniter\CodeIgniter->handleRequest()
#10 D:\Pemrograman\Website\project-one\public\index.php(37): CodeIgniter\CodeIgniter->run()
#11 D:\Pemrograman\Website\project-one\system\Commands\Server\rewrite.php(43): require_once('...')
#12 {main}
CRITICAL - 2022-04-20 03:06:33 --> Call to undefined method CodeIgniter\Database\MySQLi\Result::findAll()
#0 D:\Pemrograman\Website\project-one\system\CodeIgniter.php(832): App\Controllers\Itemsapi->show()
#1 D:\Pemrograman\Website\project-one\system\CodeIgniter.php(419): CodeIgniter\CodeIgniter->runController()
#2 D:\Pemrograman\Website\project-one\system\CodeIgniter.php(326): CodeIgniter\CodeIgniter->handleRequest()
#3 D:\Pemrograman\Website\project-one\public\index.php(37): CodeIgniter\CodeIgniter->run()
#4 D:\Pemrograman\Website\project-one\system\Commands\Server\rewrite.php(43): require_once('...')
#5 {main}
CRITICAL - 2022-04-20 03:07:02 --> Call to undefined method CodeIgniter\Database\MySQLi\Result::select()
#0 D:\Pemrograman\Website\project-one\system\CodeIgniter.php(832): App\Controllers\Itemsapi->show()
#1 D:\Pemrograman\Website\project-one\system\CodeIgniter.php(419): CodeIgniter\CodeIgniter->runController()
#2 D:\Pemrograman\Website\project-one\system\CodeIgniter.php(326): CodeIgniter\CodeIgniter->handleRequest()
#3 D:\Pemrograman\Website\project-one\public\index.php(37): CodeIgniter\CodeIgniter->run()
#4 D:\Pemrograman\Website\project-one\system\Commands\Server\rewrite.php(43): require_once('...')
#5 {main}
CRITICAL - 2022-04-20 03:07:02 --> Call to undefined method CodeIgniter\Database\MySQLi\Result::select()
#0 D:\Pemrograman\Website\project-one\system\CodeIgniter.php(832): App\Controllers\Itemsapi->show()
#1 D:\Pemrograman\Website\project-one\system\CodeIgniter.php(419): CodeIgniter\CodeIgniter->runController()
#2 D:\Pemrograman\Website\project-one\system\CodeIgniter.php(326): CodeIgniter\CodeIgniter->handleRequest()
#3 D:\Pemrograman\Website\project-one\public\index.php(37): CodeIgniter\CodeIgniter->run()
#4 D:\Pemrograman\Website\project-one\system\Commands\Server\rewrite.php(43): require_once('...')
#5 {main}
CRITICAL - 2022-04-20 03:10:36 --> Call to undefined method CodeIgniter\Database\MySQLi\Result::findAll()
#0 D:\Pemrograman\Website\project-one\system\CodeIgniter.php(832): App\Controllers\Itemsapi->show()
#1 D:\Pemrograman\Website\project-one\system\CodeIgniter.php(419): CodeIgniter\CodeIgniter->runController()
#2 D:\Pemrograman\Website\project-one\system\CodeIgniter.php(326): CodeIgniter\CodeIgniter->handleRequest()
#3 D:\Pemrograman\Website\project-one\public\index.php(37): CodeIgniter\CodeIgniter->run()
#4 D:\Pemrograman\Website\project-one\system\Commands\Server\rewrite.php(43): require_once('...')
#5 {main}
CRITICAL - 2022-04-20 03:12:34 --> Call to undefined method CodeIgniter\Database\MySQLi\Connection::getRow()
#0 D:\Pemrograman\Website\project-one\system\CodeIgniter.php(832): App\Controllers\Itemsapi->show()
#1 D:\Pemrograman\Website\project-one\system\CodeIgniter.php(419): CodeIgniter\CodeIgniter->runController()
#2 D:\Pemrograman\Website\project-one\system\CodeIgniter.php(326): CodeIgniter\CodeIgniter->handleRequest()
#3 D:\Pemrograman\Website\project-one\public\index.php(37): CodeIgniter\CodeIgniter->run()
#4 D:\Pemrograman\Website\project-one\system\Commands\Server\rewrite.php(43): require_once('...')
#5 {main}
ERROR - 2022-04-20 03:13:21 --> Unknown column 'likes.username' in 'on clause'
CRITICAL - 2022-04-20 03:13:21 --> Unknown column 'likes.username' in 'on clause'
#0 D:\Pemrograman\Website\project-one\system\Database\MySQLi\Connection.php(292): mysqli->query()
#1 D:\Pemrograman\Website\project-one\system\Database\BaseConnection.php(670): CodeIgniter\Database\MySQLi\Connection->execute()
#2 D:\Pemrograman\Website\project-one\system\Database\BaseConnection.php(598): CodeIgniter\Database\BaseConnection->simpleQuery()
#3 D:\Pemrograman\Website\project-one\app\Controllers\Itemsapi.php(105): CodeIgniter\Database\BaseConnection->query()
#4 D:\Pemrograman\Website\project-one\system\CodeIgniter.php(832): App\Controllers\Itemsapi->show()
#5 D:\Pemrograman\Website\project-one\system\CodeIgniter.php(419): CodeIgniter\CodeIgniter->runController()
#6 D:\Pemrograman\Website\project-one\system\CodeIgniter.php(326): CodeIgniter\CodeIgniter->handleRequest()
#7 D:\Pemrograman\Website\project-one\public\index.php(37): CodeIgniter\CodeIgniter->run()
#8 D:\Pemrograman\Website\project-one\system\Commands\Server\rewrite.php(43): require_once('...')
#9 {main}
CRITICAL - 2022-04-20 03:16:26 --> Undefined variable $eleement
#0 D:\Pemrograman\Website\project-one\app\Controllers\Itemsapi.php(109): CodeIgniter\Debug\Exceptions->errorHandler()
#1 D:\Pemrograman\Website\project-one\system\CodeIgniter.php(832): App\Controllers\Itemsapi->show()
#2 D:\Pemrograman\Website\project-one\system\CodeIgniter.php(419): CodeIgniter\CodeIgniter->runController()
#3 D:\Pemrograman\Website\project-one\system\CodeIgniter.php(326): CodeIgniter\CodeIgniter->handleRequest()
#4 D:\Pemrograman\Website\project-one\public\index.php(37): CodeIgniter\CodeIgniter->run()
#5 D:\Pemrograman\Website\project-one\system\Commands\Server\rewrite.php(43): require_once('...')
#6 {main}
CRITICAL - 2022-04-20 03:37:41 --> Object of class CodeIgniter\Database\MySQLi\Result could not be converted to string
#0 D:\Pemrograman\Website\project-one\system\CodeIgniter.php(832): App\Controllers\Itemsapi->show()
#1 D:\Pemrograman\Website\project-one\system\CodeIgniter.php(419): CodeIgniter\CodeIgniter->runController()
#2 D:\Pemrograman\Website\project-one\system\CodeIgniter.php(326): CodeIgniter\CodeIgniter->handleRequest()
#3 D:\Pemrograman\Website\project-one\public\index.php(37): CodeIgniter\CodeIgniter->run()
#4 D:\Pemrograman\Website\project-one\system\Commands\Server\rewrite.php(43): require_once('...')
#5 {main}
CRITICAL - 2022-04-20 03:37:42 --> Object of class CodeIgniter\Database\MySQLi\Result could not be converted to string
#0 D:\Pemrograman\Website\project-one\system\CodeIgniter.php(832): App\Controllers\Itemsapi->show()
#1 D:\Pemrograman\Website\project-one\system\CodeIgniter.php(419): CodeIgniter\CodeIgniter->runController()
#2 D:\Pemrograman\Website\project-one\system\CodeIgniter.php(326): CodeIgniter\CodeIgniter->handleRequest()
#3 D:\Pemrograman\Website\project-one\public\index.php(37): CodeIgniter\CodeIgniter->run()
#4 D:\Pemrograman\Website\project-one\system\Commands\Server\rewrite.php(43): require_once('...')
#5 {main}
CRITICAL - 2022-04-20 03:37:43 --> Object of class CodeIgniter\Database\MySQLi\Result could not be converted to string
#0 D:\Pemrograman\Website\project-one\system\CodeIgniter.php(832): App\Controllers\Itemsapi->show()
#1 D:\Pemrograman\Website\project-one\system\CodeIgniter.php(419): CodeIgniter\CodeIgniter->runController()
#2 D:\Pemrograman\Website\project-one\system\CodeIgniter.php(326): CodeIgniter\CodeIgniter->handleRequest()
#3 D:\Pemrograman\Website\project-one\public\index.php(37): CodeIgniter\CodeIgniter->run()
#4 D:\Pemrograman\Website\project-one\system\Commands\Server\rewrite.php(43): require_once('...')
#5 {main}
CRITICAL - 2022-04-20 03:37:54 --> Object of class CodeIgniter\Database\MySQLi\Result could not be converted to string
#0 D:\Pemrograman\Website\project-one\system\CodeIgniter.php(832): App\Controllers\Itemsapi->show()
#1 D:\Pemrograman\Website\project-one\system\CodeIgniter.php(419): CodeIgniter\CodeIgniter->runController()
#2 D:\Pemrograman\Website\project-one\system\CodeIgniter.php(326): CodeIgniter\CodeIgniter->handleRequest()
#3 D:\Pemrograman\Website\project-one\public\index.php(37): CodeIgniter\CodeIgniter->run()
#4 D:\Pemrograman\Website\project-one\system\Commands\Server\rewrite.php(43): require_once('...')
#5 {main}
CRITICAL - 2022-04-20 03:38:07 --> Object of class CodeIgniter\Database\MySQLi\Result could not be converted to string
#0 D:\Pemrograman\Website\project-one\system\CodeIgniter.php(832): App\Controllers\Itemsapi->show()
#1 D:\Pemrograman\Website\project-one\system\CodeIgniter.php(419): CodeIgniter\CodeIgniter->runController()
#2 D:\Pemrograman\Website\project-one\system\CodeIgniter.php(326): CodeIgniter\CodeIgniter->handleRequest()
#3 D:\Pemrograman\Website\project-one\public\index.php(37): CodeIgniter\CodeIgniter->run()
#4 D:\Pemrograman\Website\project-one\system\Commands\Server\rewrite.php(43): require_once('...')
#5 {main}
CRITICAL - 2022-04-20 03:38:28 --> Object of class CodeIgniter\Database\MySQLi\Result could not be converted to string
#0 D:\Pemrograman\Website\project-one\system\CodeIgniter.php(832): App\Controllers\Itemsapi->show()
#1 D:\Pemrograman\Website\project-one\system\CodeIgniter.php(419): CodeIgniter\CodeIgniter->runController()
#2 D:\Pemrograman\Website\project-one\system\CodeIgniter.php(326): CodeIgniter\CodeIgniter->handleRequest()
#3 D:\Pemrograman\Website\project-one\public\index.php(37): CodeIgniter\CodeIgniter->run()
#4 D:\Pemrograman\Website\project-one\system\Commands\Server\rewrite.php(43): require_once('...')
#5 {main}
CRITICAL - 2022-04-20 03:38:52 --> Object of class CodeIgniter\Database\MySQLi\Result could not be converted to string
#0 D:\Pemrograman\Website\project-one\system\CodeIgniter.php(832): App\Controllers\Itemsapi->show()
#1 D:\Pemrograman\Website\project-one\system\CodeIgniter.php(419): CodeIgniter\CodeIgniter->runController()
#2 D:\Pemrograman\Website\project-one\system\CodeIgniter.php(326): CodeIgniter\CodeIgniter->handleRequest()
#3 D:\Pemrograman\Website\project-one\public\index.php(37): CodeIgniter\CodeIgniter->run()
#4 D:\Pemrograman\Website\project-one\system\Commands\Server\rewrite.php(43): require_once('...')
#5 {main}
CRITICAL - 2022-04-20 03:40:48 --> Object of class stdClass could not be converted to string
#0 D:\Pemrograman\Website\project-one\system\CodeIgniter.php(832): App\Controllers\Itemsapi->show()
#1 D:\Pemrograman\Website\project-one\system\CodeIgniter.php(419): CodeIgniter\CodeIgniter->runController()
#2 D:\Pemrograman\Website\project-one\system\CodeIgniter.php(326): CodeIgniter\CodeIgniter->handleRequest()
#3 D:\Pemrograman\Website\project-one\public\index.php(37): CodeIgniter\CodeIgniter->run()
#4 D:\Pemrograman\Website\project-one\system\Commands\Server\rewrite.php(43): require_once('...')
#5 {main}
CRITICAL - 2022-04-20 03:43:02 --> mysqli_fetch_assoc(): Argument #1 ($result) must be of type mysqli_result, stdClass given
#0 D:\Pemrograman\Website\project-one\app\Controllers\Itemsapi.php(124): mysqli_fetch_assoc()
#1 D:\Pemrograman\Website\project-one\system\CodeIgniter.php(832): App\Controllers\Itemsapi->show()
#2 D:\Pemrograman\Website\project-one\system\CodeIgniter.php(419): CodeIgniter\CodeIgniter->runController()
#3 D:\Pemrograman\Website\project-one\system\CodeIgniter.php(326): CodeIgniter\CodeIgniter->handleRequest()
#4 D:\Pemrograman\Website\project-one\public\index.php(37): CodeIgniter\CodeIgniter->run()
#5 D:\Pemrograman\Website\project-one\system\Commands\Server\rewrite.php(43): require_once('...')
#6 {main}
CRITICAL - 2022-04-20 03:43:47 --> mysqli_fetch_assoc(): Argument #1 ($result) must be of type mysqli_result, CodeIgniter\Database\MySQLi\Result given
#0 D:\Pemrograman\Website\project-one\app\Controllers\Itemsapi.php(124): mysqli_fetch_assoc()
#1 D:\Pemrograman\Website\project-one\system\CodeIgniter.php(832): App\Controllers\Itemsapi->show()
#2 D:\Pemrograman\Website\project-one\system\CodeIgniter.php(419): CodeIgniter\CodeIgniter->runController()
#3 D:\Pemrograman\Website\project-one\system\CodeIgniter.php(326): CodeIgniter\CodeIgniter->handleRequest()
#4 D:\Pemrograman\Website\project-one\public\index.php(37): CodeIgniter\CodeIgniter->run()
#5 D:\Pemrograman\Website\project-one\system\Commands\Server\rewrite.php(43): require_once('...')
#6 {main}
CRITICAL - 2022-04-20 03:44:41 --> mysqli_fetch_assoc(): Argument #1 ($result) must be of type mysqli_result, CodeIgniter\Database\MySQLi\Result given
#0 D:\Pemrograman\Website\project-one\app\Controllers\Itemsapi.php(124): mysqli_fetch_assoc()
#1 D:\Pemrograman\Website\project-one\system\CodeIgniter.php(832): App\Controllers\Itemsapi->show()
#2 D:\Pemrograman\Website\project-one\system\CodeIgniter.php(419): CodeIgniter\CodeIgniter->runController()
#3 D:\Pemrograman\Website\project-one\system\CodeIgniter.php(326): CodeIgniter\CodeIgniter->handleRequest()
#4 D:\Pemrograman\Website\project-one\public\index.php(37): CodeIgniter\CodeIgniter->run()
#5 D:\Pemrograman\Website\project-one\system\Commands\Server\rewrite.php(43): require_once('...')
#6 {main}
CRITICAL - 2022-04-20 03:45:09 --> mysqli_fetch_assoc(): Argument #1 ($result) must be of type mysqli_result, CodeIgniter\Database\MySQLi\Result given
#0 D:\Pemrograman\Website\project-one\app\Controllers\Itemsapi.php(124): mysqli_fetch_assoc()
#1 D:\Pemrograman\Website\project-one\system\CodeIgniter.php(832): App\Controllers\Itemsapi->show()
#2 D:\Pemrograman\Website\project-one\system\CodeIgniter.php(419): CodeIgniter\CodeIgniter->runController()
#3 D:\Pemrograman\Website\project-one\system\CodeIgniter.php(326): CodeIgniter\CodeIgniter->handleRequest()
#4 D:\Pemrograman\Website\project-one\public\index.php(37): CodeIgniter\CodeIgniter->run()
#5 D:\Pemrograman\Website\project-one\system\Commands\Server\rewrite.php(43): require_once('...')
#6 {main}
CRITICAL - 2022-04-20 03:46:24 --> mysqli_fetch_object(): Argument #1 ($result) must be of type mysqli_result, stdClass given
#0 D:\Pemrograman\Website\project-one\app\Controllers\Itemsapi.php(125): mysqli_fetch_object()
#1 D:\Pemrograman\Website\project-one\system\CodeIgniter.php(832): App\Controllers\Itemsapi->show()
#2 D:\Pemrograman\Website\project-one\system\CodeIgniter.php(419): CodeIgniter\CodeIgniter->runController()
#3 D:\Pemrograman\Website\project-one\system\CodeIgniter.php(326): CodeIgniter\CodeIgniter->handleRequest()
#4 D:\Pemrograman\Website\project-one\public\index.php(37): CodeIgniter\CodeIgniter->run()
#5 D:\Pemrograman\Website\project-one\system\Commands\Server\rewrite.php(43): require_once('...')
#6 {main}
CRITICAL - 2022-04-20 04:01:20 --> mysqli_fetch_object(): Argument #1 ($result) must be of type mysqli_result, stdClass given
#0 D:\Pemrograman\Website\project-one\app\Controllers\Itemsapi.php(125): mysqli_fetch_object()
#1 D:\Pemrograman\Website\project-one\system\CodeIgniter.php(832): App\Controllers\Itemsapi->show()
#2 D:\Pemrograman\Website\project-one\system\CodeIgniter.php(419): CodeIgniter\CodeIgniter->runController()
#3 D:\Pemrograman\Website\project-one\system\CodeIgniter.php(326): CodeIgniter\CodeIgniter->handleRequest()
#4 D:\Pemrograman\Website\project-one\public\index.php(37): CodeIgniter\CodeIgniter->run()
#5 D:\Pemrograman\Website\project-one\system\Commands\Server\rewrite.php(43): require_once('...')
#6 {main}
CRITICAL - 2022-04-20 04:01:24 --> mysqli_fetch_object(): Argument #1 ($result) must be of type mysqli_result, stdClass given
#0 D:\Pemrograman\Website\project-one\app\Controllers\Itemsapi.php(125): mysqli_fetch_object()
#1 D:\Pemrograman\Website\project-one\system\CodeIgniter.php(832): App\Controllers\Itemsapi->show()
#2 D:\Pemrograman\Website\project-one\system\CodeIgniter.php(419): CodeIgniter\CodeIgniter->runController()
#3 D:\Pemrograman\Website\project-one\system\CodeIgniter.php(326): CodeIgniter\CodeIgniter->handleRequest()
#4 D:\Pemrograman\Website\project-one\public\index.php(37): CodeIgniter\CodeIgniter->run()
#5 D:\Pemrograman\Website\project-one\system\Commands\Server\rewrite.php(43): require_once('...')
#6 {main}
CRITICAL - 2022-04-20 04:01:38 --> mysqli_fetch_object(): Argument #1 ($result) must be of type mysqli_result, stdClass given
#0 D:\Pemrograman\Website\project-one\app\Controllers\Itemsapi.php(125): mysqli_fetch_object()
#1 D:\Pemrograman\Website\project-one\system\CodeIgniter.php(832): App\Controllers\Itemsapi->show()
#2 D:\Pemrograman\Website\project-one\system\CodeIgniter.php(419): CodeIgniter\CodeIgniter->runController()
#3 D:\Pemrograman\Website\project-one\system\CodeIgniter.php(326): CodeIgniter\CodeIgniter->handleRequest()
#4 D:\Pemrograman\Website\project-one\public\index.php(37): CodeIgniter\CodeIgniter->run()
#5 D:\Pemrograman\Website\project-one\system\Commands\Server\rewrite.php(43): require_once('...')
#6 {main}
CRITICAL - 2022-04-20 04:01:47 --> mysqli_fetch_object(): Argument #1 ($result) must be of type mysqli_result, CodeIgniter\Database\MySQLi\Result given
#0 D:\Pemrograman\Website\project-one\app\Controllers\Itemsapi.php(125): mysqli_fetch_object()
#1 D:\Pemrograman\Website\project-one\system\CodeIgniter.php(832): App\Controllers\Itemsapi->show()
#2 D:\Pemrograman\Website\project-one\system\CodeIgniter.php(419): CodeIgniter\CodeIgniter->runController()
#3 D:\Pemrograman\Website\project-one\system\CodeIgniter.php(326): CodeIgniter\CodeIgniter->handleRequest()
#4 D:\Pemrograman\Website\project-one\public\index.php(37): CodeIgniter\CodeIgniter->run()
#5 D:\Pemrograman\Website\project-one\system\Commands\Server\rewrite.php(43): require_once('...')
#6 {main}
CRITICAL - 2022-04-20 04:06:00 --> mysqli_fetch_row(): Argument #1 ($result) must be of type mysqli_result, stdClass given
#0 D:\Pemrograman\Website\project-one\app\Controllers\Itemsapi.php(125): mysqli_fetch_row()
#1 D:\Pemrograman\Website\project-one\system\CodeIgniter.php(832): App\Controllers\Itemsapi->show()
#2 D:\Pemrograman\Website\project-one\system\CodeIgniter.php(419): CodeIgniter\CodeIgniter->runController()
#3 D:\Pemrograman\Website\project-one\system\CodeIgniter.php(326): CodeIgniter\CodeIgniter->handleRequest()
#4 D:\Pemrograman\Website\project-one\public\index.php(37): CodeIgniter\CodeIgniter->run()
#5 D:\Pemrograman\Website\project-one\system\Commands\Server\rewrite.php(43): require_once('...')
#6 {main}
CRITICAL - 2022-04-20 04:12:43 --> Object of class stdClass could not be converted to string
#0 D:\Pemrograman\Website\project-one\system\CodeIgniter.php(832): App\Controllers\Itemsapi->show()
#1 D:\Pemrograman\Website\project-one\system\CodeIgniter.php(419): CodeIgniter\CodeIgniter->runController()
#2 D:\Pemrograman\Website\project-one\system\CodeIgniter.php(326): CodeIgniter\CodeIgniter->handleRequest()
#3 D:\Pemrograman\Website\project-one\public\index.php(37): CodeIgniter\CodeIgniter->run()
#4 D:\Pemrograman\Website\project-one\system\Commands\Server\rewrite.php(43): require_once('...')
#5 {main}
CRITICAL - 2022-04-20 04:13:05 --> Object of class stdClass could not be converted to string
#0 D:\Pemrograman\Website\project-one\system\CodeIgniter.php(832): App\Controllers\Itemsapi->show()
#1 D:\Pemrograman\Website\project-one\system\CodeIgniter.php(419): CodeIgniter\CodeIgniter->runController()
#2 D:\Pemrograman\Website\project-one\system\CodeIgniter.php(326): CodeIgniter\CodeIgniter->handleRequest()
#3 D:\Pemrograman\Website\project-one\public\index.php(37): CodeIgniter\CodeIgniter->run()
#4 D:\Pemrograman\Website\project-one\system\Commands\Server\rewrite.php(43): require_once('...')
#5 {main}
ERROR - 2022-04-20 04:14:02 --> Cannot add or update a child row: a foreign key constraint fails (`pr1_db`.`likes`, CONSTRAINT `likes_ibfk_2` FOREIGN KEY (`item_id`) REFERENCES `items` (`item_id`) ON DELETE CASCADE ON UPDATE CASCADE)
CRITICAL - 2022-04-20 04:14:02 --> Cannot add or update a child row: a foreign key constraint fails (`pr1_db`.`likes`, CONSTRAINT `likes_ibfk_2` FOREIGN KEY (`item_id`) REFERENCES `items` (`item_id`) ON DELETE CASCADE ON UPDATE CASCADE)
#0 D:\Pemrograman\Website\project-one\system\Database\MySQLi\Connection.php(292): mysqli->query()
#1 D:\Pemrograman\Website\project-one\system\Database\BaseConnection.php(670): CodeIgniter\Database\MySQLi\Connection->execute()
#2 D:\Pemrograman\Website\project-one\system\Database\BaseConnection.php(598): CodeIgniter\Database\BaseConnection->simpleQuery()
#3 D:\Pemrograman\Website\project-one\app\Controllers\Itemsapi.php(130): CodeIgniter\Database\BaseConnection->query()
#4 D:\Pemrograman\Website\project-one\system\CodeIgniter.php(832): App\Controllers\Itemsapi->show()
#5 D:\Pemrograman\Website\project-one\system\CodeIgniter.php(419): CodeIgniter\CodeIgniter->runController()
#6 D:\Pemrograman\Website\project-one\system\CodeIgniter.php(326): CodeIgniter\CodeIgniter->handleRequest()
#7 D:\Pemrograman\Website\project-one\public\index.php(37): CodeIgniter\CodeIgniter->run()
#8 D:\Pemrograman\Website\project-one\system\Commands\Server\rewrite.php(43): require_once('...')
#9 {main}
ERROR - 2022-04-20 04:14:42 --> Cannot add or update a child row: a foreign key constraint fails (`pr1_db`.`likes`, CONSTRAINT `likes_ibfk_2` FOREIGN KEY (`item_id`) REFERENCES `items` (`item_id`) ON DELETE CASCADE ON UPDATE CASCADE)
CRITICAL - 2022-04-20 04:14:42 --> Cannot add or update a child row: a foreign key constraint fails (`pr1_db`.`likes`, CONSTRAINT `likes_ibfk_2` FOREIGN KEY (`item_id`) REFERENCES `items` (`item_id`) ON DELETE CASCADE ON UPDATE CASCADE)
#0 D:\Pemrograman\Website\project-one\system\Database\MySQLi\Connection.php(292): mysqli->query()
#1 D:\Pemrograman\Website\project-one\system\Database\BaseConnection.php(670): CodeIgniter\Database\MySQLi\Connection->execute()
#2 D:\Pemrograman\Website\project-one\system\Database\BaseConnection.php(598): CodeIgniter\Database\BaseConnection->simpleQuery()
#3 D:\Pemrograman\Website\project-one\app\Controllers\Itemsapi.php(130): CodeIgniter\Database\BaseConnection->query()
#4 D:\Pemrograman\Website\project-one\system\CodeIgniter.php(832): App\Controllers\Itemsapi->show()
#5 D:\Pemrograman\Website\project-one\system\CodeIgniter.php(419): CodeIgniter\CodeIgniter->runController()
#6 D:\Pemrograman\Website\project-one\system\CodeIgniter.php(326): CodeIgniter\CodeIgniter->handleRequest()
#7 D:\Pemrograman\Website\project-one\public\index.php(37): CodeIgniter\CodeIgniter->run()
#8 D:\Pemrograman\Website\project-one\system\Commands\Server\rewrite.php(43): require_once('...')
#9 {main}
ERROR - 2022-04-20 04:16:44 --> Cannot add or update a child row: a foreign key constraint fails (`pr1_db`.`likes`, CONSTRAINT `likes_ibfk_2` FOREIGN KEY (`item_id`) REFERENCES `items` (`item_id`) ON DELETE CASCADE ON UPDATE CASCADE)
CRITICAL - 2022-04-20 04:16:44 --> Cannot add or update a child row: a foreign key constraint fails (`pr1_db`.`likes`, CONSTRAINT `likes_ibfk_2` FOREIGN KEY (`item_id`) REFERENCES `items` (`item_id`) ON DELETE CASCADE ON UPDATE CASCADE)
#0 D:\Pemrograman\Website\project-one\system\Database\MySQLi\Connection.php(292): mysqli->query()
#1 D:\Pemrograman\Website\project-one\system\Database\BaseConnection.php(670): CodeIgniter\Database\MySQLi\Connection->execute()
#2 D:\Pemrograman\Website\project-one\system\Database\BaseConnection.php(598): CodeIgniter\Database\BaseConnection->simpleQuery()
#3 D:\Pemrograman\Website\project-one\app\Controllers\Itemsapi.php(130): CodeIgniter\Database\BaseConnection->query()
#4 D:\Pemrograman\Website\project-one\system\CodeIgniter.php(832): App\Controllers\Itemsapi->show()
#5 D:\Pemrograman\Website\project-one\system\CodeIgniter.php(419): CodeIgniter\CodeIgniter->runController()
#6 D:\Pemrograman\Website\project-one\system\CodeIgniter.php(326): CodeIgniter\CodeIgniter->handleRequest()
#7 D:\Pemrograman\Website\project-one\public\index.php(37): CodeIgniter\CodeIgniter->run()
#8 D:\Pemrograman\Website\project-one\system\Commands\Server\rewrite.php(43): require_once('...')
#9 {main}
CRITICAL - 2022-04-20 04:20:47 --> Call to a member function select() on null
#0 D:\Pemrograman\Website\project-one\system\CodeIgniter.php(832): App\Controllers\Itemsapi->show()
#1 D:\Pemrograman\Website\project-one\system\CodeIgniter.php(419): CodeIgniter\CodeIgniter->runController()
#2 D:\Pemrograman\Website\project-one\system\CodeIgniter.php(326): CodeIgniter\CodeIgniter->handleRequest()
#3 D:\Pemrograman\Website\project-one\public\index.php(37): CodeIgniter\CodeIgniter->run()
#4 D:\Pemrograman\Website\project-one\system\Commands\Server\rewrite.php(43): require_once('...')
#5 {main}
CRITICAL - 2022-04-20 04:21:35 --> Call to a member function select() on null
#0 D:\Pemrograman\Website\project-one\system\CodeIgniter.php(832): App\Controllers\Itemsapi->show()
#1 D:\Pemrograman\Website\project-one\system\CodeIgniter.php(419): CodeIgniter\CodeIgniter->runController()
#2 D:\Pemrograman\Website\project-one\system\CodeIgniter.php(326): CodeIgniter\CodeIgniter->handleRequest()
#3 D:\Pemrograman\Website\project-one\public\index.php(37): CodeIgniter\CodeIgniter->run()
#4 D:\Pemrograman\Website\project-one\system\Commands\Server\rewrite.php(43): require_once('...')
#5 {main}
CRITICAL - 2022-04-20 04:21:37 --> Call to a member function select() on null
#0 D:\Pemrograman\Website\project-one\system\CodeIgniter.php(832): App\Controllers\Itemsapi->show()
#1 D:\Pemrograman\Website\project-one\system\CodeIgniter.php(419): CodeIgniter\CodeIgniter->runController()
#2 D:\Pemrograman\Website\project-one\system\CodeIgniter.php(326): CodeIgniter\CodeIgniter->handleRequest()
#3 D:\Pemrograman\Website\project-one\public\index.php(37): CodeIgniter\CodeIgniter->run()
#4 D:\Pemrograman\Website\project-one\system\Commands\Server\rewrite.php(43): require_once('...')
#5 {main}
CRITICAL - 2022-04-20 04:21:48 --> Call to a member function select() on null
#0 D:\Pemrograman\Website\project-one\system\CodeIgniter.php(832): App\Controllers\Itemsapi->show()
#1 D:\Pemrograman\Website\project-one\system\CodeIgniter.php(419): CodeIgniter\CodeIgniter->runController()
#2 D:\Pemrograman\Website\project-one\system\CodeIgniter.php(326): CodeIgniter\CodeIgniter->handleRequest()
#3 D:\Pemrograman\Website\project-one\public\index.php(37): CodeIgniter\CodeIgniter->run()
#4 D:\Pemrograman\Website\project-one\system\Commands\Server\rewrite.php(43): require_once('...')
#5 {main}
CRITICAL - 2022-04-20 04:22:16 --> Call to a member function select() on null
#0 D:\Pemrograman\Website\project-one\system\CodeIgniter.php(832): App\Controllers\Itemsapi->show()
#1 D:\Pemrograman\Website\project-one\system\CodeIgniter.php(419): CodeIgniter\CodeIgniter->runController()
#2 D:\Pemrograman\Website\project-one\system\CodeIgniter.php(326): CodeIgniter\CodeIgniter->handleRequest()
#3 D:\Pemrograman\Website\project-one\public\index.php(37): CodeIgniter\CodeIgniter->run()
#4 D:\Pemrograman\Website\project-one\system\Commands\Server\rewrite.php(43): require_once('...')
#5 {main}
CRITICAL - 2022-04-20 04:22:17 --> Call to a member function select() on null
#0 D:\Pemrograman\Website\project-one\system\CodeIgniter.php(832): App\Controllers\Itemsapi->show()
#1 D:\Pemrograman\Website\project-one\system\CodeIgniter.php(419): CodeIgniter\CodeIgniter->runController()
#2 D:\Pemrograman\Website\project-one\system\CodeIgniter.php(326): CodeIgniter\CodeIgniter->handleRequest()
#3 D:\Pemrograman\Website\project-one\public\index.php(37): CodeIgniter\CodeIgniter->run()
#4 D:\Pemrograman\Website\project-one\system\Commands\Server\rewrite.php(43): require_once('...')
#5 {main}
CRITICAL - 2022-04-20 04:22:18 --> Call to a member function select() on null
#0 D:\Pemrograman\Website\project-one\system\CodeIgniter.php(832): App\Controllers\Itemsapi->show()
#1 D:\Pemrograman\Website\project-one\system\CodeIgniter.php(419): CodeIgniter\CodeIgniter->runController()
#2 D:\Pemrograman\Website\project-one\system\CodeIgniter.php(326): CodeIgniter\CodeIgniter->handleRequest()
#3 D:\Pemrograman\Website\project-one\public\index.php(37): CodeIgniter\CodeIgniter->run()
#4 D:\Pemrograman\Website\project-one\system\Commands\Server\rewrite.php(43): require_once('...')
#5 {main}
CRITICAL - 2022-04-20 04:22:33 --> Call to a member function findAll() on null
#0 D:\Pemrograman\Website\project-one\system\CodeIgniter.php(832): App\Controllers\Itemsapi->show()
#1 D:\Pemrograman\Website\project-one\system\CodeIgniter.php(419): CodeIgniter\CodeIgniter->runController()
#2 D:\Pemrograman\Website\project-one\system\CodeIgniter.php(326): CodeIgniter\CodeIgniter->handleRequest()
#3 D:\Pemrograman\Website\project-one\public\index.php(37): CodeIgniter\CodeIgniter->run()
#4 D:\Pemrograman\Website\project-one\system\Commands\Server\rewrite.php(43): require_once('...')
#5 {main}
CRITICAL - 2022-04-20 04:24:56 --> Call to undefined method App\Models\ItemsModel::getFirstRow
#0 D:\Pemrograman\Website\project-one\app\Controllers\Itemsapi.php(115): CodeIgniter\Model->__call()
#1 D:\Pemrograman\Website\project-one\system\CodeIgniter.php(832): App\Controllers\Itemsapi->show()
#2 D:\Pemrograman\Website\project-one\system\CodeIgniter.php(419): CodeIgniter\CodeIgniter->runController()
#3 D:\Pemrograman\Website\project-one\system\CodeIgniter.php(326): CodeIgniter\CodeIgniter->handleRequest()
#4 D:\Pemrograman\Website\project-one\public\index.php(37): CodeIgniter\CodeIgniter->run()
#5 D:\Pemrograman\Website\project-one\system\Commands\Server\rewrite.php(43): require_once('...')
#6 {main}
CRITICAL - 2022-04-20 04:25:05 --> Call to undefined method App\Models\ItemsModel::getResult
#0 D:\Pemrograman\Website\project-one\app\Controllers\Itemsapi.php(115): CodeIgniter\Model->__call()
#1 D:\Pemrograman\Website\project-one\system\CodeIgniter.php(832): App\Controllers\Itemsapi->show()
#2 D:\Pemrograman\Website\project-one\system\CodeIgniter.php(419): CodeIgniter\CodeIgniter->runController()
#3 D:\Pemrograman\Website\project-one\system\CodeIgniter.php(326): CodeIgniter\CodeIgniter->handleRequest()
#4 D:\Pemrograman\Website\project-one\public\index.php(37): CodeIgniter\CodeIgniter->run()
#5 D:\Pemrograman\Website\project-one\system\Commands\Server\rewrite.php(43): require_once('...')
#6 {main}
CRITICAL - 2022-04-20 04:25:28 --> Call to undefined method App\Models\ItemsModel::getRow
#0 D:\Pemrograman\Website\project-one\app\Controllers\Itemsapi.php(115): CodeIgniter\Model->__call()
#1 D:\Pemrograman\Website\project-one\system\CodeIgniter.php(832): App\Controllers\Itemsapi->show()
#2 D:\Pemrograman\Website\project-one\system\CodeIgniter.php(419): CodeIgniter\CodeIgniter->runController()
#3 D:\Pemrograman\Website\project-one\system\CodeIgniter.php(326): CodeIgniter\CodeIgniter->handleRequest()
#4 D:\Pemrograman\Website\project-one\public\index.php(37): CodeIgniter\CodeIgniter->run()
#5 D:\Pemrograman\Website\project-one\system\Commands\Server\rewrite.php(43): require_once('...')
#6 {main}
