ERROR - 2022-04-11 03:23:21 --> Error connecting to the database: No connection could be made because the target machine actively refused it
CRITICAL - 2022-04-11 03:23:21 --> Unable to connect to the database.
Main connection [MySQLi]: No connection could be made because the target machine actively refused it
#0 D:\Pemrograman\Website\project-one\system\Database\BaseConnection.php(577): CodeIgniter\Database\BaseConnection->initialize()
#1 D:\Pemrograman\Website\project-one\system\Database\BaseBuilder.php(1455): CodeIgniter\Database\BaseConnection->query('SELECT *\nFROM `...', Array, false)
#2 D:\Pemrograman\Website\project-one\system\Model.php(210): CodeIgniter\Database\BaseBuilder->get()
#3 D:\Pemrograman\Website\project-one\system\BaseModel.php(622): CodeIgniter\Model->doFirst()
#4 D:\Pemrograman\Website\project-one\app\Controllers\Useraccountapi.php(37): CodeIgniter\BaseModel->first()
#5 D:\Pemrograman\Website\project-one\system\CodeIgniter.php(832): App\Controllers\Useraccountapi->signIn()
#6 D:\Pemrograman\Website\project-one\system\CodeIgniter.php(419): CodeIgniter\CodeIgniter->runController(Object(App\Controllers\Useraccountapi))
#7 D:\Pemrograman\Website\project-one\system\CodeIgniter.php(326): CodeIgniter\CodeIgniter->handleRequest(NULL, Object(Config\Cache), false)
#8 D:\Pemrograman\Website\project-one\public\index.php(37): CodeIgniter\CodeIgniter->run()
#9 D:\Pemrograman\Website\project-one\system\Commands\Server\rewrite.php(43): require_once('D:\\Pemrograman\\...')
#10 {main}
CRITICAL - 2022-04-11 03:34:21 --> Invalid file: home/login.php
#0 D:\Pemrograman\Website\project-one\system\View\View.php(198): CodeIgniter\Exceptions\FrameworkException::forInvalidFile('home/login.php')
#1 D:\Pemrograman\Website\project-one\system\Common.php(1089): CodeIgniter\View\View->render('home/login', Array, true)
#2 D:\Pemrograman\Website\project-one\app\Controllers\Useraccountapi.php(55): view('home/login')
#3 D:\Pemrograman\Website\project-one\system\CodeIgniter.php(832): App\Controllers\Useraccountapi->signIn()
#4 D:\Pemrograman\Website\project-one\system\CodeIgniter.php(419): CodeIgniter\CodeIgniter->runController(Object(App\Controllers\Useraccountapi))
#5 D:\Pemrograman\Website\project-one\system\CodeIgniter.php(326): CodeIgniter\CodeIgniter->handleRequest(NULL, Object(Config\Cache), false)
#6 D:\Pemrograman\Website\project-one\public\index.php(37): CodeIgniter\CodeIgniter->run()
#7 D:\Pemrograman\Website\project-one\system\Commands\Server\rewrite.php(43): require_once('D:\\Pemrograman\\...')
#8 {main}
CRITICAL - 2022-04-11 03:40:44 --> Undefined global variable $_SESSION
#0 D:\Pemrograman\Website\project-one\app\Views\index.php(100): CodeIgniter\Debug\Exceptions->errorHandler(2, 'Undefined globa...', 'D:\\Pemrograman\\...', 100)
#1 D:\Pemrograman\Website\project-one\system\View\View.php(210): include('D:\\Pemrograman\\...')
#2 D:\Pemrograman\Website\project-one\system\View\View.php(213): CodeIgniter\View\View->CodeIgniter\View\{closure}()
#3 D:\Pemrograman\Website\project-one\system\Common.php(1089): CodeIgniter\View\View->render('index', Array, true)
#4 D:\Pemrograman\Website\project-one\app\Controllers\Home.php(11): view('index')
#5 D:\Pemrograman\Website\project-one\system\CodeIgniter.php(832): App\Controllers\Home->index()
#6 D:\Pemrograman\Website\project-one\system\CodeIgniter.php(419): CodeIgniter\CodeIgniter->runController(Object(App\Controllers\Home))
#7 D:\Pemrograman\Website\project-one\system\CodeIgniter.php(326): CodeIgniter\CodeIgniter->handleRequest(NULL, Object(Config\Cache), false)
#8 D:\Pemrograman\Website\project-one\public\index.php(37): CodeIgniter\CodeIgniter->run()
#9 D:\Pemrograman\Website\project-one\system\Commands\Server\rewrite.php(43): require_once('D:\\Pemrograman\\...')
#10 {main}
CRITICAL - 2022-04-11 03:41:07 --> Undefined array key "username"
#0 D:\Pemrograman\Website\project-one\app\Views\index.php(101): CodeIgniter\Debug\Exceptions->errorHandler(2, 'Undefined array...', 'D:\\Pemrograman\\...', 101)
#1 D:\Pemrograman\Website\project-one\system\View\View.php(210): include('D:\\Pemrograman\\...')
#2 D:\Pemrograman\Website\project-one\system\View\View.php(213): CodeIgniter\View\View->CodeIgniter\View\{closure}()
#3 D:\Pemrograman\Website\project-one\system\Common.php(1089): CodeIgniter\View\View->render('index', Array, true)
#4 D:\Pemrograman\Website\project-one\app\Controllers\Home.php(11): view('index')
#5 D:\Pemrograman\Website\project-one\system\CodeIgniter.php(832): App\Controllers\Home->index()
#6 D:\Pemrograman\Website\project-one\system\CodeIgniter.php(419): CodeIgniter\CodeIgniter->runController(Object(App\Controllers\Home))
#7 D:\Pemrograman\Website\project-one\system\CodeIgniter.php(326): CodeIgniter\CodeIgniter->handleRequest(NULL, Object(Config\Cache), false)
#8 D:\Pemrograman\Website\project-one\public\index.php(37): CodeIgniter\CodeIgniter->run()
#9 D:\Pemrograman\Website\project-one\system\Commands\Server\rewrite.php(43): require_once('D:\\Pemrograman\\...')
#10 {main}
CRITICAL - 2022-04-11 03:42:25 --> session_start(): Ignoring session_start() because a session is already active
#0 [internal function]: CodeIgniter\Debug\Exceptions->errorHandler(8, 'session_start()...', 'D:\\Pemrograman\\...', 47)
#1 D:\Pemrograman\Website\project-one\app\Controllers\Useraccountapi.php(47): session_start()
#2 D:\Pemrograman\Website\project-one\system\CodeIgniter.php(832): App\Controllers\Useraccountapi->signIn()
#3 D:\Pemrograman\Website\project-one\system\CodeIgniter.php(419): CodeIgniter\CodeIgniter->runController(Object(App\Controllers\Useraccountapi))
#4 D:\Pemrograman\Website\project-one\system\CodeIgniter.php(326): CodeIgniter\CodeIgniter->handleRequest(NULL, Object(Config\Cache), false)
#5 D:\Pemrograman\Website\project-one\public\index.php(37): CodeIgniter\CodeIgniter->run()
#6 D:\Pemrograman\Website\project-one\system\Commands\Server\rewrite.php(43): require_once('D:\\Pemrograman\\...')
#7 {main}
CRITICAL - 2022-04-11 03:43:01 --> Undefined array key "username"
#0 D:\Pemrograman\Website\project-one\app\Views\index.php(101): CodeIgniter\Debug\Exceptions->errorHandler(2, 'Undefined array...', 'D:\\Pemrograman\\...', 101)
#1 D:\Pemrograman\Website\project-one\system\View\View.php(210): include('D:\\Pemrograman\\...')
#2 D:\Pemrograman\Website\project-one\system\View\View.php(213): CodeIgniter\View\View->CodeIgniter\View\{closure}()
#3 D:\Pemrograman\Website\project-one\system\Common.php(1089): CodeIgniter\View\View->render('index', Array, true)
#4 D:\Pemrograman\Website\project-one\app\Controllers\Home.php(11): view('index')
#5 D:\Pemrograman\Website\project-one\system\CodeIgniter.php(832): App\Controllers\Home->index()
#6 D:\Pemrograman\Website\project-one\system\CodeIgniter.php(419): CodeIgniter\CodeIgniter->runController(Object(App\Controllers\Home))
#7 D:\Pemrograman\Website\project-one\system\CodeIgniter.php(326): CodeIgniter\CodeIgniter->handleRequest(NULL, Object(Config\Cache), false)
#8 D:\Pemrograman\Website\project-one\public\index.php(37): CodeIgniter\CodeIgniter->run()
#9 D:\Pemrograman\Website\project-one\system\Commands\Server\rewrite.php(43): require_once('D:\\Pemrograman\\...')
#10 {main}
CRITICAL - 2022-04-11 03:51:51 --> ini_set(): Session ini settings cannot be changed when a session is active
#0 [internal function]: CodeIgniter\Debug\Exceptions->errorHandler(2, 'ini_set(): Sess...', 'D:\\Pemrograman\\...', 71)
#1 D:\Pemrograman\Website\project-one\system\Session\Handlers\FileHandler.php(71): ini_set('session.save_pa...', 'D:\\Pemrograman\\...')
#2 D:\Pemrograman\Website\project-one\system\Config\Services.php(570): CodeIgniter\Session\Handlers\FileHandler->__construct(Object(Config\App), '::1')
#3 D:\Pemrograman\Website\project-one\system\Config\BaseService.php(248): CodeIgniter\Config\Services::session(Object(Config\App), false)
#4 D:\Pemrograman\Website\project-one\system\Config\BaseService.php(189): CodeIgniter\Config\BaseService::__callStatic('session', Array)
#5 D:\Pemrograman\Website\project-one\system\Config\Services.php(563): CodeIgniter\Config\BaseService::getSharedInstance('session', NULL)
#6 D:\Pemrograman\Website\project-one\system\Config\BaseService.php(248): CodeIgniter\Config\Services::session()
#7 D:\Pemrograman\Website\project-one\system\Common.php(901): CodeIgniter\Config\BaseService::__callStatic('session', Array)
#8 D:\Pemrograman\Website\project-one\app\Controllers\Useraccountapi.php(43): session()
#9 D:\Pemrograman\Website\project-one\system\CodeIgniter.php(832): App\Controllers\Useraccountapi->signIn()
#10 D:\Pemrograman\Website\project-one\system\CodeIgniter.php(419): CodeIgniter\CodeIgniter->runController(Object(App\Controllers\Useraccountapi))
#11 D:\Pemrograman\Website\project-one\system\CodeIgniter.php(326): CodeIgniter\CodeIgniter->handleRequest(NULL, Object(Config\Cache), false)
#12 D:\Pemrograman\Website\project-one\public\index.php(37): CodeIgniter\CodeIgniter->run()
#13 D:\Pemrograman\Website\project-one\system\Commands\Server\rewrite.php(43): require_once('D:\\Pemrograman\\...')
#14 {main}
CRITICAL - 2022-04-11 03:57:53 --> ini_set(): Session ini settings cannot be changed when a session is active
#0 [internal function]: CodeIgniter\Debug\Exceptions->errorHandler(2, 'ini_set(): Sess...', 'D:\\Pemrograman\\...', 71)
#1 D:\Pemrograman\Website\project-one\system\Session\Handlers\FileHandler.php(71): ini_set('session.save_pa...', 'D:\\Pemrograman\\...')
#2 D:\Pemrograman\Website\project-one\system\Config\Services.php(570): CodeIgniter\Session\Handlers\FileHandler->__construct(Object(Config\App), '::1')
#3 D:\Pemrograman\Website\project-one\system\Config\BaseService.php(248): CodeIgniter\Config\Services::session(Object(Config\App), false)
#4 D:\Pemrograman\Website\project-one\system\Config\BaseService.php(189): CodeIgniter\Config\BaseService::__callStatic('session', Array)
#5 D:\Pemrograman\Website\project-one\system\Config\Services.php(563): CodeIgniter\Config\BaseService::getSharedInstance('session', NULL)
#6 D:\Pemrograman\Website\project-one\system\Config\BaseService.php(248): CodeIgniter\Config\Services::session()
#7 D:\Pemrograman\Website\project-one\system\Common.php(901): CodeIgniter\Config\BaseService::__callStatic('session', Array)
#8 D:\Pemrograman\Website\project-one\app\Controllers\Useraccountapi.php(43): session()
#9 D:\Pemrograman\Website\project-one\system\CodeIgniter.php(832): App\Controllers\Useraccountapi->signIn()
#10 D:\Pemrograman\Website\project-one\system\CodeIgniter.php(419): CodeIgniter\CodeIgniter->runController(Object(App\Controllers\Useraccountapi))
#11 D:\Pemrograman\Website\project-one\system\CodeIgniter.php(326): CodeIgniter\CodeIgniter->handleRequest(NULL, Object(Config\Cache), false)
#12 D:\Pemrograman\Website\project-one\public\index.php(37): CodeIgniter\CodeIgniter->run()
#13 D:\Pemrograman\Website\project-one\system\Commands\Server\rewrite.php(43): require_once('D:\\Pemrograman\\...')
#14 {main}
CRITICAL - 2022-04-11 03:58:25 --> session_start(): Ignoring session_start() because a session is already active
#0 [internal function]: CodeIgniter\Debug\Exceptions->errorHandler(8, 'session_start()...', 'D:\\Pemrograman\\...', 50)
#1 D:\Pemrograman\Website\project-one\app\Controllers\Useraccountapi.php(50): session_start()
#2 D:\Pemrograman\Website\project-one\system\CodeIgniter.php(832): App\Controllers\Useraccountapi->signIn()
#3 D:\Pemrograman\Website\project-one\system\CodeIgniter.php(419): CodeIgniter\CodeIgniter->runController(Object(App\Controllers\Useraccountapi))
#4 D:\Pemrograman\Website\project-one\system\CodeIgniter.php(326): CodeIgniter\CodeIgniter->handleRequest(NULL, Object(Config\Cache), false)
#5 D:\Pemrograman\Website\project-one\public\index.php(37): CodeIgniter\CodeIgniter->run()
#6 D:\Pemrograman\Website\project-one\system\Commands\Server\rewrite.php(43): require_once('D:\\Pemrograman\\...')
#7 {main}
CRITICAL - 2022-04-11 03:58:39 --> ini_set(): Session ini settings cannot be changed when a session is active
#0 [internal function]: CodeIgniter\Debug\Exceptions->errorHandler(2, 'ini_set(): Sess...', 'D:\\Pemrograman\\...', 71)
#1 D:\Pemrograman\Website\project-one\system\Session\Handlers\FileHandler.php(71): ini_set('session.save_pa...', 'D:\\Pemrograman\\...')
#2 D:\Pemrograman\Website\project-one\system\Config\Services.php(570): CodeIgniter\Session\Handlers\FileHandler->__construct(Object(Config\App), '::1')
#3 D:\Pemrograman\Website\project-one\system\Config\BaseService.php(248): CodeIgniter\Config\Services::session(Object(Config\App), false)
#4 D:\Pemrograman\Website\project-one\system\Config\BaseService.php(189): CodeIgniter\Config\BaseService::__callStatic('session', Array)
#5 D:\Pemrograman\Website\project-one\system\Config\Services.php(563): CodeIgniter\Config\BaseService::getSharedInstance('session', NULL)
#6 D:\Pemrograman\Website\project-one\system\Config\BaseService.php(248): CodeIgniter\Config\Services::session()
#7 D:\Pemrograman\Website\project-one\system\Common.php(901): CodeIgniter\Config\BaseService::__callStatic('session', Array)
#8 D:\Pemrograman\Website\project-one\app\Views\index.php(7): session()
#9 D:\Pemrograman\Website\project-one\system\View\View.php(210): include('D:\\Pemrograman\\...')
#10 D:\Pemrograman\Website\project-one\system\View\View.php(213): CodeIgniter\View\View->CodeIgniter\View\{closure}()
#11 D:\Pemrograman\Website\project-one\system\Common.php(1089): CodeIgniter\View\View->render('index', Array, true)
#12 D:\Pemrograman\Website\project-one\app\Controllers\Home.php(11): view('index')
#13 D:\Pemrograman\Website\project-one\system\CodeIgniter.php(832): App\Controllers\Home->index()
#14 D:\Pemrograman\Website\project-one\system\CodeIgniter.php(419): CodeIgniter\CodeIgniter->runController(Object(App\Controllers\Home))
#15 D:\Pemrograman\Website\project-one\system\CodeIgniter.php(326): CodeIgniter\CodeIgniter->handleRequest(NULL, Object(Config\Cache), false)
#16 D:\Pemrograman\Website\project-one\public\index.php(37): CodeIgniter\CodeIgniter->run()
#17 D:\Pemrograman\Website\project-one\system\Commands\Server\rewrite.php(43): require_once('D:\\Pemrograman\\...')
#18 {main}
CRITICAL - 2022-04-11 04:08:19 --> Undefined property: App\Controllers\Useraccountapi::$load
#0 D:\Pemrograman\Website\project-one\app\Controllers\Useraccountapi.php(18): CodeIgniter\Debug\Exceptions->errorHandler(2, 'Undefined prope...', 'D:\\Pemrograman\\...', 18)
#1 D:\Pemrograman\Website\project-one\system\CodeIgniter.php(809): App\Controllers\Useraccountapi->__construct()
#2 D:\Pemrograman\Website\project-one\system\CodeIgniter.php(410): CodeIgniter\CodeIgniter->createController()
#3 D:\Pemrograman\Website\project-one\system\CodeIgniter.php(326): CodeIgniter\CodeIgniter->handleRequest(NULL, Object(Config\Cache), false)
#4 D:\Pemrograman\Website\project-one\public\index.php(37): CodeIgniter\CodeIgniter->run()
#5 D:\Pemrograman\Website\project-one\system\Commands\Server\rewrite.php(43): require_once('D:\\Pemrograman\\...')
#6 {main}
CRITICAL - 2022-04-11 04:12:32 --> Undefined property: App\Controllers\Useraccountapi::$user_data
#0 D:\Pemrograman\Website\project-one\app\Controllers\Useraccountapi.php(39): CodeIgniter\Debug\Exceptions->errorHandler(2, 'Undefined prope...', 'D:\\Pemrograman\\...', 39)
#1 D:\Pemrograman\Website\project-one\system\CodeIgniter.php(832): App\Controllers\Useraccountapi->signIn()
#2 D:\Pemrograman\Website\project-one\system\CodeIgniter.php(419): CodeIgniter\CodeIgniter->runController(Object(App\Controllers\Useraccountapi))
#3 D:\Pemrograman\Website\project-one\system\CodeIgniter.php(326): CodeIgniter\CodeIgniter->handleRequest(NULL, Object(Config\Cache), false)
#4 D:\Pemrograman\Website\project-one\public\index.php(37): CodeIgniter\CodeIgniter->run()
#5 D:\Pemrograman\Website\project-one\system\Commands\Server\rewrite.php(43): require_once('D:\\Pemrograman\\...')
#6 {main}
CRITICAL - 2022-04-11 04:14:45 --> Cannot use object of type CodeIgniter\Session\Session as array
#0 D:\Pemrograman\Website\project-one\system\CodeIgniter.php(832): App\Controllers\UserdataAPI->index()
#1 D:\Pemrograman\Website\project-one\system\CodeIgniter.php(419): CodeIgniter\CodeIgniter->runController(Object(App\Controllers\UserdataAPI))
#2 D:\Pemrograman\Website\project-one\system\CodeIgniter.php(326): CodeIgniter\CodeIgniter->handleRequest(NULL, Object(Config\Cache), false)
#3 D:\Pemrograman\Website\project-one\public\index.php(37): CodeIgniter\CodeIgniter->run()
#4 D:\Pemrograman\Website\project-one\system\Commands\Server\rewrite.php(43): require_once('D:\\Pemrograman\\...')
#5 {main}
CRITICAL - 2022-04-11 04:22:38 --> Attempt to read property "email" on array
#0 D:\Pemrograman\Website\project-one\app\Controllers\UserdataAPI.php(20): CodeIgniter\Debug\Exceptions->errorHandler(2, 'Attempt to read...', 'D:\\Pemrograman\\...', 20)
#1 D:\Pemrograman\Website\project-one\system\CodeIgniter.php(832): App\Controllers\UserdataAPI->index()
#2 D:\Pemrograman\Website\project-one\system\CodeIgniter.php(419): CodeIgniter\CodeIgniter->runController(Object(App\Controllers\UserdataAPI))
#3 D:\Pemrograman\Website\project-one\system\CodeIgniter.php(326): CodeIgniter\CodeIgniter->handleRequest(NULL, Object(Config\Cache), false)
#4 D:\Pemrograman\Website\project-one\public\index.php(37): CodeIgniter\CodeIgniter->run()
#5 D:\Pemrograman\Website\project-one\system\Commands\Server\rewrite.php(43): require_once('D:\\Pemrograman\\...')
#6 {main}
ERROR - 2022-04-11 08:06:39 --> Unknown column 'email' in 'field list'
CRITICAL - 2022-04-11 08:06:39 --> Unknown column 'email' in 'field list'
#0 D:\Pemrograman\Website\project-one\system\Database\MySQLi\Connection.php(292): mysqli->query('INSERT INTO `us...', 0)
#1 D:\Pemrograman\Website\project-one\system\Database\BaseConnection.php(670): CodeIgniter\Database\MySQLi\Connection->execute('INSERT INTO `us...')
#2 D:\Pemrograman\Website\project-one\system\Database\BaseConnection.php(598): CodeIgniter\Database\BaseConnection->simpleQuery('INSERT INTO `us...')
#3 D:\Pemrograman\Website\project-one\system\Database\BaseBuilder.php(1771): CodeIgniter\Database\BaseConnection->query('INSERT INTO `us...', Array, false)
#4 D:\Pemrograman\Website\project-one\system\Model.php(239): CodeIgniter\Database\BaseBuilder->insert()
#5 D:\Pemrograman\Website\project-one\system\BaseModel.php(738): CodeIgniter\Model->doInsert(Array)
#6 D:\Pemrograman\Website\project-one\system\Model.php(625): CodeIgniter\BaseModel->insert(Array, false)
#7 D:\Pemrograman\Website\project-one\system\BaseModel.php(658): CodeIgniter\Model->insert(Array, false)
#8 D:\Pemrograman\Website\project-one\app\Controllers\Useraccountapi.php(86): CodeIgniter\BaseModel->save(Array)
#9 D:\Pemrograman\Website\project-one\system\CodeIgniter.php(832): App\Controllers\Useraccountapi->create()
#10 D:\Pemrograman\Website\project-one\system\CodeIgniter.php(419): CodeIgniter\CodeIgniter->runController(Object(App\Controllers\Useraccountapi))
#11 D:\Pemrograman\Website\project-one\system\CodeIgniter.php(326): CodeIgniter\CodeIgniter->handleRequest(NULL, Object(Config\Cache), false)
#12 D:\Pemrograman\Website\project-one\public\index.php(37): CodeIgniter\CodeIgniter->run()
#13 D:\Pemrograman\Website\project-one\system\Commands\Server\rewrite.php(43): require_once('D:\\Pemrograman\\...')
#14 {main}
CRITICAL - 2022-04-11 08:23:49 --> Call to a member function findAll() on null
#0 D:\Pemrograman\Website\project-one\system\CodeIgniter.php(832): App\Controllers\UserdataAPI->show('userDataFill')
#1 D:\Pemrograman\Website\project-one\system\CodeIgniter.php(419): CodeIgniter\CodeIgniter->runController(Object(App\Controllers\UserdataAPI))
#2 D:\Pemrograman\Website\project-one\system\CodeIgniter.php(326): CodeIgniter\CodeIgniter->handleRequest(NULL, Object(Config\Cache), false)
#3 D:\Pemrograman\Website\project-one\public\index.php(37): CodeIgniter\CodeIgniter->run()
#4 D:\Pemrograman\Website\project-one\system\Commands\Server\rewrite.php(43): require_once('D:\\Pemrograman\\...')
#5 {main}
CRITICAL - 2022-04-11 10:49:06 --> Undefined property: App\Controllers\Useraccountapi::$userdatamodel
#0 D:\Pemrograman\Website\project-one\app\Controllers\Useraccountapi.php(70): CodeIgniter\Debug\Exceptions->errorHandler(2, 'Undefined prope...', 'D:\\Pemrograman\\...', 70)
#1 D:\Pemrograman\Website\project-one\system\CodeIgniter.php(832): App\Controllers\Useraccountapi->create()
#2 D:\Pemrograman\Website\project-one\system\CodeIgniter.php(419): CodeIgniter\CodeIgniter->runController(Object(App\Controllers\Useraccountapi))
#3 D:\Pemrograman\Website\project-one\system\CodeIgniter.php(326): CodeIgniter\CodeIgniter->handleRequest(NULL, Object(Config\Cache), false)
#4 D:\Pemrograman\Website\project-one\public\index.php(37): CodeIgniter\CodeIgniter->run()
#5 D:\Pemrograman\Website\project-one\system\Commands\Server\rewrite.php(43): require_once('D:\\Pemrograman\\...')
#6 {main}
CRITICAL - 2022-04-11 10:49:27 --> Undefined property: App\Controllers\Useraccountapi::$load
#0 D:\Pemrograman\Website\project-one\app\Controllers\Useraccountapi.php(70): CodeIgniter\Debug\Exceptions->errorHandler(2, 'Undefined prope...', 'D:\\Pemrograman\\...', 70)
#1 D:\Pemrograman\Website\project-one\system\CodeIgniter.php(832): App\Controllers\Useraccountapi->create()
#2 D:\Pemrograman\Website\project-one\system\CodeIgniter.php(419): CodeIgniter\CodeIgniter->runController(Object(App\Controllers\Useraccountapi))
#3 D:\Pemrograman\Website\project-one\system\CodeIgniter.php(326): CodeIgniter\CodeIgniter->handleRequest(NULL, Object(Config\Cache), false)
#4 D:\Pemrograman\Website\project-one\public\index.php(37): CodeIgniter\CodeIgniter->run()
#5 D:\Pemrograman\Website\project-one\system\Commands\Server\rewrite.php(43): require_once('D:\\Pemrograman\\...')
#6 {main}
CRITICAL - 2022-04-11 10:54:43 --> Cannot call constructor
#0 D:\Pemrograman\Website\project-one\system\CodeIgniter.php(809): App\Controllers\Useraccountapi->__construct()
#1 D:\Pemrograman\Website\project-one\system\CodeIgniter.php(410): CodeIgniter\CodeIgniter->createController()
#2 D:\Pemrograman\Website\project-one\system\CodeIgniter.php(326): CodeIgniter\CodeIgniter->handleRequest(NULL, Object(Config\Cache), false)
#3 D:\Pemrograman\Website\project-one\public\index.php(37): CodeIgniter\CodeIgniter->run()
#4 D:\Pemrograman\Website\project-one\system\Commands\Server\rewrite.php(43): require_once('D:\\Pemrograman\\...')
#5 {main}
CRITICAL - 2022-04-11 10:54:49 --> Cannot call constructor
#0 D:\Pemrograman\Website\project-one\system\CodeIgniter.php(809): App\Controllers\Useraccountapi->__construct()
#1 D:\Pemrograman\Website\project-one\system\CodeIgniter.php(410): CodeIgniter\CodeIgniter->createController()
#2 D:\Pemrograman\Website\project-one\system\CodeIgniter.php(326): CodeIgniter\CodeIgniter->handleRequest(NULL, Object(Config\Cache), false)
#3 D:\Pemrograman\Website\project-one\public\index.php(37): CodeIgniter\CodeIgniter->run()
#4 D:\Pemrograman\Website\project-one\system\Commands\Server\rewrite.php(43): require_once('D:\\Pemrograman\\...')
#5 {main}
ERROR - 2022-04-11 11:03:38 --> Cannot add or update a child row: a foreign key constraint fails (`pr1_db`.`user_data`, CONSTRAINT `user_data_ibfk_2` FOREIGN KEY (`username`) REFERENCES `user_account` (`username`) ON DELETE CASCADE ON UPDATE CASCADE)
CRITICAL - 2022-04-11 11:03:38 --> Cannot add or update a child row: a foreign key constraint fails (`pr1_db`.`user_data`, CONSTRAINT `user_data_ibfk_2` FOREIGN KEY (`username`) REFERENCES `user_account` (`username`) ON DELETE CASCADE ON UPDATE CASCADE)
#0 D:\Pemrograman\Website\project-one\system\Database\MySQLi\Connection.php(292): mysqli->query('INSERT INTO `us...', 0)
#1 D:\Pemrograman\Website\project-one\system\Database\BaseConnection.php(670): CodeIgniter\Database\MySQLi\Connection->execute('INSERT INTO `us...')
#2 D:\Pemrograman\Website\project-one\system\Database\BaseConnection.php(598): CodeIgniter\Database\BaseConnection->simpleQuery('INSERT INTO `us...')
#3 D:\Pemrograman\Website\project-one\system\Database\BaseBuilder.php(1771): CodeIgniter\Database\BaseConnection->query('INSERT INTO `us...', Array, false)
#4 D:\Pemrograman\Website\project-one\system\Model.php(239): CodeIgniter\Database\BaseBuilder->insert()
#5 D:\Pemrograman\Website\project-one\system\BaseModel.php(738): CodeIgniter\Model->doInsert(Array)
#6 D:\Pemrograman\Website\project-one\system\Model.php(625): CodeIgniter\BaseModel->insert(Array, false)
#7 D:\Pemrograman\Website\project-one\system\BaseModel.php(658): CodeIgniter\Model->insert(Array, false)
#8 D:\Pemrograman\Website\project-one\app\Controllers\Useraccountapi.php(97): CodeIgniter\BaseModel->save(Array)
#9 D:\Pemrograman\Website\project-one\system\CodeIgniter.php(832): App\Controllers\Useraccountapi->create()
#10 D:\Pemrograman\Website\project-one\system\CodeIgniter.php(419): CodeIgniter\CodeIgniter->runController(Object(App\Controllers\Useraccountapi))
#11 D:\Pemrograman\Website\project-one\system\CodeIgniter.php(326): CodeIgniter\CodeIgniter->handleRequest(NULL, Object(Config\Cache), false)
#12 D:\Pemrograman\Website\project-one\public\index.php(37): CodeIgniter\CodeIgniter->run()
#13 D:\Pemrograman\Website\project-one\system\Commands\Server\rewrite.php(43): require_once('D:\\Pemrograman\\...')
#14 {main}
CRITICAL - 2022-04-11 11:26:24 --> session_destroy(): Trying to destroy uninitialized session
#0 [internal function]: CodeIgniter\Debug\Exceptions->errorHandler(2, 'session_destroy...', 'D:\\Pemrograman\\...', 32)
#1 D:\Pemrograman\Website\project-one\app\Controllers\Useraccountapi.php(32): session_destroy()
#2 D:\Pemrograman\Website\project-one\system\CodeIgniter.php(832): App\Controllers\Useraccountapi->signIn()
#3 D:\Pemrograman\Website\project-one\system\CodeIgniter.php(419): CodeIgniter\CodeIgniter->runController(Object(App\Controllers\Useraccountapi))
#4 D:\Pemrograman\Website\project-one\system\CodeIgniter.php(326): CodeIgniter\CodeIgniter->handleRequest(NULL, Object(Config\Cache), false)
#5 D:\Pemrograman\Website\project-one\public\index.php(37): CodeIgniter\CodeIgniter->run()
#6 D:\Pemrograman\Website\project-one\system\Commands\Server\rewrite.php(43): require_once('D:\\Pemrograman\\...')
#7 {main}
CRITICAL - 2022-04-11 11:34:01 --> session_start(): Ignoring session_start() because a session is already active
#0 [internal function]: CodeIgniter\Debug\Exceptions->errorHandler(8, 'session_start()...', 'D:\\Pemrograman\\...', 34)
#1 D:\Pemrograman\Website\project-one\app\Controllers\Useraccountapi.php(34): session_start()
#2 D:\Pemrograman\Website\project-one\system\CodeIgniter.php(832): App\Controllers\Useraccountapi->signIn()
#3 D:\Pemrograman\Website\project-one\system\CodeIgniter.php(419): CodeIgniter\CodeIgniter->runController(Object(App\Controllers\Useraccountapi))
#4 D:\Pemrograman\Website\project-one\system\CodeIgniter.php(326): CodeIgniter\CodeIgniter->handleRequest(NULL, Object(Config\Cache), false)
#5 D:\Pemrograman\Website\project-one\public\index.php(37): CodeIgniter\CodeIgniter->run()
#6 D:\Pemrograman\Website\project-one\system\Commands\Server\rewrite.php(43): require_once('D:\\Pemrograman\\...')
#7 {main}
CRITICAL - 2022-04-11 11:51:06 --> session_unset() expects exactly 0 arguments, 1 given
#0 D:\Pemrograman\Website\project-one\app\Controllers\Useraccountapi.php(34): session_unset('logged_in')
#1 D:\Pemrograman\Website\project-one\system\CodeIgniter.php(832): App\Controllers\Useraccountapi->signIn()
#2 D:\Pemrograman\Website\project-one\system\CodeIgniter.php(419): CodeIgniter\CodeIgniter->runController(Object(App\Controllers\Useraccountapi))
#3 D:\Pemrograman\Website\project-one\system\CodeIgniter.php(326): CodeIgniter\CodeIgniter->handleRequest(NULL, Object(Config\Cache), false)
#4 D:\Pemrograman\Website\project-one\public\index.php(37): CodeIgniter\CodeIgniter->run()
#5 D:\Pemrograman\Website\project-one\system\Commands\Server\rewrite.php(43): require_once('D:\\Pemrograman\\...')
#6 {main}
